[ 2017-12-27T08:40:32+08:00 ] 111.204.81.227 /payget.php
INFO: [ app_begin ] --START--
INFO: Run Behavior\ReadHtmlCacheBehavior [ RunTime:0.000020s ]
INFO: [ app_begin ] --END-- [ RunTime:0.000049s ]
NOTIC: [8] A session had already been started - ignoring session_start() /home/wwwroot/newduobao/ThinkPHP/Common/functions.php 第 1243 行.
NOTIC: [8] Undefined index: onethink_home /home/wwwroot/newduobao/Ewshop/Payget/Controller/IndexController.class.php 第 36 行.
NOTIC: [8] Undefined index: onethink_admin /home/wwwroot/newduobao/Ewshop/Payget/Controller/IndexController.class.php 第 36 行.

[ 2017-12-27T08:40:32+08:00 ] 111.204.81.227 /payget.php?s=/User/register.html
INFO: [ app_begin ] --START--
INFO: Run Behavior\ReadHtmlCacheBehavior [ RunTime:0.000016s ]
INFO: [ app_begin ] --END-- [ RunTime:0.000041s ]
NOTIC: [8] A session had already been started - ignoring session_start() /home/wwwroot/newduobao/ThinkPHP/Common/functions.php 第 1243 行.
NOTIC: [8] Undefined index: user_brand /home/wwwroot/newduobao/Ewshop/Payget/Controller/ControlController.class.php 第 25 行.
SQL: SHOW COLUMNS FROM `ewshop_menu` [ RunTime:0.0006s ]
SQL: SELECT `id`,`title`,`url` FROM `ewshop_menu` WHERE `pid` = 0 AND `hide` = 0 AND `is_dev` = 0 ORDER BY sort asc  [ RunTime:0.0003s ]
SQL: SELECT `pid` FROM `ewshop_menu` WHERE ( pid !=0 AND url like '%User/register%' ) LIMIT 1   [ RunTime:0.0006s ]
INFO: [ view_parse ] --START--
INFO: [ template_filter ] --START--
INFO: Run Behavior\ContentReplaceBehavior [ RunTime:0.000062s ]
INFO: [ template_filter ] --END-- [ RunTime:0.000080s ]
INFO: Run Behavior\ParseTemplateBehavior [ RunTime:0.001103s ]
INFO: [ view_parse ] --END-- [ RunTime:0.001122s ]
INFO: [ view_filter ] --START--
INFO: Run Behavior\WriteHtmlCacheBehavior [ RunTime:0.000025s ]
INFO: [ view_filter ] --END-- [ RunTime:0.000035s ]
INFO: [ app_end ] --START--
INFO: Run Behavior\ShowPageTraceBehavior [ RunTime:0.000018s ]
INFO: [ app_end ] --END-- [ RunTime:0.000026s ]

[ 2017-12-27T08:40:41+08:00 ] 111.204.81.227 /payget.php?s=/User/sendphone.html
INFO: [ app_begin ] --START--
INFO: Run Behavior\ReadHtmlCacheBehavior [ RunTime:0.000019s ]
INFO: [ app_begin ] --END-- [ RunTime:0.000048s ]
NOTIC: [8] A session had already been started - ignoring session_start() /home/wwwroot/newduobao/ThinkPHP/Common/functions.php 第 1243 行.
NOTIC: [8] Undefined index: user_brand /home/wwwroot/newduobao/Ewshop/Payget/Controller/ControlController.class.php 第 25 行.
SQL: SHOW COLUMNS FROM `ewshop_menu` [ RunTime:0.0007s ]
SQL: SELECT `id`,`title`,`url` FROM `ewshop_menu` WHERE `pid` = 0 AND `hide` = 0 AND `is_dev` = 0 ORDER BY sort asc  [ RunTime:0.0003s ]
SQL: SELECT `pid` FROM `ewshop_menu` WHERE ( pid !=0 AND url like '%User/sendphone%' ) LIMIT 1   [ RunTime:0.0006s ]
NOTIC: [8] Undefined index: oldphone /home/wwwroot/newduobao/Ewshop/Payget/Controller/UserController.class.php 第 255 行.
NOTIC: [8] curl_setopt(): CURLOPT_SSL_VERIFYHOST no longer accepts the value 1, value 2 will be used instead /home/wwwroot/newduobao/ThinkPHP/Library/Vendor/Sms/Sms.php 第 82 行.
SQL: SHOW COLUMNS FROM `ewshop_verification` [ RunTime:0.0010s ]
SQL: SHOW COLUMNS FROM `ewshop_member` [ RunTime:0.0006s ]
SQL: INSERT INTO `ewshop_verification` (`mobile`,`create_time`,`status`) VALUES ('13801187546','1514335241','1') [ RunTime:0.0002s ]
SQL: SHOW COLUMNS FROM `ewshop_sms` [ RunTime:0.0006s ]
SQL: INSERT INTO `ewshop_sms` (`mobile`,`content`,`create_time`,`group`) VALUES ('13801187546','您的短信验证码为：8979，有效期一小时。【千亩阳光】','1514335241','1') [ RunTime:0.0002s ]

[ 2017-12-27T08:41:31+08:00 ] 120.204.17.69 /payget.php?s=/User/register.html
INFO: [ app_begin ] --START--
INFO: Run Behavior\ReadHtmlCacheBehavior [ RunTime:0.000020s ]
INFO: [ app_begin ] --END-- [ RunTime:0.000050s ]
NOTIC: [8] A session had already been started - ignoring session_start() /home/wwwroot/newduobao/ThinkPHP/Common/functions.php 第 1243 行.
NOTIC: [8] Undefined index: user_brand /home/wwwroot/newduobao/Ewshop/Payget/Controller/ControlController.class.php 第 25 行.
SQL: SHOW COLUMNS FROM `ewshop_menu` [ RunTime:0.0008s ]
SQL: SELECT `id`,`title`,`url` FROM `ewshop_menu` WHERE `pid` = 0 AND `hide` = 0 AND `is_dev` = 0 ORDER BY sort asc  [ RunTime:0.0004s ]
SQL: SELECT `pid` FROM `ewshop_menu` WHERE ( pid !=0 AND url like '%User/register%' ) LIMIT 1   [ RunTime:0.0008s ]
INFO: [ view_parse ] --START--
INFO: [ template_filter ] --START--
INFO: Run Behavior\ContentReplaceBehavior [ RunTime:0.000073s ]
INFO: [ template_filter ] --END-- [ RunTime:0.000097s ]
INFO: Run Behavior\ParseTemplateBehavior [ RunTime:0.001415s ]
INFO: [ view_parse ] --END-- [ RunTime:0.001438s ]
INFO: [ view_filter ] --START--
INFO: Run Behavior\WriteHtmlCacheBehavior [ RunTime:0.000027s ]
INFO: [ view_filter ] --END-- [ RunTime:0.000036s ]
INFO: [ app_end ] --START--
INFO: Run Behavior\ShowPageTraceBehavior [ RunTime:0.000020s ]
INFO: [ app_end ] --END-- [ RunTime:0.000029s ]

[ 2017-12-27T08:41:59+08:00 ] 111.204.81.227 /payget.php?s=/User/checkphone.html
INFO: [ app_begin ] --START--
INFO: Run Behavior\ReadHtmlCacheBehavior [ RunTime:0.000019s ]
INFO: [ app_begin ] --END-- [ RunTime:0.000047s ]
NOTIC: [8] A session had already been started - ignoring session_start() /home/wwwroot/newduobao/ThinkPHP/Common/functions.php 第 1243 行.
NOTIC: [8] Undefined index: user_brand /home/wwwroot/newduobao/Ewshop/Payget/Controller/ControlController.class.php 第 25 行.
SQL: SHOW COLUMNS FROM `ewshop_menu` [ RunTime:0.0007s ]
SQL: SELECT `id`,`title`,`url` FROM `ewshop_menu` WHERE `pid` = 0 AND `hide` = 0 AND `is_dev` = 0 ORDER BY sort asc  [ RunTime:0.0003s ]
SQL: SELECT `pid` FROM `ewshop_menu` WHERE ( pid !=0 AND url like '%User/checkphone%' ) LIMIT 1   [ RunTime:0.0006s ]

[ 2017-12-27T08:42:00+08:00 ] 111.204.81.227 /payget.php?s=/User/checkphone.html
INFO: [ app_begin ] --START--
INFO: Run Behavior\ReadHtmlCacheBehavior [ RunTime:0.000020s ]
INFO: [ app_begin ] --END-- [ RunTime:0.000054s ]
NOTIC: [8] A session had already been started - ignoring session_start() /home/wwwroot/newduobao/ThinkPHP/Common/functions.php 第 1243 行.
NOTIC: [8] Undefined index: user_brand /home/wwwroot/newduobao/Ewshop/Payget/Controller/ControlController.class.php 第 25 行.
SQL: SHOW COLUMNS FROM `ewshop_menu` [ RunTime:0.0006s ]
SQL: SELECT `id`,`title`,`url` FROM `ewshop_menu` WHERE `pid` = 0 AND `hide` = 0 AND `is_dev` = 0 ORDER BY sort asc  [ RunTime:0.0003s ]
SQL: SELECT `pid` FROM `ewshop_menu` WHERE ( pid !=0 AND url like '%User/checkphone%' ) LIMIT 1   [ RunTime:0.0006s ]

[ 2017-12-27T08:42:00+08:00 ] 111.204.81.227 /payget.php?s=/User/checkphone.html
INFO: [ app_begin ] --START--
INFO: Run Behavior\ReadHtmlCacheBehavior [ RunTime:0.000015s ]
INFO: [ app_begin ] --END-- [ RunTime:0.000041s ]
NOTIC: [8] A session had already been started - ignoring session_start() /home/wwwroot/newduobao/ThinkPHP/Common/functions.php 第 1243 行.
NOTIC: [8] Undefined index: user_brand /home/wwwroot/newduobao/Ewshop/Payget/Controller/ControlController.class.php 第 25 行.
SQL: SHOW COLUMNS FROM `ewshop_menu` [ RunTime:0.0008s ]
SQL: SELECT `id`,`title`,`url` FROM `ewshop_menu` WHERE `pid` = 0 AND `hide` = 0 AND `is_dev` = 0 ORDER BY sort asc  [ RunTime:0.0004s ]
SQL: SELECT `pid` FROM `ewshop_menu` WHERE ( pid !=0 AND url like '%User/checkphone%' ) LIMIT 1   [ RunTime:0.0010s ]

[ 2017-12-27T08:42:00+08:00 ] 111.204.81.227 /payget.php?s=/User/checkphone.html
INFO: [ app_begin ] --START--
INFO: Run Behavior\ReadHtmlCacheBehavior [ RunTime:0.000016s ]
INFO: [ app_begin ] --END-- [ RunTime:0.000043s ]
NOTIC: [8] A session had already been started - ignoring session_start() /home/wwwroot/newduobao/ThinkPHP/Common/functions.php 第 1243 行.
NOTIC: [8] Undefined index: user_brand /home/wwwroot/newduobao/Ewshop/Payget/Controller/ControlController.class.php 第 25 行.
SQL: SHOW COLUMNS FROM `ewshop_menu` [ RunTime:0.0006s ]
SQL: SELECT `id`,`title`,`url` FROM `ewshop_menu` WHERE `pid` = 0 AND `hide` = 0 AND `is_dev` = 0 ORDER BY sort asc  [ RunTime:0.0003s ]
SQL: SELECT `pid` FROM `ewshop_menu` WHERE ( pid !=0 AND url like '%User/checkphone%' ) LIMIT 1   [ RunTime:0.0006s ]

[ 2017-12-27T08:42:03+08:00 ] 111.204.81.227 /payget.php?s=/User/register.html
INFO: [ app_begin ] --START--
INFO: Run Behavior\ReadHtmlCacheBehavior [ RunTime:0.000024s ]
INFO: [ app_begin ] --END-- [ RunTime:0.000065s ]
NOTIC: [8] A session had already been started - ignoring session_start() /home/wwwroot/newduobao/ThinkPHP/Common/functions.php 第 1243 行.
NOTIC: [8] Undefined index: user_brand /home/wwwroot/newduobao/Ewshop/Payget/Controller/ControlController.class.php 第 25 行.
SQL: SHOW COLUMNS FROM `ewshop_menu` [ RunTime:0.0006s ]
SQL: SELECT `id`,`title`,`url` FROM `ewshop_menu` WHERE `pid` = 0 AND `hide` = 0 AND `is_dev` = 0 ORDER BY sort asc  [ RunTime:0.0003s ]
SQL: SELECT `pid` FROM `ewshop_menu` WHERE ( pid !=0 AND url like '%User/register%' ) LIMIT 1   [ RunTime:0.0006s ]
SQL: SHOW COLUMNS FROM `ewshop_ucenter_member` [ RunTime:0.0004s ]
SQL: SELECT * FROM `ewshop_ucenter_member` WHERE ( username = 13801187546 ) LIMIT 1   [ RunTime:0.0002s ]
SQL: SHOW COLUMNS FROM `ewshop_member` [ RunTime:0.0005s ]
SQL: SELECT `uid`,`openid`,`find_code`,`nickname`,`headimgurl`,`account`,`paykey`,`sex`,`birthday`,`realname`,`score`,`login`,`reg_ip`,`reg_time`,`last_login_ip`,`last_login_time`,`status`,`root_id`,`parent_id`,`branding_id`,`ewm` FROM `ewshop_member` WHERE `uid` = 1 LIMIT 1   [ RunTime:0.0002s ]
SQL: SHOW COLUMNS FROM `ewshop_action` [ RunTime:0.0004s ]
SQL: SELECT * FROM `ewshop_action` WHERE `name` = 'user_login' LIMIT 1   [ RunTime:0.0001s ]
SQL: UPDATE `ewshop_member` SET `login`=`login`+1,`last_login_time`='1514335323',`last_login_ip`='1875661283' WHERE `uid` = 1 [ RunTime:0.0002s ]
INFO: [ view_parse ] --START--
INFO: [ template_filter ] --START--
INFO: Run Behavior\ContentReplaceBehavior [ RunTime:0.000067s ]
INFO: [ template_filter ] --END-- [ RunTime:0.000087s ]
INFO: Run Behavior\ParseTemplateBehavior [ RunTime:0.001229s ]
INFO: [ view_parse ] --END-- [ RunTime:0.001248s ]
INFO: [ view_filter ] --START--
INFO: Run Behavior\WriteHtmlCacheBehavior [ RunTime:0.000046s ]
INFO: [ view_filter ] --END-- [ RunTime:0.000057s ]
INFO: [ app_end ] --START--
INFO: Run Behavior\ShowPageTraceBehavior [ RunTime:0.000017s ]
INFO: [ app_end ] --END-- [ RunTime:0.000025s ]

[ 2017-12-27T08:42:03+08:00 ] 111.204.81.227 /payget.php?s=/Index/index.html
INFO: [ app_begin ] --START--
INFO: Run Behavior\ReadHtmlCacheBehavior [ RunTime:0.000017s ]
INFO: [ app_begin ] --END-- [ RunTime:0.000043s ]
NOTIC: [8] A session had already been started - ignoring session_start() /home/wwwroot/newduobao/ThinkPHP/Common/functions.php 第 1243 行.
NOTIC: [8] Undefined index: onethink_home /home/wwwroot/newduobao/Ewshop/Payget/Controller/IndexController.class.php 第 36 行.
SQL: SHOW COLUMNS FROM `ewshop_win_exchange` [ RunTime:0.0009s ]
SQL: SELECT `goods_id` FROM `ewshop_win_exchange` WHERE `uid` = '1' AND `is_exchange` = 0 AND `exchange_number` <> ''  [ RunTime:0.0004s ]
SQL: SELECT `id`,`uid`,`order_id`,`goods_id`,`exchange_number`,`buy_num` FROM `ewshop_win_exchange` WHERE `uid` = '1' AND `is_exchange` = 0 AND `exchange_number` <> ''  [ RunTime:0.0002s ]
NOTIC: [8] Undefined variable: shiji /home/wwwroot/newduobao/Ewshop/Payget/Controller/IndexController.class.php 第 95 行.
NOTIC: [8] Undefined variable: arrcode /home/wwwroot/newduobao/Ewshop/Payget/Controller/IndexController.class.php 第 95 行.
NOTIC: [8] Undefined variable: ex_tot /home/wwwroot/newduobao/Ewshop/Payget/Controller/IndexController.class.php 第 95 行.
SQL: SHOW COLUMNS FROM `ewshop_account` [ RunTime:0.0006s ]
SQL: SELECT `id`,`card_no`,`bankname`,`username` FROM `ewshop_account` WHERE ( status= 1 and flag = 1 )  [ RunTime:0.0002s ]
SQL: SELECT * FROM `ewshop_account` WHERE `defaultcard` = 1 AND `uid` = '1' LIMIT 1   [ RunTime:0.0002s ]
INFO: [ view_parse ] --START--
INFO: [ template_filter ] --START--
INFO: Run Behavior\ContentReplaceBehavior [ RunTime:0.000094s ]
INFO: [ template_filter ] --END-- [ RunTime:0.000121s ]
NOTIC: [8] Use of undefined constant doorder - assumed 'doorder' /home/wwwroot/newduobao/Runtime/Cache/Payget/c0d1da84eea4bdbfb18d8df3302be57c.php 第 42 行.
NOTIC: [8] Undefined variable: style /home/wwwroot/newduobao/Runtime/Cache/Payget/c0d1da84eea4bdbfb18d8df3302be57c.php 第 134 行.
NOTIC: [8] Undefined variable: sytlec /home/wwwroot/newduobao/Runtime/Cache/Payget/c0d1da84eea4bdbfb18d8df3302be57c.php 第 135 行.
NOTIC: [8] Undefined variable: sytler /home/wwwroot/newduobao/Runtime/Cache/Payget/c0d1da84eea4bdbfb18d8df3302be57c.php 第 143 行.
INFO: Run Behavior\ParseTemplateBehavior [ RunTime:0.002652s ]
INFO: [ view_parse ] --END-- [ RunTime:0.002667s ]
INFO: [ view_filter ] --START--
INFO: Run Behavior\WriteHtmlCacheBehavior [ RunTime:0.000022s ]
INFO: [ view_filter ] --END-- [ RunTime:0.000031s ]
INFO: [ app_end ] --START--
INFO: Run Behavior\ShowPageTraceBehavior [ RunTime:0.000028s ]
INFO: [ app_end ] --END-- [ RunTime:0.000049s ]

[ 2017-12-27T08:42:30+08:00 ] 111.204.81.227 /payget.php?s=/Index/cardlist.html
INFO: [ app_begin ] --START--
INFO: Run Behavior\ReadHtmlCacheBehavior [ RunTime:0.000020s ]
INFO: [ app_begin ] --END-- [ RunTime:0.000051s ]
NOTIC: [8] A session had already been started - ignoring session_start() /home/wwwroot/newduobao/ThinkPHP/Common/functions.php 第 1243 行.
NOTIC: [8] Undefined index: onethink_home /home/wwwroot/newduobao/Ewshop/Payget/Controller/IndexController.class.php 第 36 行.
SQL: SHOW COLUMNS FROM `ewshop_account` [ RunTime:0.0008s ]
SQL: SELECT `id`,`card_no`,`bankname` FROM `ewshop_account` WHERE ( status=1 and uid =1 )  [ RunTime:0.0003s ]
INFO: [ view_parse ] --START--
INFO: [ template_filter ] --START--
INFO: Run Behavior\ContentReplaceBehavior [ RunTime:0.000077s ]
INFO: [ template_filter ] --END-- [ RunTime:0.000095s ]
NOTIC: [8] Use of undefined constant bindcard - assumed 'bindcard' /home/wwwroot/newduobao/Runtime/Cache/Payget/c814b39f03112b443c5bca992087b5d3.php 第 58 行.
NOTIC: [8] Undefined variable: sytlei /home/wwwroot/newduobao/Runtime/Cache/Payget/c814b39f03112b443c5bca992087b5d3.php 第 135 行.
NOTIC: [8] Undefined variable: style /home/wwwroot/newduobao/Runtime/Cache/Payget/c814b39f03112b443c5bca992087b5d3.php 第 142 行.
NOTIC: [8] Undefined variable: sytler /home/wwwroot/newduobao/Runtime/Cache/Payget/c814b39f03112b443c5bca992087b5d3.php 第 151 行.
INFO: Run Behavior\ParseTemplateBehavior [ RunTime:0.002397s ]
INFO: [ view_parse ] --END-- [ RunTime:0.002412s ]
INFO: [ view_filter ] --START--
INFO: Run Behavior\WriteHtmlCacheBehavior [ RunTime:0.000026s ]
INFO: [ view_filter ] --END-- [ RunTime:0.000035s ]
INFO: [ app_end ] --START--
INFO: Run Behavior\ShowPageTraceBehavior [ RunTime:0.000036s ]
INFO: [ app_end ] --END-- [ RunTime:0.000050s ]

[ 2017-12-27T08:42:34+08:00 ] 111.204.81.227 /payget.php
INFO: [ app_begin ] --START--
INFO: Run Behavior\ReadHtmlCacheBehavior [ RunTime:0.000020s ]
INFO: [ app_begin ] --END-- [ RunTime:0.000049s ]
NOTIC: [8] A session had already been started - ignoring session_start() /home/wwwroot/newduobao/ThinkPHP/Common/functions.php 第 1243 行.
NOTIC: [8] Undefined index: onethink_home /home/wwwroot/newduobao/Ewshop/Payget/Controller/IndexController.class.php 第 36 行.
SQL: SHOW COLUMNS FROM `ewshop_win_exchange` [ RunTime:0.0007s ]
SQL: SELECT `goods_id` FROM `ewshop_win_exchange` WHERE `uid` = '1' AND `is_exchange` = 0 AND `exchange_number` <> ''  [ RunTime:0.0004s ]
SQL: SELECT `id`,`uid`,`order_id`,`goods_id`,`exchange_number`,`buy_num` FROM `ewshop_win_exchange` WHERE `uid` = '1' AND `is_exchange` = 0 AND `exchange_number` <> ''  [ RunTime:0.0002s ]
NOTIC: [8] Undefined variable: shiji /home/wwwroot/newduobao/Ewshop/Payget/Controller/IndexController.class.php 第 95 行.
NOTIC: [8] Undefined variable: arrcode /home/wwwroot/newduobao/Ewshop/Payget/Controller/IndexController.class.php 第 95 行.
NOTIC: [8] Undefined variable: ex_tot /home/wwwroot/newduobao/Ewshop/Payget/Controller/IndexController.class.php 第 95 行.
SQL: SHOW COLUMNS FROM `ewshop_account` [ RunTime:0.0006s ]
SQL: SELECT `id`,`card_no`,`bankname`,`username` FROM `ewshop_account` WHERE ( status= 1 and flag = 1 )  [ RunTime:0.0002s ]
SQL: SELECT * FROM `ewshop_account` WHERE `defaultcard` = 1 AND `uid` = '1' LIMIT 1   [ RunTime:0.0002s ]
INFO: [ view_parse ] --START--
INFO: [ template_filter ] --START--
INFO: Run Behavior\ContentReplaceBehavior [ RunTime:0.000079s ]
INFO: [ template_filter ] --END-- [ RunTime:0.000098s ]
NOTIC: [8] Use of undefined constant doorder - assumed 'doorder' /home/wwwroot/newduobao/Runtime/Cache/Payget/c0d1da84eea4bdbfb18d8df3302be57c.php 第 42 行.
NOTIC: [8] Undefined variable: style /home/wwwroot/newduobao/Runtime/Cache/Payget/c0d1da84eea4bdbfb18d8df3302be57c.php 第 134 行.
NOTIC: [8] Undefined variable: sytlec /home/wwwroot/newduobao/Runtime/Cache/Payget/c0d1da84eea4bdbfb18d8df3302be57c.php 第 135 行.
NOTIC: [8] Undefined variable: sytler /home/wwwroot/newduobao/Runtime/Cache/Payget/c0d1da84eea4bdbfb18d8df3302be57c.php 第 143 行.
INFO: Run Behavior\ParseTemplateBehavior [ RunTime:0.002377s ]
INFO: [ view_parse ] --END-- [ RunTime:0.002393s ]
INFO: [ view_filter ] --START--
INFO: Run Behavior\WriteHtmlCacheBehavior [ RunTime:0.000026s ]
INFO: [ view_filter ] --END-- [ RunTime:0.000036s ]
INFO: [ app_end ] --START--
INFO: Run Behavior\ShowPageTraceBehavior [ RunTime:0.000021s ]
INFO: [ app_end ] --END-- [ RunTime:0.000033s ]

[ 2017-12-27T08:42:35+08:00 ] 111.204.81.227 /payget.php?s=/Index/cardlist.html
INFO: [ app_begin ] --START--
INFO: Run Behavior\ReadHtmlCacheBehavior [ RunTime:0.000017s ]
INFO: [ app_begin ] --END-- [ RunTime:0.000042s ]
NOTIC: [8] A session had already been started - ignoring session_start() /home/wwwroot/newduobao/ThinkPHP/Common/functions.php 第 1243 行.
NOTIC: [8] Undefined index: onethink_home /home/wwwroot/newduobao/Ewshop/Payget/Controller/IndexController.class.php 第 36 行.
SQL: SHOW COLUMNS FROM `ewshop_account` [ RunTime:0.0006s ]
SQL: SELECT `id`,`card_no`,`bankname` FROM `ewshop_account` WHERE ( status=1 and uid =1 )  [ RunTime:0.0002s ]
INFO: [ view_parse ] --START--
INFO: [ template_filter ] --START--
INFO: Run Behavior\ContentReplaceBehavior [ RunTime:0.000099s ]
INFO: [ template_filter ] --END-- [ RunTime:0.000119s ]
NOTIC: [8] Use of undefined constant bindcard - assumed 'bindcard' /home/wwwroot/newduobao/Runtime/Cache/Payget/c814b39f03112b443c5bca992087b5d3.php 第 58 行.
NOTIC: [8] Undefined variable: sytlei /home/wwwroot/newduobao/Runtime/Cache/Payget/c814b39f03112b443c5bca992087b5d3.php 第 135 行.
NOTIC: [8] Undefined variable: style /home/wwwroot/newduobao/Runtime/Cache/Payget/c814b39f03112b443c5bca992087b5d3.php 第 142 行.
NOTIC: [8] Undefined variable: sytler /home/wwwroot/newduobao/Runtime/Cache/Payget/c814b39f03112b443c5bca992087b5d3.php 第 151 行.
INFO: Run Behavior\ParseTemplateBehavior [ RunTime:0.002336s ]
INFO: [ view_parse ] --END-- [ RunTime:0.002351s ]
INFO: [ view_filter ] --START--
INFO: Run Behavior\WriteHtmlCacheBehavior [ RunTime:0.000021s ]
INFO: [ view_filter ] --END-- [ RunTime:0.000030s ]
INFO: [ app_end ] --START--
INFO: Run Behavior\ShowPageTraceBehavior [ RunTime:0.000017s ]
INFO: [ app_end ] --END-- [ RunTime:0.000027s ]

[ 2017-12-27T08:42:36+08:00 ] 111.204.81.227 /payget.php?s=/Index/bindcard.html
INFO: [ app_begin ] --START--
INFO: Run Behavior\ReadHtmlCacheBehavior [ RunTime:0.000016s ]
INFO: [ app_begin ] --END-- [ RunTime:0.000042s ]
NOTIC: [8] A session had already been started - ignoring session_start() /home/wwwroot/newduobao/ThinkPHP/Common/functions.php 第 1243 行.
NOTIC: [8] Undefined index: onethink_home /home/wwwroot/newduobao/Ewshop/Payget/Controller/IndexController.class.php 第 36 行.
INFO: [ view_parse ] --START--
INFO: [ template_filter ] --START--
INFO: Run Behavior\ContentReplaceBehavior [ RunTime:0.000080s ]
INFO: [ template_filter ] --END-- [ RunTime:0.000096s ]
NOTIC: [8] Use of undefined constant bindcard - assumed 'bindcard' /home/wwwroot/newduobao/Runtime/Cache/Payget/6d6e757f0e99e8ebd84bb445c58b53a9.php 第 42 行.
NOTIC: [8] Use of undefined constant selectcard - assumed 'selectcard' /home/wwwroot/newduobao/Runtime/Cache/Payget/6d6e757f0e99e8ebd84bb445c58b53a9.php 第 161 行.
INFO: Run Behavior\ParseTemplateBehavior [ RunTime:0.001783s ]
INFO: [ view_parse ] --END-- [ RunTime:0.001798s ]
INFO: [ view_filter ] --START--
INFO: Run Behavior\WriteHtmlCacheBehavior [ RunTime:0.000019s ]
INFO: [ view_filter ] --END-- [ RunTime:0.000028s ]
INFO: [ app_end ] --START--
INFO: Run Behavior\ShowPageTraceBehavior [ RunTime:0.000016s ]
INFO: [ app_end ] --END-- [ RunTime:0.000026s ]

[ 2017-12-27T08:43:30+08:00 ] 120.204.17.67 /payget.php?s=/Index/cardlist.html
INFO: [ app_begin ] --START--
INFO: Run Behavior\ReadHtmlCacheBehavior [ RunTime:0.000027s ]
INFO: [ app_begin ] --END-- [ RunTime:0.000066s ]
NOTIC: [8] A session had already been started - ignoring session_start() /home/wwwroot/newduobao/ThinkPHP/Common/functions.php 第 1243 行.
NOTIC: [8] Undefined index: onethink_home /home/wwwroot/newduobao/Ewshop/Payget/Controller/IndexController.class.php 第 36 行.
NOTIC: [8] Undefined index: onethink_admin /home/wwwroot/newduobao/Ewshop/Payget/Controller/IndexController.class.php 第 36 行.

[ 2017-12-27T08:43:31+08:00 ] 120.204.17.67 /payget.php?s=/User/register.html
INFO: [ app_begin ] --START--
INFO: Run Behavior\ReadHtmlCacheBehavior [ RunTime:0.000016s ]
INFO: [ app_begin ] --END-- [ RunTime:0.000040s ]
NOTIC: [8] A session had already been started - ignoring session_start() /home/wwwroot/newduobao/ThinkPHP/Common/functions.php 第 1243 行.
NOTIC: [8] Undefined index: user_brand /home/wwwroot/newduobao/Ewshop/Payget/Controller/ControlController.class.php 第 25 行.
SQL: SHOW COLUMNS FROM `ewshop_menu` [ RunTime:0.0006s ]
SQL: SELECT `id`,`title`,`url` FROM `ewshop_menu` WHERE `pid` = 0 AND `hide` = 0 AND `is_dev` = 0 ORDER BY sort asc  [ RunTime:0.0003s ]
SQL: SELECT `pid` FROM `ewshop_menu` WHERE ( pid !=0 AND url like '%User/register%' ) LIMIT 1   [ RunTime:0.0006s ]
INFO: [ view_parse ] --START--
INFO: [ template_filter ] --START--
INFO: Run Behavior\ContentReplaceBehavior [ RunTime:0.000063s ]
INFO: [ template_filter ] --END-- [ RunTime:0.000081s ]
INFO: Run Behavior\ParseTemplateBehavior [ RunTime:0.001153s ]
INFO: [ view_parse ] --END-- [ RunTime:0.001172s ]
INFO: [ view_filter ] --START--
INFO: Run Behavior\WriteHtmlCacheBehavior [ RunTime:0.000028s ]
INFO: [ view_filter ] --END-- [ RunTime:0.000037s ]
INFO: [ app_end ] --START--
INFO: Run Behavior\ShowPageTraceBehavior [ RunTime:0.000020s ]
INFO: [ app_end ] --END-- [ RunTime:0.000029s ]

[ 2017-12-27T08:43:36+08:00 ] 120.204.17.73 /payget.php?s=/Index/bindcard.html
INFO: [ app_begin ] --START--
INFO: Run Behavior\ReadHtmlCacheBehavior [ RunTime:0.000021s ]
INFO: [ app_begin ] --END-- [ RunTime:0.000052s ]
NOTIC: [8] A session had already been started - ignoring session_start() /home/wwwroot/newduobao/ThinkPHP/Common/functions.php 第 1243 行.
NOTIC: [8] Undefined index: onethink_home /home/wwwroot/newduobao/Ewshop/Payget/Controller/IndexController.class.php 第 36 行.
NOTIC: [8] Undefined index: onethink_admin /home/wwwroot/newduobao/Ewshop/Payget/Controller/IndexController.class.php 第 36 行.

[ 2017-12-27T08:43:36+08:00 ] 120.204.17.73 /payget.php?s=/User/register.html
INFO: [ app_begin ] --START--
INFO: Run Behavior\ReadHtmlCacheBehavior [ RunTime:0.000017s ]
INFO: [ app_begin ] --END-- [ RunTime:0.000044s ]
NOTIC: [8] A session had already been started - ignoring session_start() /home/wwwroot/newduobao/ThinkPHP/Common/functions.php 第 1243 行.
NOTIC: [8] Undefined index: user_brand /home/wwwroot/newduobao/Ewshop/Payget/Controller/ControlController.class.php 第 25 行.
SQL: SHOW COLUMNS FROM `ewshop_menu` [ RunTime:0.0006s ]
SQL: SELECT `id`,`title`,`url` FROM `ewshop_menu` WHERE `pid` = 0 AND `hide` = 0 AND `is_dev` = 0 ORDER BY sort asc  [ RunTime:0.0003s ]
SQL: SELECT `pid` FROM `ewshop_menu` WHERE ( pid !=0 AND url like '%User/register%' ) LIMIT 1   [ RunTime:0.0006s ]
INFO: [ view_parse ] --START--
INFO: [ template_filter ] --START--
INFO: Run Behavior\ContentReplaceBehavior [ RunTime:0.000064s ]
INFO: [ template_filter ] --END-- [ RunTime:0.000081s ]
INFO: Run Behavior\ParseTemplateBehavior [ RunTime:0.001148s ]
INFO: [ view_parse ] --END-- [ RunTime:0.001166s ]
INFO: [ view_filter ] --START--
INFO: Run Behavior\WriteHtmlCacheBehavior [ RunTime:0.000030s ]
INFO: [ view_filter ] --END-- [ RunTime:0.000057s ]
INFO: [ app_end ] --START--
INFO: Run Behavior\ShowPageTraceBehavior [ RunTime:0.000019s ]
INFO: [ app_end ] --END-- [ RunTime:0.000029s ]

[ 2017-12-27T08:46:13+08:00 ] 111.204.81.227 /payget.php
INFO: [ app_begin ] --START--
INFO: Run Behavior\ReadHtmlCacheBehavior [ RunTime:0.000019s ]
INFO: [ app_begin ] --END-- [ RunTime:0.000047s ]
NOTIC: [8] A session had already been started - ignoring session_start() /home/wwwroot/newduobao/ThinkPHP/Common/functions.php 第 1243 行.
SQL: SHOW COLUMNS FROM `ewshop_win_exchange` [ RunTime:0.0006s ]
SQL: SELECT `goods_id` FROM `ewshop_win_exchange` WHERE `uid` = '4' AND `is_exchange` = 0 AND `exchange_number` <> ''  [ RunTime:0.0003s ]
SQL: SELECT `id`,`uid`,`order_id`,`goods_id`,`exchange_number`,`buy_num` FROM `ewshop_win_exchange` WHERE `uid` = '4' AND `is_exchange` = 0 AND `exchange_number` <> ''  [ RunTime:0.0002s ]
NOTIC: [8] Undefined variable: shiji /home/wwwroot/newduobao/Ewshop/Payget/Controller/IndexController.class.php 第 95 行.
NOTIC: [8] Undefined variable: arrcode /home/wwwroot/newduobao/Ewshop/Payget/Controller/IndexController.class.php 第 95 行.
NOTIC: [8] Undefined variable: ex_tot /home/wwwroot/newduobao/Ewshop/Payget/Controller/IndexController.class.php 第 95 行.
SQL: SHOW COLUMNS FROM `ewshop_account` [ RunTime:0.0004s ]
SQL: SELECT `id`,`card_no`,`bankname`,`username` FROM `ewshop_account` WHERE ( status= 1 and flag = 1 )  [ RunTime:0.0001s ]
SQL: SELECT * FROM `ewshop_account` WHERE `defaultcard` = 1 AND `uid` = '4' LIMIT 1   [ RunTime:0.0002s ]
INFO: [ view_parse ] --START--
INFO: [ template_filter ] --START--
INFO: Run Behavior\ContentReplaceBehavior [ RunTime:0.000082s ]
INFO: [ template_filter ] --END-- [ RunTime:0.000102s ]
NOTIC: [8] Use of undefined constant doorder - assumed 'doorder' /home/wwwroot/newduobao/Runtime/Cache/Payget/c0d1da84eea4bdbfb18d8df3302be57c.php 第 42 行.
NOTIC: [8] Undefined variable: style /home/wwwroot/newduobao/Runtime/Cache/Payget/c0d1da84eea4bdbfb18d8df3302be57c.php 第 134 行.
NOTIC: [8] Undefined variable: sytlec /home/wwwroot/newduobao/Runtime/Cache/Payget/c0d1da84eea4bdbfb18d8df3302be57c.php 第 135 行.
NOTIC: [8] Undefined variable: sytler /home/wwwroot/newduobao/Runtime/Cache/Payget/c0d1da84eea4bdbfb18d8df3302be57c.php 第 143 行.
INFO: Run Behavior\ParseTemplateBehavior [ RunTime:0.002336s ]
INFO: [ view_parse ] --END-- [ RunTime:0.002351s ]
INFO: [ view_filter ] --START--
INFO: Run Behavior\WriteHtmlCacheBehavior [ RunTime:0.000025s ]
INFO: [ view_filter ] --END-- [ RunTime:0.000034s ]
INFO: [ app_end ] --START--
INFO: Run Behavior\ShowPageTraceBehavior [ RunTime:0.000021s ]
INFO: [ app_end ] --END-- [ RunTime:0.000032s ]

[ 2017-12-27T08:46:35+08:00 ] 111.204.81.227 /payget.php
INFO: [ app_begin ] --START--
INFO: Run Behavior\ReadHtmlCacheBehavior [ RunTime:0.000019s ]
INFO: [ app_begin ] --END-- [ RunTime:0.000047s ]
NOTIC: [8] A session had already been started - ignoring session_start() /home/wwwroot/newduobao/ThinkPHP/Common/functions.php 第 1243 行.
NOTIC: [8] Undefined index: onethink_home /home/wwwroot/newduobao/Ewshop/Payget/Controller/IndexController.class.php 第 36 行.
SQL: SHOW COLUMNS FROM `ewshop_win_exchange` [ RunTime:0.0007s ]
SQL: SELECT `goods_id` FROM `ewshop_win_exchange` WHERE `uid` = '1' AND `is_exchange` = 0 AND `exchange_number` <> ''  [ RunTime:0.0003s ]
SQL: SELECT `id`,`uid`,`order_id`,`goods_id`,`exchange_number`,`buy_num` FROM `ewshop_win_exchange` WHERE `uid` = '1' AND `is_exchange` = 0 AND `exchange_number` <> ''  [ RunTime:0.0002s ]
NOTIC: [8] Undefined variable: shiji /home/wwwroot/newduobao/Ewshop/Payget/Controller/IndexController.class.php 第 95 行.
NOTIC: [8] Undefined variable: arrcode /home/wwwroot/newduobao/Ewshop/Payget/Controller/IndexController.class.php 第 95 行.
NOTIC: [8] Undefined variable: ex_tot /home/wwwroot/newduobao/Ewshop/Payget/Controller/IndexController.class.php 第 95 行.
SQL: SHOW COLUMNS FROM `ewshop_account` [ RunTime:0.0004s ]
SQL: SELECT `id`,`card_no`,`bankname`,`username` FROM `ewshop_account` WHERE ( status= 1 and flag = 1 )  [ RunTime:0.0002s ]
SQL: SELECT * FROM `ewshop_account` WHERE `defaultcard` = 1 AND `uid` = '1' LIMIT 1   [ RunTime:0.0002s ]
INFO: [ view_parse ] --START--
INFO: [ template_filter ] --START--
INFO: Run Behavior\ContentReplaceBehavior [ RunTime:0.000078s ]
INFO: [ template_filter ] --END-- [ RunTime:0.000096s ]
NOTIC: [8] Use of undefined constant doorder - assumed 'doorder' /home/wwwroot/newduobao/Runtime/Cache/Payget/c0d1da84eea4bdbfb18d8df3302be57c.php 第 42 行.
NOTIC: [8] Undefined variable: style /home/wwwroot/newduobao/Runtime/Cache/Payget/c0d1da84eea4bdbfb18d8df3302be57c.php 第 134 行.
NOTIC: [8] Undefined variable: sytlec /home/wwwroot/newduobao/Runtime/Cache/Payget/c0d1da84eea4bdbfb18d8df3302be57c.php 第 135 行.
NOTIC: [8] Undefined variable: sytler /home/wwwroot/newduobao/Runtime/Cache/Payget/c0d1da84eea4bdbfb18d8df3302be57c.php 第 143 行.
INFO: Run Behavior\ParseTemplateBehavior [ RunTime:0.002330s ]
INFO: [ view_parse ] --END-- [ RunTime:0.002362s ]
INFO: [ view_filter ] --START--
INFO: Run Behavior\WriteHtmlCacheBehavior [ RunTime:0.000027s ]
INFO: [ view_filter ] --END-- [ RunTime:0.000036s ]
INFO: [ app_end ] --START--
INFO: Run Behavior\ShowPageTraceBehavior [ RunTime:0.000021s ]
INFO: [ app_end ] --END-- [ RunTime:0.000031s ]

[ 2017-12-27T09:01:46+08:00 ] 111.204.81.227 /payget.php
INFO: [ app_begin ] --START--
INFO: Run Behavior\ReadHtmlCacheBehavior [ RunTime:0.000019s ]
INFO: [ app_begin ] --END-- [ RunTime:0.000046s ]
NOTIC: [8] A session had already been started - ignoring session_start() /home/wwwroot/newduobao/ThinkPHP/Common/functions.php 第 1243 行.
NOTIC: [8] Undefined index: onethink_home /home/wwwroot/newduobao/Ewshop/Payget/Controller/IndexController.class.php 第 36 行.
SQL: SHOW COLUMNS FROM `ewshop_win_exchange` [ RunTime:0.0008s ]
SQL: SELECT `goods_id` FROM `ewshop_win_exchange` WHERE `uid` = '1' AND `is_exchange` = 0 AND `exchange_number` <> ''  [ RunTime:0.0003s ]
SQL: SELECT `id`,`uid`,`order_id`,`goods_id`,`exchange_number`,`buy_num` FROM `ewshop_win_exchange` WHERE `uid` = '1' AND `is_exchange` = 0 AND `exchange_number` <> ''  [ RunTime:0.0002s ]
NOTIC: [8] Undefined variable: shiji /home/wwwroot/newduobao/Ewshop/Payget/Controller/IndexController.class.php 第 95 行.
NOTIC: [8] Undefined variable: arrcode /home/wwwroot/newduobao/Ewshop/Payget/Controller/IndexController.class.php 第 95 行.
NOTIC: [8] Undefined variable: ex_tot /home/wwwroot/newduobao/Ewshop/Payget/Controller/IndexController.class.php 第 95 行.
SQL: SHOW COLUMNS FROM `ewshop_account` [ RunTime:0.0005s ]
SQL: SELECT `id`,`card_no`,`bankname`,`username` FROM `ewshop_account` WHERE ( status= 1 and flag = 1 )  [ RunTime:0.0002s ]
SQL: SELECT * FROM `ewshop_account` WHERE `defaultcard` = 1 AND `uid` = '1' LIMIT 1   [ RunTime:0.0002s ]
INFO: [ view_parse ] --START--
INFO: [ template_filter ] --START--
INFO: Run Behavior\ContentReplaceBehavior [ RunTime:0.000080s ]
INFO: [ template_filter ] --END-- [ RunTime:0.000100s ]
NOTIC: [8] Use of undefined constant doorder - assumed 'doorder' /home/wwwroot/newduobao/Runtime/Cache/Payget/c0d1da84eea4bdbfb18d8df3302be57c.php 第 42 行.
NOTIC: [8] Undefined variable: style /home/wwwroot/newduobao/Runtime/Cache/Payget/c0d1da84eea4bdbfb18d8df3302be57c.php 第 134 行.
NOTIC: [8] Undefined variable: sytlec /home/wwwroot/newduobao/Runtime/Cache/Payget/c0d1da84eea4bdbfb18d8df3302be57c.php 第 135 行.
NOTIC: [8] Undefined variable: sytler /home/wwwroot/newduobao/Runtime/Cache/Payget/c0d1da84eea4bdbfb18d8df3302be57c.php 第 143 行.
INFO: Run Behavior\ParseTemplateBehavior [ RunTime:0.002380s ]
INFO: [ view_parse ] --END-- [ RunTime:0.002397s ]
INFO: [ view_filter ] --START--
INFO: Run Behavior\WriteHtmlCacheBehavior [ RunTime:0.000026s ]
INFO: [ view_filter ] --END-- [ RunTime:0.000035s ]
INFO: [ app_end ] --START--
INFO: Run Behavior\ShowPageTraceBehavior [ RunTime:0.000022s ]
INFO: [ app_end ] --END-- [ RunTime:0.000033s ]

[ 2017-12-27T09:02:09+08:00 ] 111.204.81.227 /payget.php
INFO: [ app_begin ] --START--
INFO: Run Behavior\ReadHtmlCacheBehavior [ RunTime:0.000020s ]
INFO: [ app_begin ] --END-- [ RunTime:0.000048s ]
NOTIC: [8] A session had already been started - ignoring session_start() /home/wwwroot/newduobao/ThinkPHP/Common/functions.php 第 1243 行.
NOTIC: [8] Undefined index: onethink_home /home/wwwroot/newduobao/Ewshop/Payget/Controller/IndexController.class.php 第 36 行.
SQL: SHOW COLUMNS FROM `ewshop_win_exchange` [ RunTime:0.0006s ]
SQL: SELECT `goods_id` FROM `ewshop_win_exchange` WHERE `uid` = '1' AND `is_exchange` = 0 AND `exchange_number` <> ''  [ RunTime:0.0003s ]
SQL: SELECT `id`,`uid`,`order_id`,`goods_id`,`exchange_number`,`buy_num` FROM `ewshop_win_exchange` WHERE `uid` = '1' AND `is_exchange` = 0 AND `exchange_number` <> ''  [ RunTime:0.0002s ]
NOTIC: [8] Undefined variable: shiji /home/wwwroot/newduobao/Ewshop/Payget/Controller/IndexController.class.php 第 95 行.
NOTIC: [8] Undefined variable: arrcode /home/wwwroot/newduobao/Ewshop/Payget/Controller/IndexController.class.php 第 95 行.
NOTIC: [8] Undefined variable: ex_tot /home/wwwroot/newduobao/Ewshop/Payget/Controller/IndexController.class.php 第 95 行.
SQL: SHOW COLUMNS FROM `ewshop_account` [ RunTime:0.0004s ]
SQL: SELECT `id`,`card_no`,`bankname`,`username` FROM `ewshop_account` WHERE ( status= 1 and flag = 1 )  [ RunTime:0.0001s ]
SQL: SELECT * FROM `ewshop_account` WHERE `defaultcard` = 1 AND `uid` = '1' LIMIT 1   [ RunTime:0.0002s ]
INFO: [ view_parse ] --START--
INFO: [ template_filter ] --START--
INFO: Run Behavior\ContentReplaceBehavior [ RunTime:0.000080s ]
INFO: [ template_filter ] --END-- [ RunTime:0.000098s ]
NOTIC: [8] Use of undefined constant doorder - assumed 'doorder' /home/wwwroot/newduobao/Runtime/Cache/Payget/c0d1da84eea4bdbfb18d8df3302be57c.php 第 42 行.
NOTIC: [8] Undefined variable: style /home/wwwroot/newduobao/Runtime/Cache/Payget/c0d1da84eea4bdbfb18d8df3302be57c.php 第 134 行.
NOTIC: [8] Undefined variable: sytlec /home/wwwroot/newduobao/Runtime/Cache/Payget/c0d1da84eea4bdbfb18d8df3302be57c.php 第 135 行.
NOTIC: [8] Undefined variable: sytler /home/wwwroot/newduobao/Runtime/Cache/Payget/c0d1da84eea4bdbfb18d8df3302be57c.php 第 143 行.
INFO: Run Behavior\ParseTemplateBehavior [ RunTime:0.002351s ]
INFO: [ view_parse ] --END-- [ RunTime:0.002366s ]
INFO: [ view_filter ] --START--
INFO: Run Behavior\WriteHtmlCacheBehavior [ RunTime:0.000025s ]
INFO: [ view_filter ] --END-- [ RunTime:0.000035s ]
INFO: [ app_end ] --START--
INFO: Run Behavior\ShowPageTraceBehavior [ RunTime:0.000021s ]
INFO: [ app_end ] --END-- [ RunTime:0.000032s ]

[ 2017-12-27T09:02:13+08:00 ] 111.204.81.227 /payget.php?s=/Index/recordlist.html
INFO: [ app_begin ] --START--
INFO: Run Behavior\ReadHtmlCacheBehavior [ RunTime:0.000024s ]
INFO: [ app_begin ] --END-- [ RunTime:0.000060s ]
NOTIC: [8] A session had already been started - ignoring session_start() /home/wwwroot/newduobao/ThinkPHP/Common/functions.php 第 1243 行.
NOTIC: [8] Undefined index: onethink_home /home/wwwroot/newduobao/Ewshop/Payget/Controller/IndexController.class.php 第 36 行.
SQL: SHOW COLUMNS FROM `ewshop_pay_record` [ RunTime:0.0006s ]
SQL: SELECT * FROM `ewshop_pay_record` WHERE `status` = 1 AND `uid` = '1'  [ RunTime:0.0002s ]
INFO: [ view_parse ] --START--
INFO: [ template_filter ] --START--
INFO: Run Behavior\ContentReplaceBehavior [ RunTime:0.000059s ]
INFO: [ template_filter ] --END-- [ RunTime:0.000078s ]
NOTIC: [8] Undefined variable: sytlei /home/wwwroot/newduobao/Runtime/Cache/Payget/554e8a6fbcb86f05bd29a7b9ddb5a790.php 第 63 行.
NOTIC: [8] Undefined variable: style /home/wwwroot/newduobao/Runtime/Cache/Payget/554e8a6fbcb86f05bd29a7b9ddb5a790.php 第 70 行.
NOTIC: [8] Undefined variable: sytlec /home/wwwroot/newduobao/Runtime/Cache/Payget/554e8a6fbcb86f05bd29a7b9ddb5a790.php 第 71 行.
INFO: Run Behavior\ParseTemplateBehavior [ RunTime:0.002313s ]
INFO: [ view_parse ] --END-- [ RunTime:0.002329s ]
INFO: [ view_filter ] --START--
INFO: Run Behavior\WriteHtmlCacheBehavior [ RunTime:0.000025s ]
INFO: [ view_filter ] --END-- [ RunTime:0.000034s ]
INFO: [ app_end ] --START--
INFO: Run Behavior\ShowPageTraceBehavior [ RunTime:0.000018s ]
INFO: [ app_end ] --END-- [ RunTime:0.000026s ]

[ 2017-12-27T09:02:15+08:00 ] 111.204.81.227 /payget.php?s=/Index/cardlist.html
INFO: [ app_begin ] --START--
INFO: Run Behavior\ReadHtmlCacheBehavior [ RunTime:0.000019s ]
INFO: [ app_begin ] --END-- [ RunTime:0.000060s ]
NOTIC: [8] A session had already been started - ignoring session_start() /home/wwwroot/newduobao/ThinkPHP/Common/functions.php 第 1243 行.
NOTIC: [8] Undefined index: onethink_home /home/wwwroot/newduobao/Ewshop/Payget/Controller/IndexController.class.php 第 36 行.
SQL: SHOW COLUMNS FROM `ewshop_account` [ RunTime:0.0006s ]
SQL: SELECT `id`,`card_no`,`bankname` FROM `ewshop_account` WHERE ( status=1 and uid =1 )  [ RunTime:0.0002s ]
INFO: [ view_parse ] --START--
INFO: [ template_filter ] --START--
INFO: Run Behavior\ContentReplaceBehavior [ RunTime:0.000079s ]
INFO: [ template_filter ] --END-- [ RunTime:0.000097s ]
NOTIC: [8] Use of undefined constant bindcard - assumed 'bindcard' /home/wwwroot/newduobao/Runtime/Cache/Payget/c814b39f03112b443c5bca992087b5d3.php 第 58 行.
NOTIC: [8] Undefined variable: sytlei /home/wwwroot/newduobao/Runtime/Cache/Payget/c814b39f03112b443c5bca992087b5d3.php 第 135 行.
NOTIC: [8] Undefined variable: style /home/wwwroot/newduobao/Runtime/Cache/Payget/c814b39f03112b443c5bca992087b5d3.php 第 142 行.
NOTIC: [8] Undefined variable: sytler /home/wwwroot/newduobao/Runtime/Cache/Payget/c814b39f03112b443c5bca992087b5d3.php 第 151 行.
INFO: Run Behavior\ParseTemplateBehavior [ RunTime:0.002532s ]
INFO: [ view_parse ] --END-- [ RunTime:0.002546s ]
INFO: [ view_filter ] --START--
INFO: Run Behavior\WriteHtmlCacheBehavior [ RunTime:0.000021s ]
INFO: [ view_filter ] --END-- [ RunTime:0.000029s ]
INFO: [ app_end ] --START--
INFO: Run Behavior\ShowPageTraceBehavior [ RunTime:0.000017s ]
INFO: [ app_end ] --END-- [ RunTime:0.000027s ]

[ 2017-12-27T09:02:16+08:00 ] 111.204.81.227 /payget.php?s=/Index/index.html
INFO: [ app_begin ] --START--
INFO: Run Behavior\ReadHtmlCacheBehavior [ RunTime:0.000025s ]
INFO: [ app_begin ] --END-- [ RunTime:0.000063s ]
NOTIC: [8] A session had already been started - ignoring session_start() /home/wwwroot/newduobao/ThinkPHP/Common/functions.php 第 1243 行.
NOTIC: [8] Undefined index: onethink_home /home/wwwroot/newduobao/Ewshop/Payget/Controller/IndexController.class.php 第 36 行.
SQL: SHOW COLUMNS FROM `ewshop_win_exchange` [ RunTime:0.0006s ]
SQL: SELECT `goods_id` FROM `ewshop_win_exchange` WHERE `uid` = '1' AND `is_exchange` = 0 AND `exchange_number` <> ''  [ RunTime:0.0002s ]
SQL: SELECT `id`,`uid`,`order_id`,`goods_id`,`exchange_number`,`buy_num` FROM `ewshop_win_exchange` WHERE `uid` = '1' AND `is_exchange` = 0 AND `exchange_number` <> ''  [ RunTime:0.0002s ]
NOTIC: [8] Undefined variable: shiji /home/wwwroot/newduobao/Ewshop/Payget/Controller/IndexController.class.php 第 95 行.
NOTIC: [8] Undefined variable: arrcode /home/wwwroot/newduobao/Ewshop/Payget/Controller/IndexController.class.php 第 95 行.
NOTIC: [8] Undefined variable: ex_tot /home/wwwroot/newduobao/Ewshop/Payget/Controller/IndexController.class.php 第 95 行.
SQL: SHOW COLUMNS FROM `ewshop_account` [ RunTime:0.0004s ]
SQL: SELECT `id`,`card_no`,`bankname`,`username` FROM `ewshop_account` WHERE ( status= 1 and flag = 1 )  [ RunTime:0.0001s ]
SQL: SELECT * FROM `ewshop_account` WHERE `defaultcard` = 1 AND `uid` = '1' LIMIT 1   [ RunTime:0.0002s ]
INFO: [ view_parse ] --START--
INFO: [ template_filter ] --START--
INFO: Run Behavior\ContentReplaceBehavior [ RunTime:0.000080s ]
INFO: [ template_filter ] --END-- [ RunTime:0.000098s ]
NOTIC: [8] Use of undefined constant doorder - assumed 'doorder' /home/wwwroot/newduobao/Runtime/Cache/Payget/c0d1da84eea4bdbfb18d8df3302be57c.php 第 42 行.
NOTIC: [8] Undefined variable: style /home/wwwroot/newduobao/Runtime/Cache/Payget/c0d1da84eea4bdbfb18d8df3302be57c.php 第 134 行.
NOTIC: [8] Undefined variable: sytlec /home/wwwroot/newduobao/Runtime/Cache/Payget/c0d1da84eea4bdbfb18d8df3302be57c.php 第 135 行.
NOTIC: [8] Undefined variable: sytler /home/wwwroot/newduobao/Runtime/Cache/Payget/c0d1da84eea4bdbfb18d8df3302be57c.php 第 143 行.
INFO: Run Behavior\ParseTemplateBehavior [ RunTime:0.002386s ]
INFO: [ view_parse ] --END-- [ RunTime:0.002401s ]
INFO: [ view_filter ] --START--
INFO: Run Behavior\WriteHtmlCacheBehavior [ RunTime:0.000026s ]
INFO: [ view_filter ] --END-- [ RunTime:0.000035s ]
INFO: [ app_end ] --START--
INFO: Run Behavior\ShowPageTraceBehavior [ RunTime:0.000022s ]
INFO: [ app_end ] --END-- [ RunTime:0.000032s ]

[ 2017-12-27T09:03:15+08:00 ] 58.247.212.98 /payget.php?s=/Index/index.html
INFO: [ app_begin ] --START--
INFO: Run Behavior\ReadHtmlCacheBehavior [ RunTime:0.000018s ]
INFO: [ app_begin ] --END-- [ RunTime:0.000048s ]
NOTIC: [8] A session had already been started - ignoring session_start() /home/wwwroot/newduobao/ThinkPHP/Common/functions.php 第 1243 行.
NOTIC: [8] Undefined index: onethink_home /home/wwwroot/newduobao/Ewshop/Payget/Controller/IndexController.class.php 第 36 行.
NOTIC: [8] Undefined index: onethink_admin /home/wwwroot/newduobao/Ewshop/Payget/Controller/IndexController.class.php 第 36 行.

[ 2017-12-27T09:03:15+08:00 ] 58.247.212.98 /payget.php?s=/User/register.html
INFO: [ app_begin ] --START--
INFO: Run Behavior\ReadHtmlCacheBehavior [ RunTime:0.000018s ]
INFO: [ app_begin ] --END-- [ RunTime:0.000044s ]
NOTIC: [8] A session had already been started - ignoring session_start() /home/wwwroot/newduobao/ThinkPHP/Common/functions.php 第 1243 行.
NOTIC: [8] Undefined index: user_brand /home/wwwroot/newduobao/Ewshop/Payget/Controller/ControlController.class.php 第 25 行.
SQL: SHOW COLUMNS FROM `ewshop_menu` [ RunTime:0.0006s ]
SQL: SELECT `id`,`title`,`url` FROM `ewshop_menu` WHERE `pid` = 0 AND `hide` = 0 AND `is_dev` = 0 ORDER BY sort asc  [ RunTime:0.0003s ]
SQL: SELECT `pid` FROM `ewshop_menu` WHERE ( pid !=0 AND url like '%User/register%' ) LIMIT 1   [ RunTime:0.0006s ]
INFO: [ view_parse ] --START--
INFO: [ template_filter ] --START--
INFO: Run Behavior\ContentReplaceBehavior [ RunTime:0.000064s ]
INFO: [ template_filter ] --END-- [ RunTime:0.000082s ]
INFO: Run Behavior\ParseTemplateBehavior [ RunTime:0.001192s ]
INFO: [ view_parse ] --END-- [ RunTime:0.001212s ]
INFO: [ view_filter ] --START--
INFO: Run Behavior\WriteHtmlCacheBehavior [ RunTime:0.000027s ]
INFO: [ view_filter ] --END-- [ RunTime:0.000038s ]
INFO: [ app_end ] --START--
INFO: Run Behavior\ShowPageTraceBehavior [ RunTime:0.000019s ]
INFO: [ app_end ] --END-- [ RunTime:0.000028s ]

[ 2017-12-27T09:07:28+08:00 ] 111.204.81.227 /payget.php
INFO: [ app_begin ] --START--
INFO: Run Behavior\ReadHtmlCacheBehavior [ RunTime:0.000018s ]
INFO: [ app_begin ] --END-- [ RunTime:0.000046s ]
NOTIC: [8] A session had already been started - ignoring session_start() /home/wwwroot/newduobao/ThinkPHP/Common/functions.php 第 1243 行.
NOTIC: [8] Undefined index: onethink_home /home/wwwroot/newduobao/Ewshop/Payget/Controller/IndexController.class.php 第 36 行.
SQL: SHOW COLUMNS FROM `ewshop_win_exchange` [ RunTime:0.0007s ]
SQL: SELECT `goods_id` FROM `ewshop_win_exchange` WHERE `uid` = '1' AND `is_exchange` = 0 AND `exchange_number` <> ''  [ RunTime:0.0003s ]
SQL: SELECT `id`,`uid`,`order_id`,`goods_id`,`exchange_number`,`buy_num` FROM `ewshop_win_exchange` WHERE `uid` = '1' AND `is_exchange` = 0 AND `exchange_number` <> ''  [ RunTime:0.0002s ]
NOTIC: [8] Undefined variable: shiji /home/wwwroot/newduobao/Ewshop/Payget/Controller/IndexController.class.php 第 95 行.
NOTIC: [8] Undefined variable: arrcode /home/wwwroot/newduobao/Ewshop/Payget/Controller/IndexController.class.php 第 95 行.
NOTIC: [8] Undefined variable: ex_tot /home/wwwroot/newduobao/Ewshop/Payget/Controller/IndexController.class.php 第 95 行.
SQL: SHOW COLUMNS FROM `ewshop_account` [ RunTime:0.0004s ]
SQL: SELECT `id`,`card_no`,`bankname`,`username` FROM `ewshop_account` WHERE ( status= 1 and flag = 1 )  [ RunTime:0.0002s ]
SQL: SELECT * FROM `ewshop_account` WHERE `defaultcard` = 1 AND `uid` = '1' LIMIT 1   [ RunTime:0.0002s ]
INFO: [ view_parse ] --START--
INFO: [ template_filter ] --START--
INFO: Run Behavior\ContentReplaceBehavior [ RunTime:0.000078s ]
INFO: [ template_filter ] --END-- [ RunTime:0.000097s ]
NOTIC: [8] Use of undefined constant doorder - assumed 'doorder' /home/wwwroot/newduobao/Runtime/Cache/Payget/c0d1da84eea4bdbfb18d8df3302be57c.php 第 42 行.
NOTIC: [8] Undefined variable: style /home/wwwroot/newduobao/Runtime/Cache/Payget/c0d1da84eea4bdbfb18d8df3302be57c.php 第 134 行.
NOTIC: [8] Undefined variable: sytlec /home/wwwroot/newduobao/Runtime/Cache/Payget/c0d1da84eea4bdbfb18d8df3302be57c.php 第 135 行.
NOTIC: [8] Undefined variable: sytler /home/wwwroot/newduobao/Runtime/Cache/Payget/c0d1da84eea4bdbfb18d8df3302be57c.php 第 143 行.
INFO: Run Behavior\ParseTemplateBehavior [ RunTime:0.002321s ]
INFO: [ view_parse ] --END-- [ RunTime:0.002336s ]
INFO: [ view_filter ] --START--
INFO: Run Behavior\WriteHtmlCacheBehavior [ RunTime:0.000026s ]
INFO: [ view_filter ] --END-- [ RunTime:0.000035s ]
INFO: [ app_end ] --START--
INFO: Run Behavior\ShowPageTraceBehavior [ RunTime:0.000021s ]
INFO: [ app_end ] --END-- [ RunTime:0.000031s ]

[ 2017-12-27T10:27:32+08:00 ] 111.204.81.227 /payget.php
INFO: [ app_begin ] --START--
INFO: Run Behavior\ReadHtmlCacheBehavior [ RunTime:0.000020s ]
INFO: [ app_begin ] --END-- [ RunTime:0.000049s ]
NOTIC: [8] A session had already been started - ignoring session_start() /home/wwwroot/newduobao/ThinkPHP/Common/functions.php 第 1243 行.
NOTIC: [8] Undefined index: onethink_home /home/wwwroot/newduobao/Ewshop/Payget/Controller/IndexController.class.php 第 36 行.
SQL: SHOW COLUMNS FROM `ewshop_win_exchange` [ RunTime:0.0006s ]
SQL: SELECT `goods_id` FROM `ewshop_win_exchange` WHERE `uid` = '1' AND `is_exchange` = 0 AND `exchange_number` <> ''  [ RunTime:0.0003s ]
SQL: SELECT `id`,`uid`,`order_id`,`goods_id`,`exchange_number`,`buy_num` FROM `ewshop_win_exchange` WHERE `uid` = '1' AND `is_exchange` = 0 AND `exchange_number` <> ''  [ RunTime:0.0002s ]
NOTIC: [8] Undefined variable: shiji /home/wwwroot/newduobao/Ewshop/Payget/Controller/IndexController.class.php 第 95 行.
NOTIC: [8] Undefined variable: arrcode /home/wwwroot/newduobao/Ewshop/Payget/Controller/IndexController.class.php 第 95 行.
NOTIC: [8] Undefined variable: ex_tot /home/wwwroot/newduobao/Ewshop/Payget/Controller/IndexController.class.php 第 95 行.
SQL: SHOW COLUMNS FROM `ewshop_account` [ RunTime:0.0006s ]
SQL: SELECT `id`,`card_no`,`bankname`,`username` FROM `ewshop_account` WHERE ( status= 1 and flag = 1 )  [ RunTime:0.0002s ]
SQL: SELECT * FROM `ewshop_account` WHERE `defaultcard` = 1 AND `uid` = '1' LIMIT 1   [ RunTime:0.0002s ]
INFO: [ view_parse ] --START--
INFO: [ template_filter ] --START--
INFO: Run Behavior\ContentReplaceBehavior [ RunTime:0.000080s ]
INFO: [ template_filter ] --END-- [ RunTime:0.000099s ]
NOTIC: [8] Use of undefined constant doorder - assumed 'doorder' /home/wwwroot/newduobao/Runtime/Cache/Payget/c0d1da84eea4bdbfb18d8df3302be57c.php 第 42 行.
NOTIC: [8] Undefined variable: style /home/wwwroot/newduobao/Runtime/Cache/Payget/c0d1da84eea4bdbfb18d8df3302be57c.php 第 134 行.
NOTIC: [8] Undefined variable: sytlec /home/wwwroot/newduobao/Runtime/Cache/Payget/c0d1da84eea4bdbfb18d8df3302be57c.php 第 135 行.
NOTIC: [8] Undefined variable: sytler /home/wwwroot/newduobao/Runtime/Cache/Payget/c0d1da84eea4bdbfb18d8df3302be57c.php 第 143 行.
INFO: Run Behavior\ParseTemplateBehavior [ RunTime:0.002457s ]
INFO: [ view_parse ] --END-- [ RunTime:0.002471s ]
INFO: [ view_filter ] --START--
INFO: Run Behavior\WriteHtmlCacheBehavior [ RunTime:0.000027s ]
INFO: [ view_filter ] --END-- [ RunTime:0.000037s ]
INFO: [ app_end ] --START--
INFO: Run Behavior\ShowPageTraceBehavior [ RunTime:0.000030s ]
INFO: [ app_end ] --END-- [ RunTime:0.000048s ]

