[ 2017-12-26T14:13:19+08:00 ] 111.204.81.227 /payget.php
INFO: [ app_begin ] --START--
INFO: Run Behavior\ReadHtmlCacheBehavior [ RunTime:0.000020s ]
INFO: [ app_begin ] --END-- [ RunTime:0.000050s ]
NOTIC: [8] A session had already been started - ignoring session_start() /home/wwwroot/newduobao/ThinkPHP/Common/functions.php 第 1243 行.
ERR: syntax error, unexpected 'cputest' (T_STRING), expecting ',' or ';'

[ 2017-12-26T14:13:22+08:00 ] 111.204.81.227 /payget.php
INFO: [ app_begin ] --START--
INFO: Run Behavior\ReadHtmlCacheBehavior [ RunTime:0.000031s ]
INFO: [ app_begin ] --END-- [ RunTime:0.000073s ]
NOTIC: [8] A session had already been started - ignoring session_start() /home/wwwroot/newduobao/ThinkPHP/Common/functions.php 第 1243 行.
ERR: syntax error, unexpected 'cputest' (T_STRING), expecting ',' or ';'

[ 2017-12-26T14:14:18+08:00 ] 183.192.201.97 /payget.php
INFO: [ app_begin ] --START--
INFO: Run Behavior\ReadHtmlCacheBehavior [ RunTime:0.000018s ]
INFO: [ app_begin ] --END-- [ RunTime:0.000046s ]
NOTIC: [8] A session had already been started - ignoring session_start() /home/wwwroot/newduobao/ThinkPHP/Common/functions.php 第 1243 行.
ERR: syntax error, unexpected 'cputest' (T_STRING), expecting ',' or ';'

[ 2017-12-26T14:17:02+08:00 ] 111.204.81.227 /payget.php
INFO: [ app_begin ] --START--
INFO: Run Behavior\ReadHtmlCacheBehavior [ RunTime:0.000017s ]
INFO: [ app_begin ] --END-- [ RunTime:0.000041s ]
NOTIC: [8] A session had already been started - ignoring session_start() /home/wwwroot/newduobao/ThinkPHP/Common/functions.php 第 1243 行.
SQL: SHOW COLUMNS FROM `ewshop_win_exchange` [ RunTime:0.0007s ]
SQL: SELECT `goods_id` FROM `ewshop_win_exchange` WHERE `uid` = '8' AND `is_exchange` = 0 AND `exchange_number` <> ''  [ RunTime:0.0003s ]
SQL: SELECT `id`,`uid`,`order_id`,`goods_id`,`exchange_number`,`buy_num` FROM `ewshop_win_exchange` WHERE `uid` = '8' AND `is_exchange` = 0 AND `exchange_number` <> ''  [ RunTime:0.0002s ]
NOTIC: [8] Undefined variable: shiji /home/wwwroot/newduobao/Ewshop/Payget/Controller/IndexController.class.php 第 95 行.
NOTIC: [8] Undefined variable: arrcode /home/wwwroot/newduobao/Ewshop/Payget/Controller/IndexController.class.php 第 95 行.
NOTIC: [8] Undefined variable: ex_tot /home/wwwroot/newduobao/Ewshop/Payget/Controller/IndexController.class.php 第 95 行.
SQL: SHOW COLUMNS FROM `ewshop_account` [ RunTime:0.0005s ]
SQL: SELECT `id`,`card_no`,`bankname`,`username` FROM `ewshop_account` WHERE ( status= 1 and flag = 1 )  [ RunTime:0.0006s ]
SQL: SELECT * FROM `ewshop_account` WHERE `defaultcard` = 1 AND `uid` = '8' LIMIT 1   [ RunTime:0.0002s ]
INFO: [ view_parse ] --START--
INFO: [ template_filter ] --START--
INFO: Run Behavior\ContentReplaceBehavior [ RunTime:0.000083s ]
INFO: [ template_filter ] --END-- [ RunTime:0.000101s ]
NOTIC: [8] Use of undefined constant doorder - assumed 'doorder' /home/wwwroot/newduobao/Runtime/Cache/Payget/c0d1da84eea4bdbfb18d8df3302be57c.php 第 42 行.
NOTIC: [8] Undefined variable: style /home/wwwroot/newduobao/Runtime/Cache/Payget/c0d1da84eea4bdbfb18d8df3302be57c.php 第 134 行.
NOTIC: [8] Undefined variable: sytlec /home/wwwroot/newduobao/Runtime/Cache/Payget/c0d1da84eea4bdbfb18d8df3302be57c.php 第 135 行.
NOTIC: [8] Undefined variable: sytler /home/wwwroot/newduobao/Runtime/Cache/Payget/c0d1da84eea4bdbfb18d8df3302be57c.php 第 143 行.
INFO: Run Behavior\ParseTemplateBehavior [ RunTime:0.002422s ]
INFO: [ view_parse ] --END-- [ RunTime:0.002438s ]
INFO: [ view_filter ] --START--
INFO: Run Behavior\WriteHtmlCacheBehavior [ RunTime:0.000028s ]
INFO: [ view_filter ] --END-- [ RunTime:0.000039s ]
INFO: [ app_end ] --START--
INFO: Run Behavior\ShowPageTraceBehavior [ RunTime:0.000018s ]
INFO: [ app_end ] --END-- [ RunTime:0.000028s ]

[ 2017-12-26T14:17:15+08:00 ] 111.204.81.227 /payget.php?s=/Index/doorder.html
INFO: [ app_begin ] --START--
INFO: Run Behavior\ReadHtmlCacheBehavior [ RunTime:0.000019s ]
INFO: [ app_begin ] --END-- [ RunTime:0.000049s ]
NOTIC: [8] A session had already been started - ignoring session_start() /home/wwwroot/newduobao/ThinkPHP/Common/functions.php 第 1243 行.
SQL: SHOW COLUMNS FROM `ewshop_account` [ RunTime:0.0006s ]
SQL: SELECT * FROM `ewshop_account` WHERE ( id = 654 and defaultcard=1 ) LIMIT 1   [ RunTime:0.0002s ]
SQL: SHOW COLUMNS FROM `ewshop_pay_record` [ RunTime:0.0004s ]
SQL: INSERT INTO `ewshop_pay_record` (`pay_id`,`account_id`,`card_no`,`username`,`cardname`,`uid`,`pay_code`,`total_nu`,`ctime`,`status`) VALUES ('PAYC2669035128771000','654','6225880107879182','韩强','招商银行','8','BINGNAN','1480','1514269035','0') [ RunTime:0.0028s ]
NOTIC: [2] error_log(/home/tmp/pay.log): failed to open stream: No such file or directory /home/wwwroot/newduobao/Ewshop/Payget/Controller/IndexController.class.php 第 287 行.
NOTIC: [2] error_log(/home/tmp/pay.log): failed to open stream: No such file or directory /home/wwwroot/newduobao/Ewshop/Payget/Controller/IndexController.class.php 第 152 行.

[ 2017-12-26T14:17:15+08:00 ] 111.204.81.227 /payget.php?s=/index/index.html
INFO: [ app_begin ] --START--
INFO: Run Behavior\ReadHtmlCacheBehavior [ RunTime:0.000018s ]
INFO: [ app_begin ] --END-- [ RunTime:0.000046s ]
NOTIC: [8] A session had already been started - ignoring session_start() /home/wwwroot/newduobao/ThinkPHP/Common/functions.php 第 1243 行.
SQL: SHOW COLUMNS FROM `ewshop_win_exchange` [ RunTime:0.0006s ]
SQL: SELECT `goods_id` FROM `ewshop_win_exchange` WHERE `uid` = '8' AND `is_exchange` = 0 AND `exchange_number` <> ''  [ RunTime:0.0003s ]
SQL: SELECT `id`,`uid`,`order_id`,`goods_id`,`exchange_number`,`buy_num` FROM `ewshop_win_exchange` WHERE `uid` = '8' AND `is_exchange` = 0 AND `exchange_number` <> ''  [ RunTime:0.0002s ]
NOTIC: [8] Undefined variable: shiji /home/wwwroot/newduobao/Ewshop/Payget/Controller/IndexController.class.php 第 95 行.
NOTIC: [8] Undefined variable: arrcode /home/wwwroot/newduobao/Ewshop/Payget/Controller/IndexController.class.php 第 95 行.
NOTIC: [8] Undefined variable: ex_tot /home/wwwroot/newduobao/Ewshop/Payget/Controller/IndexController.class.php 第 95 行.
SQL: SHOW COLUMNS FROM `ewshop_account` [ RunTime:0.0004s ]
SQL: SELECT `id`,`card_no`,`bankname`,`username` FROM `ewshop_account` WHERE ( status= 1 and flag = 1 )  [ RunTime:0.0006s ]
SQL: SELECT * FROM `ewshop_account` WHERE `defaultcard` = 1 AND `uid` = '8' LIMIT 1   [ RunTime:0.0002s ]
INFO: [ view_parse ] --START--
INFO: [ template_filter ] --START--
INFO: Run Behavior\ContentReplaceBehavior [ RunTime:0.000080s ]
INFO: [ template_filter ] --END-- [ RunTime:0.000098s ]
NOTIC: [8] Use of undefined constant doorder - assumed 'doorder' /home/wwwroot/newduobao/Runtime/Cache/Payget/c0d1da84eea4bdbfb18d8df3302be57c.php 第 42 行.
NOTIC: [8] Undefined variable: style /home/wwwroot/newduobao/Runtime/Cache/Payget/c0d1da84eea4bdbfb18d8df3302be57c.php 第 134 行.
NOTIC: [8] Undefined variable: sytlec /home/wwwroot/newduobao/Runtime/Cache/Payget/c0d1da84eea4bdbfb18d8df3302be57c.php 第 135 行.
NOTIC: [8] Undefined variable: sytler /home/wwwroot/newduobao/Runtime/Cache/Payget/c0d1da84eea4bdbfb18d8df3302be57c.php 第 143 行.
INFO: Run Behavior\ParseTemplateBehavior [ RunTime:0.002375s ]
INFO: [ view_parse ] --END-- [ RunTime:0.002389s ]
INFO: [ view_filter ] --START--
INFO: Run Behavior\WriteHtmlCacheBehavior [ RunTime:0.000046s ]
INFO: [ view_filter ] --END-- [ RunTime:0.000057s ]
INFO: [ app_end ] --START--
INFO: Run Behavior\ShowPageTraceBehavior [ RunTime:0.000024s ]
INFO: [ app_end ] --END-- [ RunTime:0.000034s ]

[ 2017-12-26T14:17:18+08:00 ] 111.204.81.227 /payget.php?s=/Index/recordlist.html
INFO: [ app_begin ] --START--
INFO: Run Behavior\ReadHtmlCacheBehavior [ RunTime:0.000020s ]
INFO: [ app_begin ] --END-- [ RunTime:0.000049s ]
NOTIC: [8] A session had already been started - ignoring session_start() /home/wwwroot/newduobao/ThinkPHP/Common/functions.php 第 1243 行.
SQL: SHOW COLUMNS FROM `ewshop_pay_record` [ RunTime:0.0007s ]
SQL: SELECT * FROM `ewshop_pay_record` WHERE `status` = 1 AND `uid` = '8'  [ RunTime:0.0003s ]
INFO: [ view_parse ] --START--
INFO: [ template_filter ] --START--
INFO: Run Behavior\ContentReplaceBehavior [ RunTime:0.000058s ]
INFO: [ template_filter ] --END-- [ RunTime:0.000076s ]
NOTIC: [8] Undefined variable: sytlei /home/wwwroot/newduobao/Runtime/Cache/Payget/554e8a6fbcb86f05bd29a7b9ddb5a790.php 第 63 行.
NOTIC: [8] Undefined variable: style /home/wwwroot/newduobao/Runtime/Cache/Payget/554e8a6fbcb86f05bd29a7b9ddb5a790.php 第 70 行.
NOTIC: [8] Undefined variable: sytlec /home/wwwroot/newduobao/Runtime/Cache/Payget/554e8a6fbcb86f05bd29a7b9ddb5a790.php 第 71 行.
INFO: Run Behavior\ParseTemplateBehavior [ RunTime:0.001962s ]
INFO: [ view_parse ] --END-- [ RunTime:0.001976s ]
INFO: [ view_filter ] --START--
INFO: Run Behavior\WriteHtmlCacheBehavior [ RunTime:0.000025s ]
INFO: [ view_filter ] --END-- [ RunTime:0.000034s ]
INFO: [ app_end ] --START--
INFO: Run Behavior\ShowPageTraceBehavior [ RunTime:0.000018s ]
INFO: [ app_end ] --END-- [ RunTime:0.000026s ]

[ 2017-12-26T14:17:45+08:00 ] 111.204.81.227 /payget.php
INFO: [ app_begin ] --START--
INFO: Run Behavior\ReadHtmlCacheBehavior [ RunTime:0.000019s ]
INFO: [ app_begin ] --END-- [ RunTime:0.000047s ]
NOTIC: [8] A session had already been started - ignoring session_start() /home/wwwroot/newduobao/ThinkPHP/Common/functions.php 第 1243 行.
NOTIC: [8] Undefined index: onethink_home /home/wwwroot/newduobao/Ewshop/Payget/Controller/IndexController.class.php 第 36 行.
NOTIC: [8] Undefined index: onethink_admin /home/wwwroot/newduobao/Ewshop/Payget/Controller/IndexController.class.php 第 36 行.

[ 2017-12-26T14:17:45+08:00 ] 111.204.81.227 /payget.php?s=/User/register.html
INFO: [ app_begin ] --START--
INFO: Run Behavior\ReadHtmlCacheBehavior [ RunTime:0.000025s ]
INFO: [ app_begin ] --END-- [ RunTime:0.000063s ]
NOTIC: [8] A session had already been started - ignoring session_start() /home/wwwroot/newduobao/ThinkPHP/Common/functions.php 第 1243 行.
NOTIC: [8] Undefined index: user_brand /home/wwwroot/newduobao/Ewshop/Payget/Controller/ControlController.class.php 第 25 行.
SQL: SHOW COLUMNS FROM `ewshop_menu` [ RunTime:0.0006s ]
SQL: SELECT `id`,`title`,`url` FROM `ewshop_menu` WHERE `pid` = 0 AND `hide` = 0 AND `is_dev` = 0 ORDER BY sort asc  [ RunTime:0.0003s ]
SQL: SELECT `pid` FROM `ewshop_menu` WHERE ( pid !=0 AND url like '%User/register%' ) LIMIT 1   [ RunTime:0.0006s ]
INFO: [ view_parse ] --START--
INFO: [ template_filter ] --START--
INFO: Run Behavior\ContentReplaceBehavior [ RunTime:0.000078s ]
INFO: [ template_filter ] --END-- [ RunTime:0.000109s ]
INFO: Run Behavior\ParseTemplateBehavior [ RunTime:0.001513s ]
INFO: [ view_parse ] --END-- [ RunTime:0.001541s ]
INFO: [ view_filter ] --START--
INFO: Run Behavior\WriteHtmlCacheBehavior [ RunTime:0.000039s ]
INFO: [ view_filter ] --END-- [ RunTime:0.000057s ]
INFO: [ app_end ] --START--
INFO: Run Behavior\ShowPageTraceBehavior [ RunTime:0.000031s ]
INFO: [ app_end ] --END-- [ RunTime:0.000048s ]

[ 2017-12-26T14:17:52+08:00 ] 111.204.81.227 /payget.php?s=/User/sendphone.html
INFO: [ app_begin ] --START--
INFO: Run Behavior\ReadHtmlCacheBehavior [ RunTime:0.000019s ]
INFO: [ app_begin ] --END-- [ RunTime:0.000048s ]
NOTIC: [8] A session had already been started - ignoring session_start() /home/wwwroot/newduobao/ThinkPHP/Common/functions.php 第 1243 行.
NOTIC: [8] Undefined index: user_brand /home/wwwroot/newduobao/Ewshop/Payget/Controller/ControlController.class.php 第 25 行.
SQL: SHOW COLUMNS FROM `ewshop_menu` [ RunTime:0.0006s ]
SQL: SELECT `id`,`title`,`url` FROM `ewshop_menu` WHERE `pid` = 0 AND `hide` = 0 AND `is_dev` = 0 ORDER BY sort asc  [ RunTime:0.0003s ]
SQL: SELECT `pid` FROM `ewshop_menu` WHERE ( pid !=0 AND url like '%User/sendphone%' ) LIMIT 1   [ RunTime:0.0006s ]
NOTIC: [8] Undefined index: oldphone /home/wwwroot/newduobao/Ewshop/Payget/Controller/UserController.class.php 第 255 行.
NOTIC: [8] curl_setopt(): CURLOPT_SSL_VERIFYHOST no longer accepts the value 1, value 2 will be used instead /home/wwwroot/newduobao/ThinkPHP/Library/Vendor/Sms/Sms.php 第 82 行.
SQL: SHOW COLUMNS FROM `ewshop_verification` [ RunTime:0.0008s ]
SQL: SHOW COLUMNS FROM `ewshop_member` [ RunTime:0.0005s ]
SQL: INSERT INTO `ewshop_verification` (`mobile`,`create_time`,`status`) VALUES ('13801187546','1514269072','1') [ RunTime:0.0002s ]
SQL: SHOW COLUMNS FROM `ewshop_sms` [ RunTime:0.0004s ]
SQL: INSERT INTO `ewshop_sms` (`mobile`,`content`,`create_time`,`group`) VALUES ('13801187546','您的短信验证码为：6735，有效期一小时。【千亩阳光】','1514269072','1') [ RunTime:0.0001s ]

[ 2017-12-26T14:18:05+08:00 ] 111.204.81.227 /payget.php?s=/User/checkphone.html
INFO: [ app_begin ] --START--
INFO: Run Behavior\ReadHtmlCacheBehavior [ RunTime:0.000037s ]
INFO: [ app_begin ] --END-- [ RunTime:0.000069s ]
NOTIC: [8] A session had already been started - ignoring session_start() /home/wwwroot/newduobao/ThinkPHP/Common/functions.php 第 1243 行.
NOTIC: [8] Undefined index: user_brand /home/wwwroot/newduobao/Ewshop/Payget/Controller/ControlController.class.php 第 25 行.
SQL: SHOW COLUMNS FROM `ewshop_menu` [ RunTime:0.0006s ]
SQL: SELECT `id`,`title`,`url` FROM `ewshop_menu` WHERE `pid` = 0 AND `hide` = 0 AND `is_dev` = 0 ORDER BY sort asc  [ RunTime:0.0003s ]
SQL: SELECT `pid` FROM `ewshop_menu` WHERE ( pid !=0 AND url like '%User/checkphone%' ) LIMIT 1   [ RunTime:0.0006s ]

[ 2017-12-26T14:18:05+08:00 ] 111.204.81.227 /payget.php?s=/User/checkphone.html
INFO: [ app_begin ] --START--
INFO: Run Behavior\ReadHtmlCacheBehavior [ RunTime:0.000018s ]
INFO: [ app_begin ] --END-- [ RunTime:0.000044s ]
NOTIC: [8] A session had already been started - ignoring session_start() /home/wwwroot/newduobao/ThinkPHP/Common/functions.php 第 1243 行.
NOTIC: [8] Undefined index: user_brand /home/wwwroot/newduobao/Ewshop/Payget/Controller/ControlController.class.php 第 25 行.
SQL: SHOW COLUMNS FROM `ewshop_menu` [ RunTime:0.0006s ]
SQL: SELECT `id`,`title`,`url` FROM `ewshop_menu` WHERE `pid` = 0 AND `hide` = 0 AND `is_dev` = 0 ORDER BY sort asc  [ RunTime:0.0003s ]
SQL: SELECT `pid` FROM `ewshop_menu` WHERE ( pid !=0 AND url like '%User/checkphone%' ) LIMIT 1   [ RunTime:0.0006s ]

[ 2017-12-26T14:18:05+08:00 ] 111.204.81.227 /payget.php?s=/User/checkphone.html
INFO: [ app_begin ] --START--
INFO: Run Behavior\ReadHtmlCacheBehavior [ RunTime:0.000015s ]
INFO: [ app_begin ] --END-- [ RunTime:0.000039s ]
NOTIC: [8] A session had already been started - ignoring session_start() /home/wwwroot/newduobao/ThinkPHP/Common/functions.php 第 1243 行.
NOTIC: [8] Undefined index: user_brand /home/wwwroot/newduobao/Ewshop/Payget/Controller/ControlController.class.php 第 25 行.
SQL: SHOW COLUMNS FROM `ewshop_menu` [ RunTime:0.0006s ]
SQL: SELECT `id`,`title`,`url` FROM `ewshop_menu` WHERE `pid` = 0 AND `hide` = 0 AND `is_dev` = 0 ORDER BY sort asc  [ RunTime:0.0003s ]
SQL: SELECT `pid` FROM `ewshop_menu` WHERE ( pid !=0 AND url like '%User/checkphone%' ) LIMIT 1   [ RunTime:0.0006s ]

[ 2017-12-26T14:18:06+08:00 ] 111.204.81.227 /payget.php?s=/User/checkphone.html
INFO: [ app_begin ] --START--
INFO: Run Behavior\ReadHtmlCacheBehavior [ RunTime:0.000015s ]
INFO: [ app_begin ] --END-- [ RunTime:0.000038s ]
NOTIC: [8] A session had already been started - ignoring session_start() /home/wwwroot/newduobao/ThinkPHP/Common/functions.php 第 1243 行.
NOTIC: [8] Undefined index: user_brand /home/wwwroot/newduobao/Ewshop/Payget/Controller/ControlController.class.php 第 25 行.
SQL: SHOW COLUMNS FROM `ewshop_menu` [ RunTime:0.0006s ]
SQL: SELECT `id`,`title`,`url` FROM `ewshop_menu` WHERE `pid` = 0 AND `hide` = 0 AND `is_dev` = 0 ORDER BY sort asc  [ RunTime:0.0003s ]
SQL: SELECT `pid` FROM `ewshop_menu` WHERE ( pid !=0 AND url like '%User/checkphone%' ) LIMIT 1   [ RunTime:0.0007s ]

[ 2017-12-26T14:18:09+08:00 ] 111.204.81.227 /payget.php?s=/User/register.html
INFO: [ app_begin ] --START--
INFO: Run Behavior\ReadHtmlCacheBehavior [ RunTime:0.000019s ]
INFO: [ app_begin ] --END-- [ RunTime:0.000049s ]
NOTIC: [8] A session had already been started - ignoring session_start() /home/wwwroot/newduobao/ThinkPHP/Common/functions.php 第 1243 行.
NOTIC: [8] Undefined index: user_brand /home/wwwroot/newduobao/Ewshop/Payget/Controller/ControlController.class.php 第 25 行.
SQL: SHOW COLUMNS FROM `ewshop_menu` [ RunTime:0.0006s ]
SQL: SELECT `id`,`title`,`url` FROM `ewshop_menu` WHERE `pid` = 0 AND `hide` = 0 AND `is_dev` = 0 ORDER BY sort asc  [ RunTime:0.0003s ]
SQL: SELECT `pid` FROM `ewshop_menu` WHERE ( pid !=0 AND url like '%User/register%' ) LIMIT 1   [ RunTime:0.0006s ]
SQL: SHOW COLUMNS FROM `ewshop_ucenter_member` [ RunTime:0.0004s ]
SQL: SELECT * FROM `ewshop_ucenter_member` WHERE ( username = 13801187546 ) LIMIT 1   [ RunTime:0.0001s ]
SQL: SHOW COLUMNS FROM `ewshop_member` [ RunTime:0.0006s ]
INFO: [ view_parse ] --START--
INFO: [ template_filter ] --START--
INFO: Run Behavior\ContentReplaceBehavior [ RunTime:0.000065s ]
INFO: [ template_filter ] --END-- [ RunTime:0.000083s ]
INFO: Run Behavior\ParseTemplateBehavior [ RunTime:0.001163s ]
INFO: [ view_parse ] --END-- [ RunTime:0.001180s ]
INFO: [ view_filter ] --START--
INFO: Run Behavior\WriteHtmlCacheBehavior [ RunTime:0.000026s ]
INFO: [ view_filter ] --END-- [ RunTime:0.000035s ]
INFO: [ app_end ] --START--
INFO: Run Behavior\ShowPageTraceBehavior [ RunTime:0.000019s ]
INFO: [ app_end ] --END-- [ RunTime:0.000029s ]

[ 2017-12-26T14:18:14+08:00 ] 120.204.17.46 /payget.php?s=/Index/doorder.html
INFO: [ app_begin ] --START--
INFO: Run Behavior\ReadHtmlCacheBehavior [ RunTime:0.000019s ]
INFO: [ app_begin ] --END-- [ RunTime:0.000049s ]
NOTIC: [8] A session had already been started - ignoring session_start() /home/wwwroot/newduobao/ThinkPHP/Common/functions.php 第 1243 行.
NOTIC: [8] Undefined index: onethink_home /home/wwwroot/newduobao/Ewshop/Payget/Controller/IndexController.class.php 第 36 行.
NOTIC: [8] Undefined index: onethink_admin /home/wwwroot/newduobao/Ewshop/Payget/Controller/IndexController.class.php 第 36 行.

[ 2017-12-26T14:18:14+08:00 ] 120.204.17.46 /payget.php?s=/User/register.html
INFO: [ app_begin ] --START--
INFO: Run Behavior\ReadHtmlCacheBehavior [ RunTime:0.000017s ]
INFO: [ app_begin ] --END-- [ RunTime:0.000045s ]
NOTIC: [8] A session had already been started - ignoring session_start() /home/wwwroot/newduobao/ThinkPHP/Common/functions.php 第 1243 行.
NOTIC: [8] Undefined index: user_brand /home/wwwroot/newduobao/Ewshop/Payget/Controller/ControlController.class.php 第 25 行.
SQL: SHOW COLUMNS FROM `ewshop_menu` [ RunTime:0.0006s ]
SQL: SELECT `id`,`title`,`url` FROM `ewshop_menu` WHERE `pid` = 0 AND `hide` = 0 AND `is_dev` = 0 ORDER BY sort asc  [ RunTime:0.0003s ]
SQL: SELECT `pid` FROM `ewshop_menu` WHERE ( pid !=0 AND url like '%User/register%' ) LIMIT 1   [ RunTime:0.0006s ]
INFO: [ view_parse ] --START--
INFO: [ template_filter ] --START--
INFO: Run Behavior\ContentReplaceBehavior [ RunTime:0.000064s ]
INFO: [ template_filter ] --END-- [ RunTime:0.000082s ]
INFO: Run Behavior\ParseTemplateBehavior [ RunTime:0.001160s ]
INFO: [ view_parse ] --END-- [ RunTime:0.001179s ]
INFO: [ view_filter ] --START--
INFO: Run Behavior\WriteHtmlCacheBehavior [ RunTime:0.000027s ]
INFO: [ view_filter ] --END-- [ RunTime:0.000036s ]
INFO: [ app_end ] --START--
INFO: Run Behavior\ShowPageTraceBehavior [ RunTime:0.000040s ]
INFO: [ app_end ] --END-- [ RunTime:0.000051s ]

[ 2017-12-26T14:18:15+08:00 ] 120.204.17.71 /payget.php?s=/index/index.html
INFO: [ app_begin ] --START--
INFO: Run Behavior\ReadHtmlCacheBehavior [ RunTime:0.000016s ]
INFO: [ app_begin ] --END-- [ RunTime:0.000038s ]
NOTIC: [8] A session had already been started - ignoring session_start() /home/wwwroot/newduobao/ThinkPHP/Common/functions.php 第 1243 行.
NOTIC: [8] Undefined index: onethink_home /home/wwwroot/newduobao/Ewshop/Payget/Controller/IndexController.class.php 第 36 行.
NOTIC: [8] Undefined index: onethink_admin /home/wwwroot/newduobao/Ewshop/Payget/Controller/IndexController.class.php 第 36 行.

[ 2017-12-26T14:18:15+08:00 ] 120.204.17.71 /payget.php?s=/User/register.html
INFO: [ app_begin ] --START--
INFO: Run Behavior\ReadHtmlCacheBehavior [ RunTime:0.000015s ]
INFO: [ app_begin ] --END-- [ RunTime:0.000038s ]
NOTIC: [8] A session had already been started - ignoring session_start() /home/wwwroot/newduobao/ThinkPHP/Common/functions.php 第 1243 行.
NOTIC: [8] Undefined index: user_brand /home/wwwroot/newduobao/Ewshop/Payget/Controller/ControlController.class.php 第 25 行.
SQL: SHOW COLUMNS FROM `ewshop_menu` [ RunTime:0.0006s ]
SQL: SELECT `id`,`title`,`url` FROM `ewshop_menu` WHERE `pid` = 0 AND `hide` = 0 AND `is_dev` = 0 ORDER BY sort asc  [ RunTime:0.0003s ]
SQL: SELECT `pid` FROM `ewshop_menu` WHERE ( pid !=0 AND url like '%User/register%' ) LIMIT 1   [ RunTime:0.0006s ]
INFO: [ view_parse ] --START--
INFO: [ template_filter ] --START--
INFO: Run Behavior\ContentReplaceBehavior [ RunTime:0.000062s ]
INFO: [ template_filter ] --END-- [ RunTime:0.000079s ]
INFO: Run Behavior\ParseTemplateBehavior [ RunTime:0.001066s ]
INFO: [ view_parse ] --END-- [ RunTime:0.001084s ]
INFO: [ view_filter ] --START--
INFO: Run Behavior\WriteHtmlCacheBehavior [ RunTime:0.000019s ]
INFO: [ view_filter ] --END-- [ RunTime:0.000028s ]
INFO: [ app_end ] --START--
INFO: Run Behavior\ShowPageTraceBehavior [ RunTime:0.000014s ]
INFO: [ app_end ] --END-- [ RunTime:0.000022s ]

[ 2017-12-26T14:18:18+08:00 ] 120.204.17.68 /payget.php?s=/Index/recordlist.html
INFO: [ app_begin ] --START--
INFO: Run Behavior\ReadHtmlCacheBehavior [ RunTime:0.000020s ]
INFO: [ app_begin ] --END-- [ RunTime:0.000051s ]
NOTIC: [8] A session had already been started - ignoring session_start() /home/wwwroot/newduobao/ThinkPHP/Common/functions.php 第 1243 行.
NOTIC: [8] Undefined index: onethink_home /home/wwwroot/newduobao/Ewshop/Payget/Controller/IndexController.class.php 第 36 行.
NOTIC: [8] Undefined index: onethink_admin /home/wwwroot/newduobao/Ewshop/Payget/Controller/IndexController.class.php 第 36 行.

[ 2017-12-26T14:18:19+08:00 ] 120.204.17.68 /payget.php?s=/User/register.html
INFO: [ app_begin ] --START--
INFO: Run Behavior\ReadHtmlCacheBehavior [ RunTime:0.000017s ]
INFO: [ app_begin ] --END-- [ RunTime:0.000040s ]
NOTIC: [8] A session had already been started - ignoring session_start() /home/wwwroot/newduobao/ThinkPHP/Common/functions.php 第 1243 行.
NOTIC: [8] Undefined index: user_brand /home/wwwroot/newduobao/Ewshop/Payget/Controller/ControlController.class.php 第 25 行.
SQL: SHOW COLUMNS FROM `ewshop_menu` [ RunTime:0.0020s ]
SQL: SELECT `id`,`title`,`url` FROM `ewshop_menu` WHERE `pid` = 0 AND `hide` = 0 AND `is_dev` = 0 ORDER BY sort asc  [ RunTime:0.0004s ]
SQL: SELECT `pid` FROM `ewshop_menu` WHERE ( pid !=0 AND url like '%User/register%' ) LIMIT 1   [ RunTime:0.0006s ]
INFO: [ view_parse ] --START--
INFO: [ template_filter ] --START--
INFO: Run Behavior\ContentReplaceBehavior [ RunTime:0.000068s ]
INFO: [ template_filter ] --END-- [ RunTime:0.000089s ]
INFO: Run Behavior\ParseTemplateBehavior [ RunTime:0.001240s ]
INFO: [ view_parse ] --END-- [ RunTime:0.001259s ]
INFO: [ view_filter ] --START--
INFO: Run Behavior\WriteHtmlCacheBehavior [ RunTime:0.000051s ]
INFO: [ view_filter ] --END-- [ RunTime:0.000063s ]
INFO: [ app_end ] --START--
INFO: Run Behavior\ShowPageTraceBehavior [ RunTime:0.000021s ]
INFO: [ app_end ] --END-- [ RunTime:0.000030s ]

[ 2017-12-26T14:18:23+08:00 ] 111.204.81.227 /payget.php?s=/User/sendphone.html
INFO: [ app_begin ] --START--
INFO: Run Behavior\ReadHtmlCacheBehavior [ RunTime:0.000021s ]
INFO: [ app_begin ] --END-- [ RunTime:0.000054s ]
NOTIC: [8] A session had already been started - ignoring session_start() /home/wwwroot/newduobao/ThinkPHP/Common/functions.php 第 1243 行.
NOTIC: [8] Undefined index: user_brand /home/wwwroot/newduobao/Ewshop/Payget/Controller/ControlController.class.php 第 25 行.
SQL: SHOW COLUMNS FROM `ewshop_menu` [ RunTime:0.0006s ]
SQL: SELECT `id`,`title`,`url` FROM `ewshop_menu` WHERE `pid` = 0 AND `hide` = 0 AND `is_dev` = 0 ORDER BY sort asc  [ RunTime:0.0003s ]
SQL: SELECT `pid` FROM `ewshop_menu` WHERE ( pid !=0 AND url like '%User/sendphone%' ) LIMIT 1   [ RunTime:0.0006s ]
NOTIC: [8] Undefined index: oldphone /home/wwwroot/newduobao/Ewshop/Payget/Controller/UserController.class.php 第 255 行.
NOTIC: [8] curl_setopt(): CURLOPT_SSL_VERIFYHOST no longer accepts the value 1, value 2 will be used instead /home/wwwroot/newduobao/ThinkPHP/Library/Vendor/Sms/Sms.php 第 82 行.
SQL: SHOW COLUMNS FROM `ewshop_verification` [ RunTime:0.0008s ]
SQL: SHOW COLUMNS FROM `ewshop_member` [ RunTime:0.0006s ]
SQL: INSERT INTO `ewshop_verification` (`mobile`,`create_time`,`status`) VALUES ('13801187546','1514269103','1') [ RunTime:0.0002s ]
SQL: SHOW COLUMNS FROM `ewshop_sms` [ RunTime:0.0004s ]
SQL: INSERT INTO `ewshop_sms` (`mobile`,`content`,`create_time`,`group`) VALUES ('13801187546','您的短信验证码为：3225，有效期一小时。【千亩阳光】','1514269103','1') [ RunTime:0.0001s ]

[ 2017-12-26T14:18:31+08:00 ] 111.204.81.227 /payget.php?s=/User/checkphone.html
INFO: [ app_begin ] --START--
INFO: Run Behavior\ReadHtmlCacheBehavior [ RunTime:0.000016s ]
INFO: [ app_begin ] --END-- [ RunTime:0.000042s ]
NOTIC: [8] A session had already been started - ignoring session_start() /home/wwwroot/newduobao/ThinkPHP/Common/functions.php 第 1243 行.
NOTIC: [8] Undefined index: user_brand /home/wwwroot/newduobao/Ewshop/Payget/Controller/ControlController.class.php 第 25 行.
SQL: SHOW COLUMNS FROM `ewshop_menu` [ RunTime:0.0006s ]
SQL: SELECT `id`,`title`,`url` FROM `ewshop_menu` WHERE `pid` = 0 AND `hide` = 0 AND `is_dev` = 0 ORDER BY sort asc  [ RunTime:0.0003s ]
SQL: SELECT `pid` FROM `ewshop_menu` WHERE ( pid !=0 AND url like '%User/checkphone%' ) LIMIT 1   [ RunTime:0.0006s ]

[ 2017-12-26T14:18:31+08:00 ] 111.204.81.227 /payget.php?s=/User/checkphone.html
INFO: [ app_begin ] --START--
INFO: Run Behavior\ReadHtmlCacheBehavior [ RunTime:0.000017s ]
INFO: [ app_begin ] --END-- [ RunTime:0.000042s ]
NOTIC: [8] A session had already been started - ignoring session_start() /home/wwwroot/newduobao/ThinkPHP/Common/functions.php 第 1243 行.
NOTIC: [8] Undefined index: user_brand /home/wwwroot/newduobao/Ewshop/Payget/Controller/ControlController.class.php 第 25 行.
SQL: SHOW COLUMNS FROM `ewshop_menu` [ RunTime:0.0005s ]
SQL: SELECT `id`,`title`,`url` FROM `ewshop_menu` WHERE `pid` = 0 AND `hide` = 0 AND `is_dev` = 0 ORDER BY sort asc  [ RunTime:0.0003s ]
SQL: SELECT `pid` FROM `ewshop_menu` WHERE ( pid !=0 AND url like '%User/checkphone%' ) LIMIT 1   [ RunTime:0.0006s ]

[ 2017-12-26T14:18:32+08:00 ] 111.204.81.227 /payget.php?s=/User/checkphone.html
INFO: [ app_begin ] --START--
INFO: Run Behavior\ReadHtmlCacheBehavior [ RunTime:0.000015s ]
INFO: [ app_begin ] --END-- [ RunTime:0.000040s ]
NOTIC: [8] A session had already been started - ignoring session_start() /home/wwwroot/newduobao/ThinkPHP/Common/functions.php 第 1243 行.
NOTIC: [8] Undefined index: user_brand /home/wwwroot/newduobao/Ewshop/Payget/Controller/ControlController.class.php 第 25 行.
SQL: SHOW COLUMNS FROM `ewshop_menu` [ RunTime:0.0006s ]
SQL: SELECT `id`,`title`,`url` FROM `ewshop_menu` WHERE `pid` = 0 AND `hide` = 0 AND `is_dev` = 0 ORDER BY sort asc  [ RunTime:0.0003s ]
SQL: SELECT `pid` FROM `ewshop_menu` WHERE ( pid !=0 AND url like '%User/checkphone%' ) LIMIT 1   [ RunTime:0.0006s ]

[ 2017-12-26T14:18:32+08:00 ] 111.204.81.227 /payget.php?s=/User/checkphone.html
INFO: [ app_begin ] --START--
INFO: Run Behavior\ReadHtmlCacheBehavior [ RunTime:0.000014s ]
INFO: [ app_begin ] --END-- [ RunTime:0.000038s ]
NOTIC: [8] A session had already been started - ignoring session_start() /home/wwwroot/newduobao/ThinkPHP/Common/functions.php 第 1243 行.
NOTIC: [8] Undefined index: user_brand /home/wwwroot/newduobao/Ewshop/Payget/Controller/ControlController.class.php 第 25 行.
SQL: SHOW COLUMNS FROM `ewshop_menu` [ RunTime:0.0006s ]
SQL: SELECT `id`,`title`,`url` FROM `ewshop_menu` WHERE `pid` = 0 AND `hide` = 0 AND `is_dev` = 0 ORDER BY sort asc  [ RunTime:0.0003s ]
SQL: SELECT `pid` FROM `ewshop_menu` WHERE ( pid !=0 AND url like '%User/checkphone%' ) LIMIT 1   [ RunTime:0.0006s ]

[ 2017-12-26T14:18:33+08:00 ] 111.204.81.227 /payget.php?s=/User/register.html
INFO: [ app_begin ] --START--
INFO: Run Behavior\ReadHtmlCacheBehavior [ RunTime:0.000020s ]
INFO: [ app_begin ] --END-- [ RunTime:0.000052s ]
NOTIC: [8] A session had already been started - ignoring session_start() /home/wwwroot/newduobao/ThinkPHP/Common/functions.php 第 1243 行.
NOTIC: [8] Undefined index: user_brand /home/wwwroot/newduobao/Ewshop/Payget/Controller/ControlController.class.php 第 25 行.
SQL: SHOW COLUMNS FROM `ewshop_menu` [ RunTime:0.0006s ]
SQL: SELECT `id`,`title`,`url` FROM `ewshop_menu` WHERE `pid` = 0 AND `hide` = 0 AND `is_dev` = 0 ORDER BY sort asc  [ RunTime:0.0003s ]
SQL: SELECT `pid` FROM `ewshop_menu` WHERE ( pid !=0 AND url like '%User/register%' ) LIMIT 1   [ RunTime:0.0006s ]
SQL: SHOW COLUMNS FROM `ewshop_ucenter_member` [ RunTime:0.0004s ]
SQL: SELECT * FROM `ewshop_ucenter_member` WHERE ( username = 13801187546 ) LIMIT 1   [ RunTime:0.0001s ]
SQL: SHOW COLUMNS FROM `ewshop_member` [ RunTime:0.0004s ]
INFO: [ view_parse ] --START--
INFO: [ template_filter ] --START--
INFO: Run Behavior\ContentReplaceBehavior [ RunTime:0.000065s ]
INFO: [ template_filter ] --END-- [ RunTime:0.000082s ]
INFO: Run Behavior\ParseTemplateBehavior [ RunTime:0.001168s ]
INFO: [ view_parse ] --END-- [ RunTime:0.001187s ]
INFO: [ view_filter ] --START--
INFO: Run Behavior\WriteHtmlCacheBehavior [ RunTime:0.000026s ]
INFO: [ view_filter ] --END-- [ RunTime:0.000035s ]
INFO: [ app_end ] --START--
INFO: Run Behavior\ShowPageTraceBehavior [ RunTime:0.000020s ]
INFO: [ app_end ] --END-- [ RunTime:0.000029s ]

[ 2017-12-26T14:18:44+08:00 ] 183.192.201.97 /payget.php?s=/User/register.html
INFO: [ app_begin ] --START--
INFO: Run Behavior\ReadHtmlCacheBehavior [ RunTime:0.000031s ]
INFO: [ app_begin ] --END-- [ RunTime:0.000079s ]
NOTIC: [8] A session had already been started - ignoring session_start() /home/wwwroot/newduobao/ThinkPHP/Common/functions.php 第 1243 行.
NOTIC: [8] Undefined index: user_brand /home/wwwroot/newduobao/Ewshop/Payget/Controller/ControlController.class.php 第 25 行.
SQL: SHOW COLUMNS FROM `ewshop_menu` [ RunTime:0.0008s ]
SQL: SELECT `id`,`title`,`url` FROM `ewshop_menu` WHERE `pid` = 0 AND `hide` = 0 AND `is_dev` = 0 ORDER BY sort asc  [ RunTime:0.0004s ]
SQL: SELECT `pid` FROM `ewshop_menu` WHERE ( pid !=0 AND url like '%User/register%' ) LIMIT 1   [ RunTime:0.0008s ]
INFO: [ view_parse ] --START--
INFO: [ template_filter ] --START--
INFO: Run Behavior\ContentReplaceBehavior [ RunTime:0.000077s ]
INFO: [ template_filter ] --END-- [ RunTime:0.000105s ]
INFO: Run Behavior\ParseTemplateBehavior [ RunTime:0.001495s ]
INFO: [ view_parse ] --END-- [ RunTime:0.001520s ]
INFO: [ view_filter ] --START--
INFO: Run Behavior\WriteHtmlCacheBehavior [ RunTime:0.000036s ]
INFO: [ view_filter ] --END-- [ RunTime:0.000053s ]
INFO: [ app_end ] --START--
INFO: Run Behavior\ShowPageTraceBehavior [ RunTime:0.000032s ]
INFO: [ app_end ] --END-- [ RunTime:0.000048s ]

