[ 2017-12-10T22:24:01+08:00 ] 49.4.12.68 /Weixin/Auto/doAuto
NOTIC: [8] Undefined index: code /home/wwwroot/newduobao/Ewshop/Weixin/Controller/HomeController.class.php 第 43 行.
SQL: SHOW COLUMNS FROM `ewshop_config` [ RunTime:0.0008s ]
SQL: SELECT `type`,`name`,`value` FROM `ewshop_config` WHERE `status` = 1  [ RunTime:0.0003s ]

[ 2017-12-10T22:25:02+08:00 ] 49.4.12.68 /Weixin/Auto/doAuto
NOTIC: [8] Undefined index: code /home/wwwroot/newduobao/Ewshop/Weixin/Controller/HomeController.class.php 第 43 行.
SQL: SHOW COLUMNS FROM `ewshop_config` [ RunTime:0.0006s ]
SQL: SELECT `type`,`name`,`value` FROM `ewshop_config` WHERE `status` = 1  [ RunTime:0.0002s ]

[ 2017-12-10T22:25:02+08:00 ] 49.4.12.68 /Weixin/Auto/doorder
NOTIC: [8] Undefined index: code /home/wwwroot/newduobao/Ewshop/Weixin/Controller/HomeController.class.php 第 43 行.
SQL: SHOW COLUMNS FROM `ewshop_config` [ RunTime:0.0008s ]
SQL: SELECT `type`,`name`,`value` FROM `ewshop_config` WHERE `status` = 1  [ RunTime:0.0003s ]

[ 2017-12-10T22:26:01+08:00 ] 49.4.12.68 /Weixin/Auto/doAuto
NOTIC: [8] Undefined index: code /home/wwwroot/newduobao/Ewshop/Weixin/Controller/HomeController.class.php 第 43 行.
SQL: SHOW COLUMNS FROM `ewshop_config` [ RunTime:0.0006s ]
SQL: SELECT `type`,`name`,`value` FROM `ewshop_config` WHERE `status` = 1  [ RunTime:0.0002s ]

[ 2017-12-10T22:27:01+08:00 ] 49.4.12.68 /Weixin/Auto/doAuto
NOTIC: [8] Undefined index: code /home/wwwroot/newduobao/Ewshop/Weixin/Controller/HomeController.class.php 第 43 行.
SQL: SHOW COLUMNS FROM `ewshop_config` [ RunTime:0.0006s ]
SQL: SELECT `type`,`name`,`value` FROM `ewshop_config` WHERE `status` = 1  [ RunTime:0.0002s ]

[ 2017-12-10T22:28:01+08:00 ] 49.4.12.68 /Weixin/Auto/doAuto
NOTIC: [8] Undefined index: code /home/wwwroot/newduobao/Ewshop/Weixin/Controller/HomeController.class.php 第 43 行.
SQL: SHOW COLUMNS FROM `ewshop_config` [ RunTime:0.0008s ]
SQL: SELECT `type`,`name`,`value` FROM `ewshop_config` WHERE `status` = 1  [ RunTime:0.0003s ]

[ 2017-12-10T22:29:01+08:00 ] 49.4.12.68 /Weixin/Auto/doAuto
NOTIC: [8] Undefined index: code /home/wwwroot/newduobao/Ewshop/Weixin/Controller/HomeController.class.php 第 43 行.
SQL: SHOW COLUMNS FROM `ewshop_config` [ RunTime:0.0007s ]
SQL: SELECT `type`,`name`,`value` FROM `ewshop_config` WHERE `status` = 1  [ RunTime:0.0002s ]

[ 2017-12-10T22:30:01+08:00 ] 49.4.12.68 /Weixin/Auto/doorder
NOTIC: [8] Undefined index: code /home/wwwroot/newduobao/Ewshop/Weixin/Controller/HomeController.class.php 第 43 行.
SQL: SHOW COLUMNS FROM `ewshop_config` [ RunTime:0.0006s ]
SQL: SELECT `type`,`name`,`value` FROM `ewshop_config` WHERE `status` = 1  [ RunTime:0.0003s ]

[ 2017-12-10T22:30:01+08:00 ] 49.4.12.68 /Weixin/Auto/doAuto
NOTIC: [8] Undefined index: code /home/wwwroot/newduobao/Ewshop/Weixin/Controller/HomeController.class.php 第 43 行.
SQL: SHOW COLUMNS FROM `ewshop_config` [ RunTime:0.0007s ]
SQL: SELECT `type`,`name`,`value` FROM `ewshop_config` WHERE `status` = 1  [ RunTime:0.0003s ]

[ 2017-12-10T22:31:01+08:00 ] 49.4.12.68 /Weixin/Auto/doAuto
NOTIC: [8] Undefined index: code /home/wwwroot/newduobao/Ewshop/Weixin/Controller/HomeController.class.php 第 43 行.
SQL: SHOW COLUMNS FROM `ewshop_config` [ RunTime:0.0006s ]
SQL: SELECT `type`,`name`,`value` FROM `ewshop_config` WHERE `status` = 1  [ RunTime:0.0003s ]

[ 2017-12-10T22:32:01+08:00 ] 49.4.12.68 /Weixin/Auto/doAuto
NOTIC: [8] Undefined index: code /home/wwwroot/newduobao/Ewshop/Weixin/Controller/HomeController.class.php 第 43 行.
SQL: SHOW COLUMNS FROM `ewshop_config` [ RunTime:0.0007s ]
SQL: SELECT `type`,`name`,`value` FROM `ewshop_config` WHERE `status` = 1  [ RunTime:0.0002s ]

[ 2017-12-10T22:33:01+08:00 ] 49.4.12.68 /Weixin/Auto/doAuto
NOTIC: [8] Undefined index: code /home/wwwroot/newduobao/Ewshop/Weixin/Controller/HomeController.class.php 第 43 行.
SQL: SHOW COLUMNS FROM `ewshop_config` [ RunTime:0.0007s ]
SQL: SELECT `type`,`name`,`value` FROM `ewshop_config` WHERE `status` = 1  [ RunTime:0.0002s ]

[ 2017-12-10T22:34:01+08:00 ] 49.4.12.68 /Weixin/Auto/doAuto
NOTIC: [8] Undefined index: code /home/wwwroot/newduobao/Ewshop/Weixin/Controller/HomeController.class.php 第 43 行.
SQL: SHOW COLUMNS FROM `ewshop_config` [ RunTime:0.0007s ]
SQL: SELECT `type`,`name`,`value` FROM `ewshop_config` WHERE `status` = 1  [ RunTime:0.0003s ]

[ 2017-12-10T22:35:02+08:00 ] 49.4.12.68 /Weixin/Auto/doAuto
NOTIC: [8] Undefined index: code /home/wwwroot/newduobao/Ewshop/Weixin/Controller/HomeController.class.php 第 43 行.
SQL: SHOW COLUMNS FROM `ewshop_config` [ RunTime:0.0006s ]
SQL: SELECT `type`,`name`,`value` FROM `ewshop_config` WHERE `status` = 1  [ RunTime:0.0002s ]

[ 2017-12-10T22:35:02+08:00 ] 49.4.12.68 /Weixin/Auto/doorder
NOTIC: [8] Undefined index: code /home/wwwroot/newduobao/Ewshop/Weixin/Controller/HomeController.class.php 第 43 行.
SQL: SHOW COLUMNS FROM `ewshop_config` [ RunTime:0.0007s ]
SQL: SELECT `type`,`name`,`value` FROM `ewshop_config` WHERE `status` = 1  [ RunTime:0.0002s ]

[ 2017-12-10T22:36:01+08:00 ] 49.4.12.68 /Weixin/Auto/doAuto
NOTIC: [8] Undefined index: code /home/wwwroot/newduobao/Ewshop/Weixin/Controller/HomeController.class.php 第 43 行.
SQL: SHOW COLUMNS FROM `ewshop_config` [ RunTime:0.0007s ]
SQL: SELECT `type`,`name`,`value` FROM `ewshop_config` WHERE `status` = 1  [ RunTime:0.0002s ]

[ 2017-12-10T22:37:01+08:00 ] 49.4.12.68 /Weixin/Auto/doAuto
NOTIC: [8] Undefined index: code /home/wwwroot/newduobao/Ewshop/Weixin/Controller/HomeController.class.php 第 43 行.
SQL: SHOW COLUMNS FROM `ewshop_config` [ RunTime:0.0008s ]
SQL: SELECT `type`,`name`,`value` FROM `ewshop_config` WHERE `status` = 1  [ RunTime:0.0003s ]

[ 2017-12-10T22:38:01+08:00 ] 49.4.12.68 /Weixin/Auto/doAuto
NOTIC: [8] Undefined index: code /home/wwwroot/newduobao/Ewshop/Weixin/Controller/HomeController.class.php 第 43 行.
SQL: SHOW COLUMNS FROM `ewshop_config` [ RunTime:0.0006s ]
SQL: SELECT `type`,`name`,`value` FROM `ewshop_config` WHERE `status` = 1  [ RunTime:0.0003s ]

[ 2017-12-10T22:39:01+08:00 ] 49.4.12.68 /Weixin/Auto/doAuto
NOTIC: [8] Undefined index: code /home/wwwroot/newduobao/Ewshop/Weixin/Controller/HomeController.class.php 第 43 行.
SQL: SHOW COLUMNS FROM `ewshop_config` [ RunTime:0.0006s ]
SQL: SELECT `type`,`name`,`value` FROM `ewshop_config` WHERE `status` = 1  [ RunTime:0.0002s ]

[ 2017-12-10T22:40:01+08:00 ] 49.4.12.68 /Weixin/Auto/doAuto
NOTIC: [8] Undefined index: code /home/wwwroot/newduobao/Ewshop/Weixin/Controller/HomeController.class.php 第 43 行.
SQL: SHOW COLUMNS FROM `ewshop_config` [ RunTime:0.0006s ]
SQL: SELECT `type`,`name`,`value` FROM `ewshop_config` WHERE `status` = 1  [ RunTime:0.0003s ]

[ 2017-12-10T22:40:01+08:00 ] 49.4.12.68 /Weixin/Auto/doorder
NOTIC: [8] Undefined index: code /home/wwwroot/newduobao/Ewshop/Weixin/Controller/HomeController.class.php 第 43 行.
SQL: SHOW COLUMNS FROM `ewshop_config` [ RunTime:0.0006s ]
SQL: SELECT `type`,`name`,`value` FROM `ewshop_config` WHERE `status` = 1  [ RunTime:0.0002s ]

[ 2017-12-10T22:41:01+08:00 ] 49.4.12.68 /Weixin/Auto/doAuto
NOTIC: [8] Undefined index: code /home/wwwroot/newduobao/Ewshop/Weixin/Controller/HomeController.class.php 第 43 行.
SQL: SHOW COLUMNS FROM `ewshop_config` [ RunTime:0.0006s ]
SQL: SELECT `type`,`name`,`value` FROM `ewshop_config` WHERE `status` = 1  [ RunTime:0.0002s ]

[ 2017-12-10T22:42:01+08:00 ] 49.4.12.68 /Weixin/Auto/doAuto
NOTIC: [8] Undefined index: code /home/wwwroot/newduobao/Ewshop/Weixin/Controller/HomeController.class.php 第 43 行.
SQL: SHOW COLUMNS FROM `ewshop_config` [ RunTime:0.0006s ]
SQL: SELECT `type`,`name`,`value` FROM `ewshop_config` WHERE `status` = 1  [ RunTime:0.0002s ]

[ 2017-12-10T22:43:01+08:00 ] 49.4.12.68 /Weixin/Auto/doAuto
NOTIC: [8] Undefined index: code /home/wwwroot/newduobao/Ewshop/Weixin/Controller/HomeController.class.php 第 43 行.
SQL: SHOW COLUMNS FROM `ewshop_config` [ RunTime:0.0006s ]
SQL: SELECT `type`,`name`,`value` FROM `ewshop_config` WHERE `status` = 1  [ RunTime:0.0002s ]

[ 2017-12-10T22:44:02+08:00 ] 49.4.12.68 /Weixin/Auto/doAuto
NOTIC: [8] Undefined index: code /home/wwwroot/newduobao/Ewshop/Weixin/Controller/HomeController.class.php 第 43 行.
SQL: SHOW COLUMNS FROM `ewshop_config` [ RunTime:0.0006s ]
SQL: SELECT `type`,`name`,`value` FROM `ewshop_config` WHERE `status` = 1  [ RunTime:0.0002s ]

[ 2017-12-10T22:45:01+08:00 ] 49.4.12.68 /Weixin/Auto/doAuto
NOTIC: [8] Undefined index: code /home/wwwroot/newduobao/Ewshop/Weixin/Controller/HomeController.class.php 第 43 行.
SQL: SHOW COLUMNS FROM `ewshop_config` [ RunTime:0.0006s ]
SQL: SELECT `type`,`name`,`value` FROM `ewshop_config` WHERE `status` = 1  [ RunTime:0.0002s ]

[ 2017-12-10T22:45:01+08:00 ] 49.4.12.68 /Weixin/Auto/doorder
NOTIC: [8] Undefined index: code /home/wwwroot/newduobao/Ewshop/Weixin/Controller/HomeController.class.php 第 43 行.
SQL: SHOW COLUMNS FROM `ewshop_config` [ RunTime:0.0007s ]
SQL: SELECT `type`,`name`,`value` FROM `ewshop_config` WHERE `status` = 1  [ RunTime:0.0002s ]

[ 2017-12-10T22:46:01+08:00 ] 49.4.12.68 /Weixin/Auto/doAuto
NOTIC: [8] Undefined index: code /home/wwwroot/newduobao/Ewshop/Weixin/Controller/HomeController.class.php 第 43 行.
SQL: SHOW COLUMNS FROM `ewshop_config` [ RunTime:0.0006s ]
SQL: SELECT `type`,`name`,`value` FROM `ewshop_config` WHERE `status` = 1  [ RunTime:0.0002s ]

[ 2017-12-10T22:47:01+08:00 ] 49.4.12.68 /Weixin/Auto/doAuto
NOTIC: [8] Undefined index: code /home/wwwroot/newduobao/Ewshop/Weixin/Controller/HomeController.class.php 第 43 行.
SQL: SHOW COLUMNS FROM `ewshop_config` [ RunTime:0.0006s ]
SQL: SELECT `type`,`name`,`value` FROM `ewshop_config` WHERE `status` = 1  [ RunTime:0.0002s ]

[ 2017-12-10T22:48:01+08:00 ] 49.4.12.68 /Weixin/Auto/doAuto
NOTIC: [8] Undefined index: code /home/wwwroot/newduobao/Ewshop/Weixin/Controller/HomeController.class.php 第 43 行.
SQL: SHOW COLUMNS FROM `ewshop_config` [ RunTime:0.0007s ]
SQL: SELECT `type`,`name`,`value` FROM `ewshop_config` WHERE `status` = 1  [ RunTime:0.0003s ]

[ 2017-12-10T22:49:01+08:00 ] 49.4.12.68 /Weixin/Auto/doAuto
NOTIC: [8] Undefined index: code /home/wwwroot/newduobao/Ewshop/Weixin/Controller/HomeController.class.php 第 43 行.
SQL: SHOW COLUMNS FROM `ewshop_config` [ RunTime:0.0012s ]
SQL: SELECT `type`,`name`,`value` FROM `ewshop_config` WHERE `status` = 1  [ RunTime:0.0003s ]

[ 2017-12-10T22:50:01+08:00 ] 49.4.12.68 /Weixin/Auto/doorder
NOTIC: [8] Undefined index: code /home/wwwroot/newduobao/Ewshop/Weixin/Controller/HomeController.class.php 第 43 行.
SQL: SHOW COLUMNS FROM `ewshop_config` [ RunTime:0.0006s ]
SQL: SELECT `type`,`name`,`value` FROM `ewshop_config` WHERE `status` = 1  [ RunTime:0.0002s ]

[ 2017-12-10T22:50:01+08:00 ] 49.4.12.68 /Weixin/Auto/doAuto
NOTIC: [8] Undefined index: code /home/wwwroot/newduobao/Ewshop/Weixin/Controller/HomeController.class.php 第 43 行.
SQL: SHOW COLUMNS FROM `ewshop_config` [ RunTime:0.0007s ]
SQL: SELECT `type`,`name`,`value` FROM `ewshop_config` WHERE `status` = 1  [ RunTime:0.0002s ]

[ 2017-12-10T22:51:01+08:00 ] 49.4.12.68 /Weixin/Auto/doAuto
NOTIC: [8] Undefined index: code /home/wwwroot/newduobao/Ewshop/Weixin/Controller/HomeController.class.php 第 43 行.
SQL: SHOW COLUMNS FROM `ewshop_config` [ RunTime:0.0005s ]
SQL: SELECT `type`,`name`,`value` FROM `ewshop_config` WHERE `status` = 1  [ RunTime:0.0002s ]

[ 2017-12-10T22:52:01+08:00 ] 49.4.12.68 /Weixin/Auto/doAuto
NOTIC: [8] Undefined index: code /home/wwwroot/newduobao/Ewshop/Weixin/Controller/HomeController.class.php 第 43 行.
SQL: SHOW COLUMNS FROM `ewshop_config` [ RunTime:0.0006s ]
SQL: SELECT `type`,`name`,`value` FROM `ewshop_config` WHERE `status` = 1  [ RunTime:0.0002s ]

[ 2017-12-10T22:53:01+08:00 ] 49.4.12.68 /Weixin/Auto/doAuto
NOTIC: [8] Undefined index: code /home/wwwroot/newduobao/Ewshop/Weixin/Controller/HomeController.class.php 第 43 行.
SQL: SHOW COLUMNS FROM `ewshop_config` [ RunTime:0.0006s ]
SQL: SELECT `type`,`name`,`value` FROM `ewshop_config` WHERE `status` = 1  [ RunTime:0.0003s ]

[ 2017-12-10T22:54:01+08:00 ] 49.4.12.68 /Weixin/Auto/doAuto
NOTIC: [8] Undefined index: code /home/wwwroot/newduobao/Ewshop/Weixin/Controller/HomeController.class.php 第 43 行.
SQL: SHOW COLUMNS FROM `ewshop_config` [ RunTime:0.0006s ]
SQL: SELECT `type`,`name`,`value` FROM `ewshop_config` WHERE `status` = 1  [ RunTime:0.0002s ]

[ 2017-12-10T22:55:01+08:00 ] 49.4.12.68 /Weixin/Auto/doAuto
NOTIC: [8] Undefined index: code /home/wwwroot/newduobao/Ewshop/Weixin/Controller/HomeController.class.php 第 43 行.
SQL: SHOW COLUMNS FROM `ewshop_config` [ RunTime:0.0006s ]
SQL: SELECT `type`,`name`,`value` FROM `ewshop_config` WHERE `status` = 1  [ RunTime:0.0002s ]

[ 2017-12-10T22:55:01+08:00 ] 49.4.12.68 /Weixin/Auto/doorder
NOTIC: [8] Undefined index: code /home/wwwroot/newduobao/Ewshop/Weixin/Controller/HomeController.class.php 第 43 行.
SQL: SHOW COLUMNS FROM `ewshop_config` [ RunTime:0.0006s ]
SQL: SELECT `type`,`name`,`value` FROM `ewshop_config` WHERE `status` = 1  [ RunTime:0.0002s ]

[ 2017-12-10T22:56:01+08:00 ] 49.4.12.68 /Weixin/Auto/doAuto
NOTIC: [8] Undefined index: code /home/wwwroot/newduobao/Ewshop/Weixin/Controller/HomeController.class.php 第 43 行.
SQL: SHOW COLUMNS FROM `ewshop_config` [ RunTime:0.0006s ]
SQL: SELECT `type`,`name`,`value` FROM `ewshop_config` WHERE `status` = 1  [ RunTime:0.0003s ]

[ 2017-12-10T22:57:01+08:00 ] 49.4.12.68 /Weixin/Auto/doAuto
NOTIC: [8] Undefined index: code /home/wwwroot/newduobao/Ewshop/Weixin/Controller/HomeController.class.php 第 43 行.
SQL: SHOW COLUMNS FROM `ewshop_config` [ RunTime:0.0006s ]
SQL: SELECT `type`,`name`,`value` FROM `ewshop_config` WHERE `status` = 1  [ RunTime:0.0002s ]

[ 2017-12-10T22:58:01+08:00 ] 49.4.12.68 /Weixin/Auto/doAuto
NOTIC: [8] Undefined index: code /home/wwwroot/newduobao/Ewshop/Weixin/Controller/HomeController.class.php 第 43 行.
SQL: SHOW COLUMNS FROM `ewshop_config` [ RunTime:0.0006s ]
SQL: SELECT `type`,`name`,`value` FROM `ewshop_config` WHERE `status` = 1  [ RunTime:0.0002s ]

[ 2017-12-10T22:59:01+08:00 ] 49.4.12.68 /Weixin/Auto/doAuto
NOTIC: [8] Undefined index: code /home/wwwroot/newduobao/Ewshop/Weixin/Controller/HomeController.class.php 第 43 行.
SQL: SHOW COLUMNS FROM `ewshop_config` [ RunTime:0.0008s ]
SQL: SELECT `type`,`name`,`value` FROM `ewshop_config` WHERE `status` = 1  [ RunTime:0.0003s ]

[ 2017-12-10T23:00:01+08:00 ] 49.4.12.68 /Weixin/Auto/doorder
NOTIC: [8] Undefined index: code /home/wwwroot/newduobao/Ewshop/Weixin/Controller/HomeController.class.php 第 43 行.
SQL: SHOW COLUMNS FROM `ewshop_config` [ RunTime:0.0006s ]
SQL: SELECT `type`,`name`,`value` FROM `ewshop_config` WHERE `status` = 1  [ RunTime:0.0002s ]

[ 2017-12-10T23:00:01+08:00 ] 49.4.12.68 /Weixin/Auto/doAuto
NOTIC: [8] Undefined index: code /home/wwwroot/newduobao/Ewshop/Weixin/Controller/HomeController.class.php 第 43 行.
SQL: SHOW COLUMNS FROM `ewshop_config` [ RunTime:0.0006s ]
SQL: SELECT `type`,`name`,`value` FROM `ewshop_config` WHERE `status` = 1  [ RunTime:0.0004s ]

[ 2017-12-10T23:01:01+08:00 ] 49.4.12.68 /Weixin/Auto/doAuto
NOTIC: [8] Undefined index: code /home/wwwroot/newduobao/Ewshop/Weixin/Controller/HomeController.class.php 第 43 行.
SQL: SHOW COLUMNS FROM `ewshop_config` [ RunTime:0.0006s ]
SQL: SELECT `type`,`name`,`value` FROM `ewshop_config` WHERE `status` = 1  [ RunTime:0.0003s ]

[ 2017-12-10T23:02:01+08:00 ] 49.4.12.68 /Weixin/Auto/doAuto
NOTIC: [8] Undefined index: code /home/wwwroot/newduobao/Ewshop/Weixin/Controller/HomeController.class.php 第 43 行.
SQL: SHOW COLUMNS FROM `ewshop_config` [ RunTime:0.0007s ]
SQL: SELECT `type`,`name`,`value` FROM `ewshop_config` WHERE `status` = 1  [ RunTime:0.0002s ]

[ 2017-12-10T23:03:02+08:00 ] 49.4.12.68 /Weixin/Auto/doAuto
NOTIC: [8] Undefined index: code /home/wwwroot/newduobao/Ewshop/Weixin/Controller/HomeController.class.php 第 43 行.
SQL: SHOW COLUMNS FROM `ewshop_config` [ RunTime:0.0006s ]
SQL: SELECT `type`,`name`,`value` FROM `ewshop_config` WHERE `status` = 1  [ RunTime:0.0003s ]

[ 2017-12-10T23:04:01+08:00 ] 49.4.12.68 /Weixin/Auto/doAuto
NOTIC: [8] Undefined index: code /home/wwwroot/newduobao/Ewshop/Weixin/Controller/HomeController.class.php 第 43 行.
SQL: SHOW COLUMNS FROM `ewshop_config` [ RunTime:0.0009s ]
SQL: SELECT `type`,`name`,`value` FROM `ewshop_config` WHERE `status` = 1  [ RunTime:0.0003s ]

[ 2017-12-10T23:05:01+08:00 ] 49.4.12.68 /Weixin/Auto/doAuto
NOTIC: [8] Undefined index: code /home/wwwroot/newduobao/Ewshop/Weixin/Controller/HomeController.class.php 第 43 行.
SQL: SHOW COLUMNS FROM `ewshop_config` [ RunTime:0.0006s ]
SQL: SELECT `type`,`name`,`value` FROM `ewshop_config` WHERE `status` = 1  [ RunTime:0.0002s ]

[ 2017-12-10T23:05:01+08:00 ] 49.4.12.68 /Weixin/Auto/doorder
NOTIC: [8] Undefined index: code /home/wwwroot/newduobao/Ewshop/Weixin/Controller/HomeController.class.php 第 43 行.
SQL: SHOW COLUMNS FROM `ewshop_config` [ RunTime:0.0006s ]
SQL: SELECT `type`,`name`,`value` FROM `ewshop_config` WHERE `status` = 1  [ RunTime:0.0002s ]

[ 2017-12-10T23:06:01+08:00 ] 49.4.12.68 /Weixin/Auto/doAuto
NOTIC: [8] Undefined index: code /home/wwwroot/newduobao/Ewshop/Weixin/Controller/HomeController.class.php 第 43 行.
SQL: SHOW COLUMNS FROM `ewshop_config` [ RunTime:0.0006s ]
SQL: SELECT `type`,`name`,`value` FROM `ewshop_config` WHERE `status` = 1  [ RunTime:0.0002s ]

[ 2017-12-10T23:07:01+08:00 ] 49.4.12.68 /Weixin/Auto/doAuto
NOTIC: [8] Undefined index: code /home/wwwroot/newduobao/Ewshop/Weixin/Controller/HomeController.class.php 第 43 行.
SQL: SHOW COLUMNS FROM `ewshop_config` [ RunTime:0.0006s ]
SQL: SELECT `type`,`name`,`value` FROM `ewshop_config` WHERE `status` = 1  [ RunTime:0.0002s ]

[ 2017-12-10T23:08:01+08:00 ] 49.4.12.68 /Weixin/Auto/doAuto
NOTIC: [8] Undefined index: code /home/wwwroot/newduobao/Ewshop/Weixin/Controller/HomeController.class.php 第 43 行.
SQL: SHOW COLUMNS FROM `ewshop_config` [ RunTime:0.0007s ]
SQL: SELECT `type`,`name`,`value` FROM `ewshop_config` WHERE `status` = 1  [ RunTime:0.0002s ]

[ 2017-12-10T23:09:01+08:00 ] 49.4.12.68 /Weixin/Auto/doAuto
NOTIC: [8] Undefined index: code /home/wwwroot/newduobao/Ewshop/Weixin/Controller/HomeController.class.php 第 43 行.
SQL: SHOW COLUMNS FROM `ewshop_config` [ RunTime:0.0006s ]
SQL: SELECT `type`,`name`,`value` FROM `ewshop_config` WHERE `status` = 1  [ RunTime:0.0002s ]

[ 2017-12-10T23:10:01+08:00 ] 49.4.12.68 /Weixin/Auto/doorder
NOTIC: [8] Undefined index: code /home/wwwroot/newduobao/Ewshop/Weixin/Controller/HomeController.class.php 第 43 行.
SQL: SHOW COLUMNS FROM `ewshop_config` [ RunTime:0.0006s ]
SQL: SELECT `type`,`name`,`value` FROM `ewshop_config` WHERE `status` = 1  [ RunTime:0.0002s ]

[ 2017-12-10T23:10:01+08:00 ] 49.4.12.68 /Weixin/Auto/doAuto
NOTIC: [8] Undefined index: code /home/wwwroot/newduobao/Ewshop/Weixin/Controller/HomeController.class.php 第 43 行.
SQL: SHOW COLUMNS FROM `ewshop_config` [ RunTime:0.0006s ]
SQL: SELECT `type`,`name`,`value` FROM `ewshop_config` WHERE `status` = 1  [ RunTime:0.0002s ]

[ 2017-12-10T23:11:01+08:00 ] 49.4.12.68 /Weixin/Auto/doAuto
NOTIC: [8] Undefined index: code /home/wwwroot/newduobao/Ewshop/Weixin/Controller/HomeController.class.php 第 43 行.
SQL: SHOW COLUMNS FROM `ewshop_config` [ RunTime:0.0006s ]
SQL: SELECT `type`,`name`,`value` FROM `ewshop_config` WHERE `status` = 1  [ RunTime:0.0002s ]

[ 2017-12-10T23:12:02+08:00 ] 49.4.12.68 /Weixin/Auto/doAuto
NOTIC: [8] Undefined index: code /home/wwwroot/newduobao/Ewshop/Weixin/Controller/HomeController.class.php 第 43 行.
SQL: SHOW COLUMNS FROM `ewshop_config` [ RunTime:0.0006s ]
SQL: SELECT `type`,`name`,`value` FROM `ewshop_config` WHERE `status` = 1  [ RunTime:0.0002s ]

[ 2017-12-10T23:13:01+08:00 ] 49.4.12.68 /Weixin/Auto/doAuto
NOTIC: [8] Undefined index: code /home/wwwroot/newduobao/Ewshop/Weixin/Controller/HomeController.class.php 第 43 行.
SQL: SHOW COLUMNS FROM `ewshop_config` [ RunTime:0.0008s ]
SQL: SELECT `type`,`name`,`value` FROM `ewshop_config` WHERE `status` = 1  [ RunTime:0.0003s ]

[ 2017-12-10T23:14:01+08:00 ] 49.4.12.68 /Weixin/Auto/doAuto
NOTIC: [8] Undefined index: code /home/wwwroot/newduobao/Ewshop/Weixin/Controller/HomeController.class.php 第 43 行.
SQL: SHOW COLUMNS FROM `ewshop_config` [ RunTime:0.0008s ]
SQL: SELECT `type`,`name`,`value` FROM `ewshop_config` WHERE `status` = 1  [ RunTime:0.0002s ]

[ 2017-12-10T23:15:01+08:00 ] 49.4.12.68 /Weixin/Auto/doorder
NOTIC: [8] Undefined index: code /home/wwwroot/newduobao/Ewshop/Weixin/Controller/HomeController.class.php 第 43 行.
SQL: SHOW COLUMNS FROM `ewshop_config` [ RunTime:0.0008s ]
SQL: SELECT `type`,`name`,`value` FROM `ewshop_config` WHERE `status` = 1  [ RunTime:0.0003s ]

[ 2017-12-10T23:15:01+08:00 ] 49.4.12.68 /Weixin/Auto/doAuto
NOTIC: [8] Undefined index: code /home/wwwroot/newduobao/Ewshop/Weixin/Controller/HomeController.class.php 第 43 行.
SQL: SHOW COLUMNS FROM `ewshop_config` [ RunTime:0.0006s ]
SQL: SELECT `type`,`name`,`value` FROM `ewshop_config` WHERE `status` = 1  [ RunTime:0.0002s ]

[ 2017-12-10T23:16:01+08:00 ] 49.4.12.68 /Weixin/Auto/doAuto
NOTIC: [8] Undefined index: code /home/wwwroot/newduobao/Ewshop/Weixin/Controller/HomeController.class.php 第 43 行.
SQL: SHOW COLUMNS FROM `ewshop_config` [ RunTime:0.0006s ]
SQL: SELECT `type`,`name`,`value` FROM `ewshop_config` WHERE `status` = 1  [ RunTime:0.0002s ]

[ 2017-12-10T23:17:01+08:00 ] 49.4.12.68 /Weixin/Auto/doAuto
NOTIC: [8] Undefined index: code /home/wwwroot/newduobao/Ewshop/Weixin/Controller/HomeController.class.php 第 43 行.
SQL: SHOW COLUMNS FROM `ewshop_config` [ RunTime:0.0008s ]
SQL: SELECT `type`,`name`,`value` FROM `ewshop_config` WHERE `status` = 1  [ RunTime:0.0002s ]

[ 2017-12-10T23:18:01+08:00 ] 49.4.12.68 /Weixin/Auto/doAuto
NOTIC: [8] Undefined index: code /home/wwwroot/newduobao/Ewshop/Weixin/Controller/HomeController.class.php 第 43 行.
SQL: SHOW COLUMNS FROM `ewshop_config` [ RunTime:0.0006s ]
SQL: SELECT `type`,`name`,`value` FROM `ewshop_config` WHERE `status` = 1  [ RunTime:0.0002s ]

[ 2017-12-10T23:19:01+08:00 ] 49.4.12.68 /Weixin/Auto/doAuto
NOTIC: [8] Undefined index: code /home/wwwroot/newduobao/Ewshop/Weixin/Controller/HomeController.class.php 第 43 行.
SQL: SHOW COLUMNS FROM `ewshop_config` [ RunTime:0.0006s ]
SQL: SELECT `type`,`name`,`value` FROM `ewshop_config` WHERE `status` = 1  [ RunTime:0.0002s ]

[ 2017-12-10T23:20:01+08:00 ] 49.4.12.68 /Weixin/Auto/doorder
NOTIC: [8] Undefined index: code /home/wwwroot/newduobao/Ewshop/Weixin/Controller/HomeController.class.php 第 43 行.
SQL: SHOW COLUMNS FROM `ewshop_config` [ RunTime:0.0006s ]
SQL: SELECT `type`,`name`,`value` FROM `ewshop_config` WHERE `status` = 1  [ RunTime:0.0002s ]

[ 2017-12-10T23:20:01+08:00 ] 49.4.12.68 /Weixin/Auto/doAuto
NOTIC: [8] Undefined index: code /home/wwwroot/newduobao/Ewshop/Weixin/Controller/HomeController.class.php 第 43 行.
SQL: SHOW COLUMNS FROM `ewshop_config` [ RunTime:0.0006s ]
SQL: SELECT `type`,`name`,`value` FROM `ewshop_config` WHERE `status` = 1  [ RunTime:0.0002s ]

[ 2017-12-10T23:21:01+08:00 ] 49.4.12.68 /Weixin/Auto/doAuto
NOTIC: [8] Undefined index: code /home/wwwroot/newduobao/Ewshop/Weixin/Controller/HomeController.class.php 第 43 行.
SQL: SHOW COLUMNS FROM `ewshop_config` [ RunTime:0.0007s ]
SQL: SELECT `type`,`name`,`value` FROM `ewshop_config` WHERE `status` = 1  [ RunTime:0.0004s ]

[ 2017-12-10T23:22:01+08:00 ] 49.4.12.68 /Weixin/Auto/doAuto
NOTIC: [8] Undefined index: code /home/wwwroot/newduobao/Ewshop/Weixin/Controller/HomeController.class.php 第 43 行.
SQL: SHOW COLUMNS FROM `ewshop_config` [ RunTime:0.0006s ]
SQL: SELECT `type`,`name`,`value` FROM `ewshop_config` WHERE `status` = 1  [ RunTime:0.0002s ]

[ 2017-12-10T23:23:01+08:00 ] 49.4.12.68 /Weixin/Auto/doAuto
NOTIC: [8] Undefined index: code /home/wwwroot/newduobao/Ewshop/Weixin/Controller/HomeController.class.php 第 43 行.
SQL: SHOW COLUMNS FROM `ewshop_config` [ RunTime:0.0006s ]
SQL: SELECT `type`,`name`,`value` FROM `ewshop_config` WHERE `status` = 1  [ RunTime:0.0002s ]

[ 2017-12-10T23:24:01+08:00 ] 49.4.12.68 /Weixin/Auto/doAuto
NOTIC: [8] Undefined index: code /home/wwwroot/newduobao/Ewshop/Weixin/Controller/HomeController.class.php 第 43 行.
SQL: SHOW COLUMNS FROM `ewshop_config` [ RunTime:0.0006s ]
SQL: SELECT `type`,`name`,`value` FROM `ewshop_config` WHERE `status` = 1  [ RunTime:0.0002s ]

[ 2017-12-10T23:25:01+08:00 ] 49.4.12.68 /Weixin/Auto/doorder
NOTIC: [8] Undefined index: code /home/wwwroot/newduobao/Ewshop/Weixin/Controller/HomeController.class.php 第 43 行.
SQL: SHOW COLUMNS FROM `ewshop_config` [ RunTime:0.0006s ]
SQL: SELECT `type`,`name`,`value` FROM `ewshop_config` WHERE `status` = 1  [ RunTime:0.0002s ]

[ 2017-12-10T23:25:01+08:00 ] 49.4.12.68 /Weixin/Auto/doAuto
NOTIC: [8] Undefined index: code /home/wwwroot/newduobao/Ewshop/Weixin/Controller/HomeController.class.php 第 43 行.
SQL: SHOW COLUMNS FROM `ewshop_config` [ RunTime:0.0006s ]
SQL: SELECT `type`,`name`,`value` FROM `ewshop_config` WHERE `status` = 1  [ RunTime:0.0002s ]

[ 2017-12-10T23:26:01+08:00 ] 49.4.12.68 /Weixin/Auto/doAuto
NOTIC: [8] Undefined index: code /home/wwwroot/newduobao/Ewshop/Weixin/Controller/HomeController.class.php 第 43 行.
SQL: SHOW COLUMNS FROM `ewshop_config` [ RunTime:0.0006s ]
SQL: SELECT `type`,`name`,`value` FROM `ewshop_config` WHERE `status` = 1  [ RunTime:0.0003s ]

[ 2017-12-10T23:27:01+08:00 ] 49.4.12.68 /Weixin/Auto/doAuto
NOTIC: [8] Undefined index: code /home/wwwroot/newduobao/Ewshop/Weixin/Controller/HomeController.class.php 第 43 行.
SQL: SHOW COLUMNS FROM `ewshop_config` [ RunTime:0.0006s ]
SQL: SELECT `type`,`name`,`value` FROM `ewshop_config` WHERE `status` = 1  [ RunTime:0.0002s ]

[ 2017-12-10T23:28:01+08:00 ] 49.4.12.68 /Weixin/Auto/doAuto
NOTIC: [8] Undefined index: code /home/wwwroot/newduobao/Ewshop/Weixin/Controller/HomeController.class.php 第 43 行.
SQL: SHOW COLUMNS FROM `ewshop_config` [ RunTime:0.0006s ]
SQL: SELECT `type`,`name`,`value` FROM `ewshop_config` WHERE `status` = 1  [ RunTime:0.0002s ]

[ 2017-12-10T23:29:01+08:00 ] 49.4.12.68 /Weixin/Auto/doAuto
NOTIC: [8] Undefined index: code /home/wwwroot/newduobao/Ewshop/Weixin/Controller/HomeController.class.php 第 43 行.
SQL: SHOW COLUMNS FROM `ewshop_config` [ RunTime:0.0006s ]
SQL: SELECT `type`,`name`,`value` FROM `ewshop_config` WHERE `status` = 1  [ RunTime:0.0002s ]

[ 2017-12-10T23:30:01+08:00 ] 49.4.12.68 /Weixin/Auto/doorder
NOTIC: [8] Undefined index: code /home/wwwroot/newduobao/Ewshop/Weixin/Controller/HomeController.class.php 第 43 行.
SQL: SHOW COLUMNS FROM `ewshop_config` [ RunTime:0.0006s ]
SQL: SELECT `type`,`name`,`value` FROM `ewshop_config` WHERE `status` = 1  [ RunTime:0.0002s ]

[ 2017-12-10T23:30:01+08:00 ] 49.4.12.68 /Weixin/Auto/doAuto
NOTIC: [8] Undefined index: code /home/wwwroot/newduobao/Ewshop/Weixin/Controller/HomeController.class.php 第 43 行.
SQL: SHOW COLUMNS FROM `ewshop_config` [ RunTime:0.0009s ]
SQL: SELECT `type`,`name`,`value` FROM `ewshop_config` WHERE `status` = 1  [ RunTime:0.0003s ]

[ 2017-12-10T23:31:02+08:00 ] 49.4.12.68 /Weixin/Auto/doAuto
NOTIC: [8] Undefined index: code /home/wwwroot/newduobao/Ewshop/Weixin/Controller/HomeController.class.php 第 43 行.
SQL: SHOW COLUMNS FROM `ewshop_config` [ RunTime:0.0006s ]
SQL: SELECT `type`,`name`,`value` FROM `ewshop_config` WHERE `status` = 1  [ RunTime:0.0002s ]

[ 2017-12-10T23:32:01+08:00 ] 49.4.12.68 /Weixin/Auto/doAuto
NOTIC: [8] Undefined index: code /home/wwwroot/newduobao/Ewshop/Weixin/Controller/HomeController.class.php 第 43 行.
SQL: SHOW COLUMNS FROM `ewshop_config` [ RunTime:0.0007s ]
SQL: SELECT `type`,`name`,`value` FROM `ewshop_config` WHERE `status` = 1  [ RunTime:0.0003s ]

[ 2017-12-10T23:33:01+08:00 ] 49.4.12.68 /Weixin/Auto/doAuto
NOTIC: [8] Undefined index: code /home/wwwroot/newduobao/Ewshop/Weixin/Controller/HomeController.class.php 第 43 行.
SQL: SHOW COLUMNS FROM `ewshop_config` [ RunTime:0.0006s ]
SQL: SELECT `type`,`name`,`value` FROM `ewshop_config` WHERE `status` = 1  [ RunTime:0.0002s ]

[ 2017-12-10T23:34:01+08:00 ] 49.4.12.68 /Weixin/Auto/doAuto
NOTIC: [8] Undefined index: code /home/wwwroot/newduobao/Ewshop/Weixin/Controller/HomeController.class.php 第 43 行.
SQL: SHOW COLUMNS FROM `ewshop_config` [ RunTime:0.0006s ]
SQL: SELECT `type`,`name`,`value` FROM `ewshop_config` WHERE `status` = 1  [ RunTime:0.0002s ]

[ 2017-12-10T23:35:01+08:00 ] 49.4.12.68 /Weixin/Auto/doAuto
NOTIC: [8] Undefined index: code /home/wwwroot/newduobao/Ewshop/Weixin/Controller/HomeController.class.php 第 43 行.
SQL: SHOW COLUMNS FROM `ewshop_config` [ RunTime:0.0006s ]
SQL: SELECT `type`,`name`,`value` FROM `ewshop_config` WHERE `status` = 1  [ RunTime:0.0002s ]

[ 2017-12-10T23:35:01+08:00 ] 49.4.12.68 /Weixin/Auto/doorder
NOTIC: [8] Undefined index: code /home/wwwroot/newduobao/Ewshop/Weixin/Controller/HomeController.class.php 第 43 行.
SQL: SHOW COLUMNS FROM `ewshop_config` [ RunTime:0.0005s ]
SQL: SELECT `type`,`name`,`value` FROM `ewshop_config` WHERE `status` = 1  [ RunTime:0.0002s ]

[ 2017-12-10T23:36:01+08:00 ] 139.162.119.197 /
NOTIC: [8] Undefined index: code /home/wwwroot/newduobao/Ewshop/Weixin/Controller/HomeController.class.php 第 43 行.
SQL: SHOW COLUMNS FROM `ewshop_config` [ RunTime:0.0007s ]
SQL: SELECT `type`,`name`,`value` FROM `ewshop_config` WHERE `status` = 1  [ RunTime:0.0002s ]
SQL: SHOW COLUMNS FROM `ewshop_ad` [ RunTime:0.0004s ]
SQL: SELECT a.id,a.title,a.url,p.path FROM ewshop_ad AS a
LEFT JOIN ewshop_picture AS p ON a.icon = p.id
WHERE a.status = 1 AND place = 28
ORDER BY a.ord ASC [ RunTime:0.0002s ]
SQL: SELECT a.id,a.title,a.url,p.path FROM ewshop_ad AS a
LEFT JOIN ewshop_picture AS p ON a.icon = p.id
WHERE a.status = 1 AND place = 29
ORDER BY a.ord ASC [ RunTime:0.0002s ]
NOTIC: [8] Undefined offset: 0 /home/wwwroot/newduobao/Ewshop/Weixin/Controller/IndexController.class.php 第 41 行.
SQL: SHOW COLUMNS FROM `ewshop_document` [ RunTime:0.0005s ]
SQL: SELECT * FROM `ewshop_document` WHERE ( category_id = 217 and price = 1 and status = 1 ) ORDER BY id asc  [ RunTime:0.0003s ]
SQL: SELECT * FROM `ewshop_document` WHERE ( category_id = 217 and price = 2 and status = 1 ) ORDER BY id asc  [ RunTime:0.0002s ]
SQL: SHOW COLUMNS FROM `ewshop_win_exchange` [ RunTime:0.0004s ]
SQL: SELECT ewshop_win_exchange.*,ewshop_win_order.period FROM `ewshop_win_exchange` LEFT JOIN ewshop_win_order on ewshop_win_exchange.order_id=ewshop_win_order.id  ORDER BY buy_time DESC LIMIT 10   [ RunTime:0.0025s ]
SQL: SELECT `title` FROM `ewshop_document` WHERE ( id = 243 ) LIMIT 1   [ RunTime:0.0001s ]
SQL: SHOW COLUMNS FROM `ewshop_member_temp` [ RunTime:0.0004s ]
SQL: SELECT id as uid,`headimgurl`,`nickname` FROM `ewshop_member_temp` WHERE ( id = 10000134 ) LIMIT 1   [ RunTime:0.0001s ]
SQL: SELECT `title` FROM `ewshop_document` WHERE ( id = 252 ) LIMIT 1   [ RunTime:0.0001s ]
SQL: SELECT id as uid,`headimgurl`,`nickname` FROM `ewshop_member_temp` WHERE ( id = 1000063 ) LIMIT 1   [ RunTime:0.0001s ]
SQL: SELECT `title` FROM `ewshop_document` WHERE ( id = 252 ) LIMIT 1   [ RunTime:0.0001s ]
SQL: SELECT id as uid,`headimgurl`,`nickname` FROM `ewshop_member_temp` WHERE ( id = 10000106 ) LIMIT 1   [ RunTime:0.0001s ]
SQL: SELECT `title` FROM `ewshop_document` WHERE ( id = 248 ) LIMIT 1   [ RunTime:0.0001s ]
SQL: SELECT id as uid,`headimgurl`,`nickname` FROM `ewshop_member_temp` WHERE ( id = 1000090 ) LIMIT 1   [ RunTime:0.0001s ]
SQL: SELECT `title` FROM `ewshop_document` WHERE ( id = 252 ) LIMIT 1   [ RunTime:0.0001s ]
SQL: SELECT id as uid,`headimgurl`,`nickname` FROM `ewshop_member_temp` WHERE ( id = 10000160 ) LIMIT 1   [ RunTime:0.0001s ]
SQL: SELECT `title` FROM `ewshop_document` WHERE ( id = 247 ) LIMIT 1   [ RunTime:0.0001s ]
SQL: SELECT id as uid,`headimgurl`,`nickname` FROM `ewshop_member_temp` WHERE ( id = 10000106 ) LIMIT 1   [ RunTime:0.0001s ]
SQL: SELECT `title` FROM `ewshop_document` WHERE ( id = 247 ) LIMIT 1   [ RunTime:0.0001s ]
SQL: SELECT id as uid,`headimgurl`,`nickname` FROM `ewshop_member_temp` WHERE ( id = 1000093 ) LIMIT 1   [ RunTime:0.0001s ]
SQL: SELECT `title` FROM `ewshop_document` WHERE ( id = 254 ) LIMIT 1   [ RunTime:0.0001s ]
SQL: SELECT id as uid,`headimgurl`,`nickname` FROM `ewshop_member_temp` WHERE ( id = 1000047 ) LIMIT 1   [ RunTime:0.0001s ]
SQL: SELECT `title` FROM `ewshop_document` WHERE ( id = 245 ) LIMIT 1   [ RunTime:0.0001s ]
SQL: SELECT id as uid,`headimgurl`,`nickname` FROM `ewshop_member_temp` WHERE ( id = 1000039 ) LIMIT 1   [ RunTime:0.0001s ]
SQL: SELECT `title` FROM `ewshop_document` WHERE ( id = 248 ) LIMIT 1   [ RunTime:0.0001s ]
SQL: SELECT id as uid,`headimgurl`,`nickname` FROM `ewshop_member_temp` WHERE ( id = 1000010 ) LIMIT 1   [ RunTime:0.0001s ]
SQL: SHOW COLUMNS FROM `ewshop_win_order` [ RunTime:0.0004s ]
SQL: SELECT `id`,`type`,`period` FROM `ewshop_win_order` WHERE `id` IN ('11664','11662','11659','11655','11654','11653','11652','11649','11647','11644')  [ RunTime:0.0002s ]
SQL: SELECT * FROM `ewshop_win_order` WHERE ( status =1 ) ORDER BY create_time DESC LIMIT 10   [ RunTime:0.0062s ]
SQL: SELECT `title` FROM `ewshop_document` WHERE ( id = 247 ) LIMIT 1   [ RunTime:0.0002s ]
SQL: SHOW COLUMNS FROM `ewshop_member` [ RunTime:0.0005s ]
SQL: SELECT `uid`,`headimgurl`,`nickname` FROM `ewshop_member` WHERE ( uid = 1000047 ) LIMIT 1   [ RunTime:0.0001s ]
SQL: SELECT `title` FROM `ewshop_document` WHERE ( id = 253 ) LIMIT 1   [ RunTime:0.0001s ]
SQL: SELECT `uid`,`headimgurl`,`nickname` FROM `ewshop_member` WHERE ( uid = 1000019 ) LIMIT 1   [ RunTime:0.0001s ]
SQL: SELECT `title` FROM `ewshop_document` WHERE ( id = 242 ) LIMIT 1   [ RunTime:0.0001s ]
SQL: SELECT `uid`,`headimgurl`,`nickname` FROM `ewshop_member` WHERE ( uid = 10000197 ) LIMIT 1   [ RunTime:0.0001s ]
SQL: SELECT `title` FROM `ewshop_document` WHERE ( id = 247 ) LIMIT 1   [ RunTime:0.0001s ]
SQL: SELECT `uid`,`headimgurl`,`nickname` FROM `ewshop_member` WHERE ( uid = 10000159 ) LIMIT 1   [ RunTime:0.0001s ]
SQL: SELECT `title` FROM `ewshop_document` WHERE ( id = 242 ) LIMIT 1   [ RunTime:0.0001s ]
SQL: SELECT `uid`,`headimgurl`,`nickname` FROM `ewshop_member` WHERE ( uid = 10000181 ) LIMIT 1   [ RunTime:0.0001s ]
SQL: SELECT `title` FROM `ewshop_document` WHERE ( id = 251 ) LIMIT 1   [ RunTime:0.0002s ]
SQL: SELECT `uid`,`headimgurl`,`nickname` FROM `ewshop_member` WHERE ( uid = 10000131 ) LIMIT 1   [ RunTime:0.0001s ]
SQL: SELECT `title` FROM `ewshop_document` WHERE ( id = 253 ) LIMIT 1   [ RunTime:0.0001s ]
SQL: SELECT `uid`,`headimgurl`,`nickname` FROM `ewshop_member` WHERE ( uid = 10000128 ) LIMIT 1   [ RunTime:0.0001s ]
SQL: SELECT `title` FROM `ewshop_document` WHERE ( id = 253 ) LIMIT 1   [ RunTime:0.0001s ]
SQL: SELECT `uid`,`headimgurl`,`nickname` FROM `ewshop_member` WHERE ( uid = 10000102 ) LIMIT 1   [ RunTime:0.0001s ]
SQL: SELECT `title` FROM `ewshop_document` WHERE ( id = 242 ) LIMIT 1   [ RunTime:0.0001s ]
SQL: SELECT `uid`,`headimgurl`,`nickname` FROM `ewshop_member` WHERE ( uid = 1000011 ) LIMIT 1   [ RunTime:0.0001s ]
SQL: SELECT `title` FROM `ewshop_document` WHERE ( id = 243 ) LIMIT 1   [ RunTime:0.0001s ]
SQL: SELECT `uid`,`headimgurl`,`nickname` FROM `ewshop_member` WHERE ( uid = 10000183 ) LIMIT 1   [ RunTime:0.0001s ]
SQL: SHOW COLUMNS FROM `ewshop_win_code` [ RunTime:0.0004s ]
SQL: SELECT * FROM `ewshop_win_code` WHERE ( code <> '0' ) ORDER BY id desc LIMIT 10   [ RunTime:0.0002s ]
INFO: [ view_parse ] --START--
INFO: [ template_filter ] --START--
INFO: Run Behavior\ContentReplaceBehavior [ RunTime:0.000174s ]
INFO: [ template_filter ] --END-- [ RunTime:0.000195s ]
SQL: SHOW COLUMNS FROM `ewshop_picture` [ RunTime:0.0005s ]
SQL: SELECT * FROM `ewshop_picture` WHERE `status` = 1 AND `id` = 421 LIMIT 1   [ RunTime:0.0002s ]
SQL: SELECT * FROM `ewshop_picture` WHERE `status` = 1 AND `id` = 420 LIMIT 1   [ RunTime:0.0001s ]
SQL: SELECT * FROM `ewshop_picture` WHERE `status` = 1 AND `id` = 636 LIMIT 1   [ RunTime:0.0001s ]
SQL: SELECT * FROM `ewshop_picture` WHERE `status` = 1 AND `id` = 629 LIMIT 1   [ RunTime:0.0001s ]
SQL: SELECT * FROM `ewshop_picture` WHERE `status` = 1 AND `id` = 630 LIMIT 1   [ RunTime:0.0001s ]
SQL: SELECT * FROM `ewshop_picture` WHERE `status` = 1 AND `id` = 635 LIMIT 1   [ RunTime:0.0001s ]
SQL: SELECT * FROM `ewshop_picture` WHERE `status` = 1 AND `id` = 652 LIMIT 1   [ RunTime:0.0001s ]
SQL: SELECT * FROM `ewshop_picture` WHERE `status` = 1 AND `id` = 638 LIMIT 1   [ RunTime:0.0001s ]
SQL: SELECT * FROM `ewshop_picture` WHERE `status` = 1 AND `id` = 631 LIMIT 1   [ RunTime:0.0001s ]
SQL: SELECT * FROM `ewshop_picture` WHERE `status` = 1 AND `id` = 632 LIMIT 1   [ RunTime:0.0001s ]
SQL: SELECT * FROM `ewshop_picture` WHERE `status` = 1 AND `id` = 633 LIMIT 1   [ RunTime:0.0001s ]
SQL: SELECT * FROM `ewshop_picture` WHERE `status` = 1 AND `id` = 634 LIMIT 1   [ RunTime:0.0002s ]
NOTIC: [8] Undefined index: num /home/wwwroot/newduobao/Runtime/Cache/Weixin/320be3c9fa9961726d1a30f0dab648cb.php 第 91 行.
NOTIC: [8] Undefined index: num /home/wwwroot/newduobao/Runtime/Cache/Weixin/320be3c9fa9961726d1a30f0dab648cb.php 第 91 行.
NOTIC: [8] Undefined index: num /home/wwwroot/newduobao/Runtime/Cache/Weixin/320be3c9fa9961726d1a30f0dab648cb.php 第 91 行.
NOTIC: [8] Undefined index: num /home/wwwroot/newduobao/Runtime/Cache/Weixin/320be3c9fa9961726d1a30f0dab648cb.php 第 91 行.
NOTIC: [8] Undefined index: num /home/wwwroot/newduobao/Runtime/Cache/Weixin/320be3c9fa9961726d1a30f0dab648cb.php 第 91 行.
NOTIC: [8] Undefined index: num /home/wwwroot/newduobao/Runtime/Cache/Weixin/320be3c9fa9961726d1a30f0dab648cb.php 第 91 行.
NOTIC: [8] Undefined index: num /home/wwwroot/newduobao/Runtime/Cache/Weixin/320be3c9fa9961726d1a30f0dab648cb.php 第 91 行.
NOTIC: [8] Undefined index: num /home/wwwroot/newduobao/Runtime/Cache/Weixin/320be3c9fa9961726d1a30f0dab648cb.php 第 91 行.
NOTIC: [8] Undefined index: num /home/wwwroot/newduobao/Runtime/Cache/Weixin/320be3c9fa9961726d1a30f0dab648cb.php 第 91 行.
NOTIC: [8] Undefined index: num /home/wwwroot/newduobao/Runtime/Cache/Weixin/320be3c9fa9961726d1a30f0dab648cb.php 第 91 行.
NOTIC: [8] Undefined index: num /home/wwwroot/newduobao/Runtime/Cache/Weixin/320be3c9fa9961726d1a30f0dab648cb.php 第 111 行.
NOTIC: [8] Undefined index: num /home/wwwroot/newduobao/Runtime/Cache/Weixin/320be3c9fa9961726d1a30f0dab648cb.php 第 111 行.
NOTIC: [8] Undefined index: num /home/wwwroot/newduobao/Runtime/Cache/Weixin/320be3c9fa9961726d1a30f0dab648cb.php 第 111 行.
NOTIC: [8] Undefined index: num /home/wwwroot/newduobao/Runtime/Cache/Weixin/320be3c9fa9961726d1a30f0dab648cb.php 第 111 行.
NOTIC: [8] Undefined index: num /home/wwwroot/newduobao/Runtime/Cache/Weixin/320be3c9fa9961726d1a30f0dab648cb.php 第 111 行.
NOTIC: [8] Undefined index: num /home/wwwroot/newduobao/Runtime/Cache/Weixin/320be3c9fa9961726d1a30f0dab648cb.php 第 111 行.
NOTIC: [8] Undefined index: num /home/wwwroot/newduobao/Runtime/Cache/Weixin/320be3c9fa9961726d1a30f0dab648cb.php 第 111 行.
NOTIC: [8] Undefined index: num /home/wwwroot/newduobao/Runtime/Cache/Weixin/320be3c9fa9961726d1a30f0dab648cb.php 第 111 行.
NOTIC: [8] Undefined index: num /home/wwwroot/newduobao/Runtime/Cache/Weixin/320be3c9fa9961726d1a30f0dab648cb.php 第 111 行.
NOTIC: [8] Undefined index: num /home/wwwroot/newduobao/Runtime/Cache/Weixin/320be3c9fa9961726d1a30f0dab648cb.php 第 111 行.
INFO: Run Behavior\ParseTemplateBehavior [ RunTime:0.008472s ]
INFO: [ view_parse ] --END-- [ RunTime:0.008491s ]
INFO: [ view_filter ] --START--
INFO: Run Behavior\WriteHtmlCacheBehavior [ RunTime:0.000037s ]
INFO: [ view_filter ] --END-- [ RunTime:0.000048s ]
INFO: [ app_end ] --START--
INFO: Run Behavior\ShowPageTraceBehavior [ RunTime:0.000023s ]
INFO: [ app_end ] --END-- [ RunTime:0.000035s ]

[ 2017-12-10T23:36:01+08:00 ] 49.4.12.68 /Weixin/Auto/doAuto
NOTIC: [8] Undefined index: code /home/wwwroot/newduobao/Ewshop/Weixin/Controller/HomeController.class.php 第 43 行.
SQL: SHOW COLUMNS FROM `ewshop_config` [ RunTime:0.0006s ]
SQL: SELECT `type`,`name`,`value` FROM `ewshop_config` WHERE `status` = 1  [ RunTime:0.0003s ]

[ 2017-12-10T23:37:01+08:00 ] 49.4.12.68 /Weixin/Auto/doAuto
NOTIC: [8] Undefined index: code /home/wwwroot/newduobao/Ewshop/Weixin/Controller/HomeController.class.php 第 43 行.
SQL: SHOW COLUMNS FROM `ewshop_config` [ RunTime:0.0006s ]
SQL: SELECT `type`,`name`,`value` FROM `ewshop_config` WHERE `status` = 1  [ RunTime:0.0002s ]

[ 2017-12-10T23:38:01+08:00 ] 49.4.12.68 /Weixin/Auto/doAuto
NOTIC: [8] Undefined index: code /home/wwwroot/newduobao/Ewshop/Weixin/Controller/HomeController.class.php 第 43 行.
SQL: SHOW COLUMNS FROM `ewshop_config` [ RunTime:0.0006s ]
SQL: SELECT `type`,`name`,`value` FROM `ewshop_config` WHERE `status` = 1  [ RunTime:0.0002s ]

[ 2017-12-10T23:39:01+08:00 ] 49.4.12.68 /Weixin/Auto/doAuto
NOTIC: [8] Undefined index: code /home/wwwroot/newduobao/Ewshop/Weixin/Controller/HomeController.class.php 第 43 行.
SQL: SHOW COLUMNS FROM `ewshop_config` [ RunTime:0.0006s ]
SQL: SELECT `type`,`name`,`value` FROM `ewshop_config` WHERE `status` = 1  [ RunTime:0.0002s ]

[ 2017-12-10T23:40:01+08:00 ] 49.4.12.68 /Weixin/Auto/doAuto
NOTIC: [8] Undefined index: code /home/wwwroot/newduobao/Ewshop/Weixin/Controller/HomeController.class.php 第 43 行.
SQL: SHOW COLUMNS FROM `ewshop_config` [ RunTime:0.0006s ]
SQL: SELECT `type`,`name`,`value` FROM `ewshop_config` WHERE `status` = 1  [ RunTime:0.0002s ]

[ 2017-12-10T23:40:01+08:00 ] 49.4.12.68 /Weixin/Auto/doorder
NOTIC: [8] Undefined index: code /home/wwwroot/newduobao/Ewshop/Weixin/Controller/HomeController.class.php 第 43 行.
SQL: SHOW COLUMNS FROM `ewshop_config` [ RunTime:0.0006s ]
SQL: SELECT `type`,`name`,`value` FROM `ewshop_config` WHERE `status` = 1  [ RunTime:0.0002s ]

[ 2017-12-10T23:41:02+08:00 ] 49.4.12.68 /Weixin/Auto/doAuto
NOTIC: [8] Undefined index: code /home/wwwroot/newduobao/Ewshop/Weixin/Controller/HomeController.class.php 第 43 行.
SQL: SHOW COLUMNS FROM `ewshop_config` [ RunTime:0.0006s ]
SQL: SELECT `type`,`name`,`value` FROM `ewshop_config` WHERE `status` = 1  [ RunTime:0.0002s ]

[ 2017-12-10T23:42:01+08:00 ] 49.4.12.68 /Weixin/Auto/doAuto
NOTIC: [8] Undefined index: code /home/wwwroot/newduobao/Ewshop/Weixin/Controller/HomeController.class.php 第 43 行.
SQL: SHOW COLUMNS FROM `ewshop_config` [ RunTime:0.0006s ]
SQL: SELECT `type`,`name`,`value` FROM `ewshop_config` WHERE `status` = 1  [ RunTime:0.0002s ]

[ 2017-12-10T23:43:01+08:00 ] 49.4.12.68 /Weixin/Auto/doAuto
NOTIC: [8] Undefined index: code /home/wwwroot/newduobao/Ewshop/Weixin/Controller/HomeController.class.php 第 43 行.
SQL: SHOW COLUMNS FROM `ewshop_config` [ RunTime:0.0006s ]
SQL: SELECT `type`,`name`,`value` FROM `ewshop_config` WHERE `status` = 1  [ RunTime:0.0003s ]

[ 2017-12-10T23:44:01+08:00 ] 49.4.12.68 /Weixin/Auto/doAuto
NOTIC: [8] Undefined index: code /home/wwwroot/newduobao/Ewshop/Weixin/Controller/HomeController.class.php 第 43 行.
SQL: SHOW COLUMNS FROM `ewshop_config` [ RunTime:0.0006s ]
SQL: SELECT `type`,`name`,`value` FROM `ewshop_config` WHERE `status` = 1  [ RunTime:0.0002s ]

[ 2017-12-10T23:45:01+08:00 ] 49.4.12.68 /Weixin/Auto/doAuto
NOTIC: [8] Undefined index: code /home/wwwroot/newduobao/Ewshop/Weixin/Controller/HomeController.class.php 第 43 行.
SQL: SHOW COLUMNS FROM `ewshop_config` [ RunTime:0.0006s ]
SQL: SELECT `type`,`name`,`value` FROM `ewshop_config` WHERE `status` = 1  [ RunTime:0.0002s ]

[ 2017-12-10T23:45:01+08:00 ] 49.4.12.68 /Weixin/Auto/doorder
NOTIC: [8] Undefined index: code /home/wwwroot/newduobao/Ewshop/Weixin/Controller/HomeController.class.php 第 43 行.
SQL: SHOW COLUMNS FROM `ewshop_config` [ RunTime:0.0009s ]
SQL: SELECT `type`,`name`,`value` FROM `ewshop_config` WHERE `status` = 1  [ RunTime:0.0003s ]

[ 2017-12-10T23:46:01+08:00 ] 49.4.12.68 /Weixin/Auto/doAuto
NOTIC: [8] Undefined index: code /home/wwwroot/newduobao/Ewshop/Weixin/Controller/HomeController.class.php 第 43 行.
SQL: SHOW COLUMNS FROM `ewshop_config` [ RunTime:0.0006s ]
SQL: SELECT `type`,`name`,`value` FROM `ewshop_config` WHERE `status` = 1  [ RunTime:0.0002s ]

[ 2017-12-10T23:47:01+08:00 ] 49.4.12.68 /Weixin/Auto/doAuto
NOTIC: [8] Undefined index: code /home/wwwroot/newduobao/Ewshop/Weixin/Controller/HomeController.class.php 第 43 行.
SQL: SHOW COLUMNS FROM `ewshop_config` [ RunTime:0.0008s ]
SQL: SELECT `type`,`name`,`value` FROM `ewshop_config` WHERE `status` = 1  [ RunTime:0.0004s ]

[ 2017-12-10T23:48:01+08:00 ] 49.4.12.68 /Weixin/Auto/doAuto
NOTIC: [8] Undefined index: code /home/wwwroot/newduobao/Ewshop/Weixin/Controller/HomeController.class.php 第 43 行.
SQL: SHOW COLUMNS FROM `ewshop_config` [ RunTime:0.0006s ]
SQL: SELECT `type`,`name`,`value` FROM `ewshop_config` WHERE `status` = 1  [ RunTime:0.0002s ]

[ 2017-12-10T23:49:01+08:00 ] 49.4.12.68 /Weixin/Auto/doAuto
NOTIC: [8] Undefined index: code /home/wwwroot/newduobao/Ewshop/Weixin/Controller/HomeController.class.php 第 43 行.
SQL: SHOW COLUMNS FROM `ewshop_config` [ RunTime:0.0006s ]
SQL: SELECT `type`,`name`,`value` FROM `ewshop_config` WHERE `status` = 1  [ RunTime:0.0002s ]

[ 2017-12-10T23:50:02+08:00 ] 49.4.12.68 /Weixin/Auto/doAuto
NOTIC: [8] Undefined index: code /home/wwwroot/newduobao/Ewshop/Weixin/Controller/HomeController.class.php 第 43 行.
SQL: SHOW COLUMNS FROM `ewshop_config` [ RunTime:0.0006s ]
SQL: SELECT `type`,`name`,`value` FROM `ewshop_config` WHERE `status` = 1  [ RunTime:0.0002s ]

[ 2017-12-10T23:50:02+08:00 ] 49.4.12.68 /Weixin/Auto/doorder
NOTIC: [8] Undefined index: code /home/wwwroot/newduobao/Ewshop/Weixin/Controller/HomeController.class.php 第 43 行.
SQL: SHOW COLUMNS FROM `ewshop_config` [ RunTime:0.0006s ]
SQL: SELECT `type`,`name`,`value` FROM `ewshop_config` WHERE `status` = 1  [ RunTime:0.0002s ]

[ 2017-12-10T23:51:01+08:00 ] 49.4.12.68 /Weixin/Auto/doAuto
NOTIC: [8] Undefined index: code /home/wwwroot/newduobao/Ewshop/Weixin/Controller/HomeController.class.php 第 43 行.
SQL: SHOW COLUMNS FROM `ewshop_config` [ RunTime:0.0006s ]
SQL: SELECT `type`,`name`,`value` FROM `ewshop_config` WHERE `status` = 1  [ RunTime:0.0002s ]

[ 2017-12-10T23:52:01+08:00 ] 49.4.12.68 /Weixin/Auto/doAuto
NOTIC: [8] Undefined index: code /home/wwwroot/newduobao/Ewshop/Weixin/Controller/HomeController.class.php 第 43 行.
SQL: SHOW COLUMNS FROM `ewshop_config` [ RunTime:0.0006s ]
SQL: SELECT `type`,`name`,`value` FROM `ewshop_config` WHERE `status` = 1  [ RunTime:0.0002s ]

[ 2017-12-10T23:53:01+08:00 ] 49.4.12.68 /Weixin/Auto/doAuto
NOTIC: [8] Undefined index: code /home/wwwroot/newduobao/Ewshop/Weixin/Controller/HomeController.class.php 第 43 行.
SQL: SHOW COLUMNS FROM `ewshop_config` [ RunTime:0.0006s ]
SQL: SELECT `type`,`name`,`value` FROM `ewshop_config` WHERE `status` = 1  [ RunTime:0.0002s ]

[ 2017-12-10T23:54:01+08:00 ] 49.4.12.68 /Weixin/Auto/doAuto
NOTIC: [8] Undefined index: code /home/wwwroot/newduobao/Ewshop/Weixin/Controller/HomeController.class.php 第 43 行.
SQL: SHOW COLUMNS FROM `ewshop_config` [ RunTime:0.0005s ]
SQL: SELECT `type`,`name`,`value` FROM `ewshop_config` WHERE `status` = 1  [ RunTime:0.0002s ]

[ 2017-12-10T23:55:01+08:00 ] 49.4.12.68 /Weixin/Auto/doAuto
NOTIC: [8] Undefined index: code /home/wwwroot/newduobao/Ewshop/Weixin/Controller/HomeController.class.php 第 43 行.
SQL: SHOW COLUMNS FROM `ewshop_config` [ RunTime:0.0007s ]
SQL: SELECT `type`,`name`,`value` FROM `ewshop_config` WHERE `status` = 1  [ RunTime:0.0003s ]

[ 2017-12-10T23:55:01+08:00 ] 49.4.12.68 /Weixin/Auto/doorder
NOTIC: [8] Undefined index: code /home/wwwroot/newduobao/Ewshop/Weixin/Controller/HomeController.class.php 第 43 行.
SQL: SHOW COLUMNS FROM `ewshop_config` [ RunTime:0.0006s ]
SQL: SELECT `type`,`name`,`value` FROM `ewshop_config` WHERE `status` = 1  [ RunTime:0.0003s ]

[ 2017-12-10T23:56:01+08:00 ] 49.4.12.68 /Weixin/Auto/doAuto
NOTIC: [8] Undefined index: code /home/wwwroot/newduobao/Ewshop/Weixin/Controller/HomeController.class.php 第 43 行.
SQL: SHOW COLUMNS FROM `ewshop_config` [ RunTime:0.0006s ]
SQL: SELECT `type`,`name`,`value` FROM `ewshop_config` WHERE `status` = 1  [ RunTime:0.0002s ]

[ 2017-12-10T23:57:01+08:00 ] 49.4.12.68 /Weixin/Auto/doAuto
NOTIC: [8] Undefined index: code /home/wwwroot/newduobao/Ewshop/Weixin/Controller/HomeController.class.php 第 43 行.
SQL: SHOW COLUMNS FROM `ewshop_config` [ RunTime:0.0006s ]
SQL: SELECT `type`,`name`,`value` FROM `ewshop_config` WHERE `status` = 1  [ RunTime:0.0002s ]

[ 2017-12-10T23:58:01+08:00 ] 49.4.12.68 /Weixin/Auto/doAuto
NOTIC: [8] Undefined index: code /home/wwwroot/newduobao/Ewshop/Weixin/Controller/HomeController.class.php 第 43 行.
SQL: SHOW COLUMNS FROM `ewshop_config` [ RunTime:0.0006s ]
SQL: SELECT `type`,`name`,`value` FROM `ewshop_config` WHERE `status` = 1  [ RunTime:0.0002s ]

[ 2017-12-10T23:59:01+08:00 ] 49.4.12.68 /Weixin/Auto/doAuto
NOTIC: [8] Undefined index: code /home/wwwroot/newduobao/Ewshop/Weixin/Controller/HomeController.class.php 第 43 行.
SQL: SHOW COLUMNS FROM `ewshop_config` [ RunTime:0.0006s ]
SQL: SELECT `type`,`name`,`value` FROM `ewshop_config` WHERE `status` = 1  [ RunTime:0.0002s ]

