[ 2017-12-14T10:00:56+08:00 ] 123.179.17.145 /control.php?s=/Public/login.html
INFO: [ view_parse ] --START--
INFO: [ template_filter ] --START--
INFO: Run Behavior\ContentReplaceBehavior [ RunTime:0.000054s ]
INFO: [ template_filter ] --END-- [ RunTime:0.000074s ]
INFO: Run Behavior\ParseTemplateBehavior [ RunTime:0.001099s ]
INFO: [ view_parse ] --END-- [ RunTime:0.001132s ]
INFO: [ view_filter ] --START--
INFO: Run Behavior\WriteHtmlCacheBehavior [ RunTime:0.000027s ]
INFO: [ view_filter ] --END-- [ RunTime:0.000037s ]
INFO: [ app_end ] --START--
INFO: Run Behavior\ShowPageTraceBehavior [ RunTime:0.000019s ]
INFO: [ app_end ] --END-- [ RunTime:0.000029s ]

[ 2017-12-14T10:01:12+08:00 ] 123.179.17.145 /control.php?s=/Public/login.html
INFO: [ app_begin ] --START--
INFO: Run Behavior\ReadHtmlCacheBehavior [ RunTime:0.000020s ]
INFO: [ app_begin ] --END-- [ RunTime:0.000053s ]
NOTIC: [2] session_start(): open(/var/lib/php/session/sess_brjp7a0nc5cccif3jpcts9v9i1, O_RDWR) failed: Permission denied (13) /home/wwwroot/newduobao/ThinkPHP/Common/functions.php 第 1243 行.
NOTIC: [8] Use of undefined constant UC_AUTH_KEY - assumed 'UC_AUTH_KEY' /home/wwwroot/newduobao/ThinkPHP/Common/functions.php 第 563 行.
SQL: SHOW COLUMNS FROM `ewshop_admin` [ RunTime:0.0006s ]
SQL: SELECT * FROM `ewshop_admin` WHERE `username` = 'admin' LIMIT 1   [ RunTime:0.0002s ]
NOTIC: [8] Use of undefined constant UC_AUTH_KEY - assumed 'UC_AUTH_KEY' /home/wwwroot/newduobao/Ewshop/Control/Model/AdminModel.class.php 第 96 行.
NOTIC: [8] Undefined variable: uid /home/wwwroot/newduobao/Ewshop/Control/Model/AdminModel.class.php 第 98 行.
NOTIC: [8] Undefined variable: uid /home/wwwroot/newduobao/Ewshop/Control/Model/AdminModel.class.php 第 98 行.
SQL: UPDATE `ewshop_admin` SET `login`=`login`+1,`last_login_time`='1513216872',`last_login_ip`='2075333009' WHERE `uid` = 1 [ RunTime:0.0034s ]

[ 2017-12-14T10:01:12+08:00 ] 123.179.17.145 /control.php?s=/Public/login.html
INFO: [ view_parse ] --START--
INFO: [ template_filter ] --START--
INFO: Run Behavior\ContentReplaceBehavior [ RunTime:0.000053s ]
INFO: [ template_filter ] --END-- [ RunTime:0.000071s ]
INFO: Run Behavior\ParseTemplateBehavior [ RunTime:0.001075s ]
INFO: [ view_parse ] --END-- [ RunTime:0.001121s ]
INFO: [ view_filter ] --START--
INFO: Run Behavior\WriteHtmlCacheBehavior [ RunTime:0.000019s ]
INFO: [ view_filter ] --END-- [ RunTime:0.000028s ]
INFO: [ app_end ] --START--
INFO: Run Behavior\ShowPageTraceBehavior [ RunTime:0.000013s ]
INFO: [ app_end ] --END-- [ RunTime:0.000022s ]

[ 2017-12-14T10:01:16+08:00 ] 123.179.17.145 /control.php?s=/Public/login.html
INFO: [ app_begin ] --START--
INFO: Run Behavior\ReadHtmlCacheBehavior [ RunTime:0.000020s ]
INFO: [ app_begin ] --END-- [ RunTime:0.000051s ]
NOTIC: [2] session_start(): open(/var/lib/php/session/sess_brjp7a0nc5cccif3jpcts9v9i1, O_RDWR) failed: Permission denied (13) /home/wwwroot/newduobao/ThinkPHP/Common/functions.php 第 1243 行.
NOTIC: [8] Use of undefined constant UC_AUTH_KEY - assumed 'UC_AUTH_KEY' /home/wwwroot/newduobao/ThinkPHP/Common/functions.php 第 563 行.
SQL: SHOW COLUMNS FROM `ewshop_admin` [ RunTime:0.0006s ]
SQL: SELECT * FROM `ewshop_admin` WHERE `username` = '' LIMIT 1   [ RunTime:0.0002s ]

[ 2017-12-14T10:01:23+08:00 ] 123.179.17.145 /control.php?s=/Public/login.html
INFO: [ view_parse ] --START--
INFO: [ template_filter ] --START--
INFO: Run Behavior\ContentReplaceBehavior [ RunTime:0.000054s ]
INFO: [ template_filter ] --END-- [ RunTime:0.000072s ]
INFO: Run Behavior\ParseTemplateBehavior [ RunTime:0.001105s ]
INFO: [ view_parse ] --END-- [ RunTime:0.001140s ]
INFO: [ view_filter ] --START--
INFO: Run Behavior\WriteHtmlCacheBehavior [ RunTime:0.000023s ]
INFO: [ view_filter ] --END-- [ RunTime:0.000032s ]
INFO: [ app_end ] --START--
INFO: Run Behavior\ShowPageTraceBehavior [ RunTime:0.000017s ]
INFO: [ app_end ] --END-- [ RunTime:0.000026s ]

[ 2017-12-14T10:01:35+08:00 ] 123.179.17.145 /control.php?s=/Public/login.html
INFO: [ app_begin ] --START--
INFO: Run Behavior\ReadHtmlCacheBehavior [ RunTime:0.000042s ]
INFO: [ app_begin ] --END-- [ RunTime:0.000103s ]
NOTIC: [2] session_start(): open(/var/lib/php/session/sess_brjp7a0nc5cccif3jpcts9v9i1, O_RDWR) failed: Permission denied (13) /home/wwwroot/newduobao/ThinkPHP/Common/functions.php 第 1243 行.
NOTIC: [8] Use of undefined constant UC_AUTH_KEY - assumed 'UC_AUTH_KEY' /home/wwwroot/newduobao/ThinkPHP/Common/functions.php 第 563 行.
SQL: SHOW COLUMNS FROM `ewshop_admin` [ RunTime:0.0006s ]
SQL: SELECT * FROM `ewshop_admin` WHERE `username` = 'admin' LIMIT 1   [ RunTime:0.0002s ]
NOTIC: [8] Use of undefined constant UC_AUTH_KEY - assumed 'UC_AUTH_KEY' /home/wwwroot/newduobao/Ewshop/Control/Model/AdminModel.class.php 第 96 行.

[ 2017-12-14T10:01:43+08:00 ] 123.179.17.145 /control.php?s=/Public/login.html
INFO: [ view_parse ] --START--
INFO: [ template_filter ] --START--
INFO: Run Behavior\ContentReplaceBehavior [ RunTime:0.000058s ]
INFO: [ template_filter ] --END-- [ RunTime:0.000082s ]
INFO: Run Behavior\ParseTemplateBehavior [ RunTime:0.001294s ]
INFO: [ view_parse ] --END-- [ RunTime:0.001336s ]
INFO: [ view_filter ] --START--
INFO: Run Behavior\WriteHtmlCacheBehavior [ RunTime:0.000027s ]
INFO: [ view_filter ] --END-- [ RunTime:0.000040s ]
INFO: [ app_end ] --START--
INFO: Run Behavior\ShowPageTraceBehavior [ RunTime:0.000022s ]
INFO: [ app_end ] --END-- [ RunTime:0.000035s ]

[ 2017-12-14T10:02:04+08:00 ] 123.179.17.145 /control.php?s=/Public/login.html
INFO: [ app_begin ] --START--
INFO: Run Behavior\ReadHtmlCacheBehavior [ RunTime:0.000017s ]
INFO: [ app_begin ] --END-- [ RunTime:0.000046s ]
NOTIC: [2] session_start(): open(/var/lib/php/session/sess_brjp7a0nc5cccif3jpcts9v9i1, O_RDWR) failed: Permission denied (13) /home/wwwroot/newduobao/ThinkPHP/Common/functions.php 第 1243 行.
NOTIC: [8] Use of undefined constant UC_AUTH_KEY - assumed 'UC_AUTH_KEY' /home/wwwroot/newduobao/ThinkPHP/Common/functions.php 第 563 行.
SQL: SHOW COLUMNS FROM `ewshop_admin` [ RunTime:0.0006s ]
SQL: SELECT * FROM `ewshop_admin` WHERE `username` = 'admin' LIMIT 1   [ RunTime:0.0002s ]
NOTIC: [8] Use of undefined constant UC_AUTH_KEY - assumed 'UC_AUTH_KEY' /home/wwwroot/newduobao/Ewshop/Control/Model/AdminModel.class.php 第 96 行.
NOTIC: [8] Undefined variable: uid /home/wwwroot/newduobao/Ewshop/Control/Model/AdminModel.class.php 第 98 行.
NOTIC: [8] Undefined variable: uid /home/wwwroot/newduobao/Ewshop/Control/Model/AdminModel.class.php 第 98 行.
SQL: UPDATE `ewshop_admin` SET `login`=`login`+1,`last_login_time`='1513216924',`last_login_ip`='2075333009' WHERE `uid` = 1 [ RunTime:0.0032s ]

[ 2017-12-14T10:02:04+08:00 ] 123.179.17.145 /control.php?s=/Public/login.html
INFO: [ view_parse ] --START--
INFO: [ template_filter ] --START--
INFO: Run Behavior\ContentReplaceBehavior [ RunTime:0.000052s ]
INFO: [ template_filter ] --END-- [ RunTime:0.000085s ]
INFO: Run Behavior\ParseTemplateBehavior [ RunTime:0.001064s ]
INFO: [ view_parse ] --END-- [ RunTime:0.001091s ]
INFO: [ view_filter ] --START--
INFO: Run Behavior\WriteHtmlCacheBehavior [ RunTime:0.000017s ]
INFO: [ view_filter ] --END-- [ RunTime:0.000026s ]
INFO: [ app_end ] --START--
INFO: Run Behavior\ShowPageTraceBehavior [ RunTime:0.000012s ]
INFO: [ app_end ] --END-- [ RunTime:0.000020s ]

[ 2017-12-14T10:14:55+08:00 ] 123.179.17.145 /control.php?s=/Public/login.html
INFO: [ app_begin ] --START--
INFO: Run Behavior\ReadHtmlCacheBehavior [ RunTime:0.000015s ]
INFO: [ app_begin ] --END-- [ RunTime:0.000039s ]
NOTIC: [2] session_start(): open(/var/lib/php/session/sess_brjp7a0nc5cccif3jpcts9v9i1, O_RDWR) failed: Permission denied (13) /home/wwwroot/newduobao/ThinkPHP/Common/functions.php 第 1243 行.
NOTIC: [8] Use of undefined constant UC_AUTH_KEY - assumed 'UC_AUTH_KEY' /home/wwwroot/newduobao/ThinkPHP/Common/functions.php 第 563 行.
SQL: SHOW COLUMNS FROM `ewshop_admin` [ RunTime:0.0005s ]
SQL: SELECT * FROM `ewshop_admin` WHERE `username` = 'admin' LIMIT 1   [ RunTime:0.0002s ]
NOTIC: [8] Use of undefined constant UC_AUTH_KEY - assumed 'UC_AUTH_KEY' /home/wwwroot/newduobao/Ewshop/Control/Model/AdminModel.class.php 第 96 行.

[ 2017-12-14T10:14:59+08:00 ] 123.179.17.145 /control.php?s=/Public/login.html
INFO: [ view_parse ] --START--
INFO: [ template_filter ] --START--
INFO: Run Behavior\ContentReplaceBehavior [ RunTime:0.000063s ]
INFO: [ template_filter ] --END-- [ RunTime:0.000093s ]
INFO: Run Behavior\ParseTemplateBehavior [ RunTime:0.001372s ]
INFO: [ view_parse ] --END-- [ RunTime:0.001423s ]
INFO: [ view_filter ] --START--
INFO: Run Behavior\WriteHtmlCacheBehavior [ RunTime:0.000032s ]
INFO: [ view_filter ] --END-- [ RunTime:0.000050s ]
INFO: [ app_end ] --START--
INFO: Run Behavior\ShowPageTraceBehavior [ RunTime:0.000028s ]
INFO: [ app_end ] --END-- [ RunTime:0.000046s ]

[ 2017-12-14T10:15:09+08:00 ] 123.179.17.145 /control.php?s=/Public/login.html
INFO: [ app_begin ] --START--
INFO: Run Behavior\ReadHtmlCacheBehavior [ RunTime:0.000023s ]
INFO: [ app_begin ] --END-- [ RunTime:0.000054s ]
NOTIC: [2] session_start(): open(/var/lib/php/session/sess_brjp7a0nc5cccif3jpcts9v9i1, O_RDWR) failed: Permission denied (13) /home/wwwroot/newduobao/ThinkPHP/Common/functions.php 第 1243 行.
NOTIC: [8] Use of undefined constant UC_AUTH_KEY - assumed 'UC_AUTH_KEY' /home/wwwroot/newduobao/ThinkPHP/Common/functions.php 第 563 行.
SQL: SHOW COLUMNS FROM `ewshop_admin` [ RunTime:0.0006s ]
SQL: SELECT * FROM `ewshop_admin` WHERE `username` = 'admin' LIMIT 1   [ RunTime:0.0002s ]
NOTIC: [8] Use of undefined constant UC_AUTH_KEY - assumed 'UC_AUTH_KEY' /home/wwwroot/newduobao/Ewshop/Control/Model/AdminModel.class.php 第 96 行.

[ 2017-12-14T10:15:11+08:00 ] 123.179.17.145 /control.php?s=/Public/login.html
INFO: [ view_parse ] --START--
INFO: [ template_filter ] --START--
INFO: Run Behavior\ContentReplaceBehavior [ RunTime:0.000054s ]
INFO: [ template_filter ] --END-- [ RunTime:0.000071s ]
INFO: Run Behavior\ParseTemplateBehavior [ RunTime:0.001070s ]
INFO: [ view_parse ] --END-- [ RunTime:0.001099s ]
INFO: [ view_filter ] --START--
INFO: Run Behavior\WriteHtmlCacheBehavior [ RunTime:0.000019s ]
INFO: [ view_filter ] --END-- [ RunTime:0.000028s ]
INFO: [ app_end ] --START--
INFO: Run Behavior\ShowPageTraceBehavior [ RunTime:0.000020s ]
INFO: [ app_end ] --END-- [ RunTime:0.000028s ]

[ 2017-12-14T10:15:22+08:00 ] 123.179.17.145 /control.php?s=/Public/login.html
INFO: [ app_begin ] --START--
INFO: Run Behavior\ReadHtmlCacheBehavior [ RunTime:0.000036s ]
INFO: [ app_begin ] --END-- [ RunTime:0.000068s ]
NOTIC: [2] session_start(): open(/var/lib/php/session/sess_brjp7a0nc5cccif3jpcts9v9i1, O_RDWR) failed: Permission denied (13) /home/wwwroot/newduobao/ThinkPHP/Common/functions.php 第 1243 行.
NOTIC: [8] Use of undefined constant UC_AUTH_KEY - assumed 'UC_AUTH_KEY' /home/wwwroot/newduobao/ThinkPHP/Common/functions.php 第 563 行.
SQL: SHOW COLUMNS FROM `ewshop_admin` [ RunTime:0.0006s ]
SQL: SELECT * FROM `ewshop_admin` WHERE `username` = 'admin' LIMIT 1   [ RunTime:0.0002s ]
NOTIC: [8] Use of undefined constant UC_AUTH_KEY - assumed 'UC_AUTH_KEY' /home/wwwroot/newduobao/Ewshop/Control/Model/AdminModel.class.php 第 96 行.

[ 2017-12-14T10:15:24+08:00 ] 123.179.17.145 /control.php?s=/Public/login.html
INFO: [ view_parse ] --START--
INFO: [ template_filter ] --START--
INFO: Run Behavior\ContentReplaceBehavior [ RunTime:0.000053s ]
INFO: [ template_filter ] --END-- [ RunTime:0.000071s ]
INFO: Run Behavior\ParseTemplateBehavior [ RunTime:0.001048s ]
INFO: [ view_parse ] --END-- [ RunTime:0.001077s ]
INFO: [ view_filter ] --START--
INFO: Run Behavior\WriteHtmlCacheBehavior [ RunTime:0.000018s ]
INFO: [ view_filter ] --END-- [ RunTime:0.000027s ]
INFO: [ app_end ] --START--
INFO: Run Behavior\ShowPageTraceBehavior [ RunTime:0.000022s ]
INFO: [ app_end ] --END-- [ RunTime:0.000033s ]

[ 2017-12-14T10:19:36+08:00 ] 123.179.17.145 /control.php?s=/Public/login.html
INFO: [ app_begin ] --START--
INFO: Run Behavior\ReadHtmlCacheBehavior [ RunTime:0.000025s ]
INFO: [ app_begin ] --END-- [ RunTime:0.000079s ]
NOTIC: [2] session_start(): open(/var/lib/php/session/sess_brjp7a0nc5cccif3jpcts9v9i1, O_RDWR) failed: Permission denied (13) /home/wwwroot/newduobao/ThinkPHP/Common/functions.php 第 1243 行.
NOTIC: [8] Use of undefined constant UC_AUTH_KEY - assumed 'UC_AUTH_KEY' /home/wwwroot/newduobao/ThinkPHP/Common/functions.php 第 563 行.
SQL: SHOW COLUMNS FROM `ewshop_admin` [ RunTime:0.0008s ]
SQL: SELECT * FROM `ewshop_admin` WHERE `username` = 'admin' LIMIT 1   [ RunTime:0.0002s ]
NOTIC: [8] Use of undefined constant UC_AUTH_KEY - assumed 'UC_AUTH_KEY' /home/wwwroot/newduobao/Ewshop/Control/Model/AdminModel.class.php 第 96 行.
NOTIC: [8] Undefined variable: uid /home/wwwroot/newduobao/Ewshop/Control/Model/AdminModel.class.php 第 98 行.
NOTIC: [8] Undefined variable: uid /home/wwwroot/newduobao/Ewshop/Control/Model/AdminModel.class.php 第 98 行.
SQL: UPDATE `ewshop_admin` SET `login`=`login`+1,`last_login_time`='1513217976',`last_login_ip`='2075333009' WHERE `uid` = 1 [ RunTime:0.0031s ]

[ 2017-12-14T10:19:36+08:00 ] 123.179.17.145 /control.php?s=/Public/login.html
INFO: [ view_parse ] --START--
INFO: [ template_filter ] --START--
INFO: Run Behavior\ContentReplaceBehavior [ RunTime:0.000052s ]
INFO: [ template_filter ] --END-- [ RunTime:0.000071s ]
INFO: Run Behavior\ParseTemplateBehavior [ RunTime:0.001047s ]
INFO: [ view_parse ] --END-- [ RunTime:0.001076s ]
INFO: [ view_filter ] --START--
INFO: Run Behavior\WriteHtmlCacheBehavior [ RunTime:0.000018s ]
INFO: [ view_filter ] --END-- [ RunTime:0.000027s ]
INFO: [ app_end ] --START--
INFO: Run Behavior\ShowPageTraceBehavior [ RunTime:0.000018s ]
INFO: [ app_end ] --END-- [ RunTime:0.000033s ]

