[ 2017-12-11T17:51:12+08:00 ] 123.151.77.81 /pay.php?s=/index/cardlist
INFO: [ app_begin ] --START--
INFO: Run Behavior\ReadHtmlCacheBehavior [ RunTime:0.000015s ]
INFO: [ app_begin ] --END-- [ RunTime:0.000039s ]
NOTIC: [2] session_start(): open(/var/lib/php/session/sess_as403j17aek9pccvo1fkqjf5f7, O_RDWR) failed: Permission denied (13) /home/wwwroot/newduobao/ThinkPHP/Common/functions.php 第 1243 行.
NOTIC: [8] Undefined index: onethink_home /home/wwwroot/newduobao/Ewshop/Pay/Controller/IndexController.class.php 第 36 行.
NOTIC: [8] Undefined index: onethink_admin /home/wwwroot/newduobao/Ewshop/Pay/Controller/IndexController.class.php 第 36 行.
SQL: SHOW COLUMNS FROM `ewshop_account` [ RunTime:0.0008s ]
SQL: SELECT `id`,`card_no`,`bankname` FROM `ewshop_account` WHERE ( status=1 and uid =671 )  [ RunTime:0.0004s ]
INFO: [ view_parse ] --START--
INFO: [ template_filter ] --START--
INFO: Run Behavior\ContentReplaceBehavior [ RunTime:0.000062s ]
INFO: [ template_filter ] --END-- [ RunTime:0.000090s ]
INFO: Run Behavior\ParseTemplateBehavior [ RunTime:0.002039s ]
INFO: [ view_parse ] --END-- [ RunTime:0.002073s ]
INFO: [ view_filter ] --START--
INFO: Run Behavior\WriteHtmlCacheBehavior [ RunTime:0.000030s ]
INFO: [ view_filter ] --END-- [ RunTime:0.000046s ]
INFO: [ app_end ] --START--
INFO: Run Behavior\ShowPageTraceBehavior [ RunTime:0.000015s ]
INFO: [ app_end ] --END-- [ RunTime:0.000025s ]

[ 2017-12-11T17:51:15+08:00 ] 123.151.77.81 /pay.php?s=/Index/bindcard.html
INFO: [ app_begin ] --START--
INFO: Run Behavior\ReadHtmlCacheBehavior [ RunTime:0.000020s ]
INFO: [ app_begin ] --END-- [ RunTime:0.000050s ]
NOTIC: [2] session_start(): open(/var/lib/php/session/sess_as403j17aek9pccvo1fkqjf5f7, O_RDWR) failed: Permission denied (13) /home/wwwroot/newduobao/ThinkPHP/Common/functions.php 第 1243 行.
NOTIC: [8] Undefined index: onethink_home /home/wwwroot/newduobao/Ewshop/Pay/Controller/IndexController.class.php 第 36 行.
NOTIC: [8] Undefined index: onethink_admin /home/wwwroot/newduobao/Ewshop/Pay/Controller/IndexController.class.php 第 36 行.
INFO: [ view_parse ] --START--
INFO: [ template_filter ] --START--
INFO: Run Behavior\ContentReplaceBehavior [ RunTime:0.000053s ]
INFO: [ template_filter ] --END-- [ RunTime:0.000071s ]
INFO: Run Behavior\ParseTemplateBehavior [ RunTime:0.001096s ]
INFO: [ view_parse ] --END-- [ RunTime:0.001113s ]
INFO: [ view_filter ] --START--
INFO: Run Behavior\WriteHtmlCacheBehavior [ RunTime:0.000023s ]
INFO: [ view_filter ] --END-- [ RunTime:0.000033s ]
INFO: [ app_end ] --START--
INFO: Run Behavior\ShowPageTraceBehavior [ RunTime:0.000020s ]
INFO: [ app_end ] --END-- [ RunTime:0.000031s ]

[ 2017-12-11T17:51:26+08:00 ] 120.204.17.71 /pay.php?s=/Index/bindcard.html
INFO: [ app_begin ] --START--
INFO: Run Behavior\ReadHtmlCacheBehavior [ RunTime:0.000019s ]
INFO: [ app_begin ] --END-- [ RunTime:0.000051s ]
NOTIC: [2] session_start(): open(/var/lib/php/session/sess_mg0874fck4t594om7k2oa5jeq7, O_RDWR) failed: Permission denied (13) /home/wwwroot/newduobao/ThinkPHP/Common/functions.php 第 1243 行.
NOTIC: [8] Undefined index: onethink_home /home/wwwroot/newduobao/Ewshop/Pay/Controller/IndexController.class.php 第 36 行.
NOTIC: [8] Undefined index: onethink_admin /home/wwwroot/newduobao/Ewshop/Pay/Controller/IndexController.class.php 第 36 行.
INFO: [ view_parse ] --START--
INFO: [ template_filter ] --START--
INFO: Run Behavior\ContentReplaceBehavior [ RunTime:0.000071s ]
INFO: [ template_filter ] --END-- [ RunTime:0.000089s ]
INFO: Run Behavior\ParseTemplateBehavior [ RunTime:0.001118s ]
INFO: [ view_parse ] --END-- [ RunTime:0.001135s ]
INFO: [ view_filter ] --START--
INFO: Run Behavior\WriteHtmlCacheBehavior [ RunTime:0.000024s ]
INFO: [ view_filter ] --END-- [ RunTime:0.000033s ]
INFO: [ app_end ] --START--
INFO: Run Behavior\ShowPageTraceBehavior [ RunTime:0.000016s ]
INFO: [ app_end ] --END-- [ RunTime:0.000026s ]

