[ 2017-12-13T10:13:20+08:00 ] 123.179.17.145 /pay.php?s=/index/cardlist
INFO: [ app_begin ] --START--
INFO: Run Behavior\ReadHtmlCacheBehavior [ RunTime:0.000016s ]
INFO: [ app_begin ] --END-- [ RunTime:0.000043s ]
NOTIC: [2] session_start(): open(/var/lib/php/session/sess_aivcfneqf5b60b3fnt58motgj7, O_RDWR) failed: Permission denied (13) /home/wwwroot/newduobao/ThinkPHP/Common/functions.php 第 1243 行.
NOTIC: [8] Undefined index: onethink_home /home/wwwroot/newduobao/Ewshop/Pay/Controller/IndexController.class.php 第 36 行.
NOTIC: [8] Undefined index: onethink_admin /home/wwwroot/newduobao/Ewshop/Pay/Controller/IndexController.class.php 第 36 行.
SQL: SHOW COLUMNS FROM `ewshop_account` [ RunTime:0.0006s ]
SQL: SELECT `id`,`card_no`,`bankname` FROM `ewshop_account` WHERE ( status=1 and uid =671 )  [ RunTime:0.0002s ]
INFO: [ view_parse ] --START--
INFO: [ template_filter ] --START--
INFO: Run Behavior\ContentReplaceBehavior [ RunTime:0.000046s ]
INFO: [ template_filter ] --END-- [ RunTime:0.000065s ]
INFO: Run Behavior\ParseTemplateBehavior [ RunTime:0.001390s ]
INFO: [ view_parse ] --END-- [ RunTime:0.001409s ]
INFO: [ view_filter ] --START--
INFO: Run Behavior\WriteHtmlCacheBehavior [ RunTime:0.000020s ]
INFO: [ view_filter ] --END-- [ RunTime:0.000029s ]
INFO: [ app_end ] --START--
INFO: Run Behavior\ShowPageTraceBehavior [ RunTime:0.000013s ]
INFO: [ app_end ] --END-- [ RunTime:0.000021s ]

[ 2017-12-13T10:13:33+08:00 ] 123.179.17.145 /pay.php?s=/Index/bindcard.html
INFO: [ app_begin ] --START--
INFO: Run Behavior\ReadHtmlCacheBehavior [ RunTime:0.000019s ]
INFO: [ app_begin ] --END-- [ RunTime:0.000049s ]
NOTIC: [2] session_start(): open(/var/lib/php/session/sess_aivcfneqf5b60b3fnt58motgj7, O_RDWR) failed: Permission denied (13) /home/wwwroot/newduobao/ThinkPHP/Common/functions.php 第 1243 行.
NOTIC: [8] Undefined index: onethink_home /home/wwwroot/newduobao/Ewshop/Pay/Controller/IndexController.class.php 第 36 行.
NOTIC: [8] Undefined index: onethink_admin /home/wwwroot/newduobao/Ewshop/Pay/Controller/IndexController.class.php 第 36 行.
INFO: [ view_parse ] --START--
INFO: [ template_filter ] --START--
INFO: Run Behavior\ContentReplaceBehavior [ RunTime:0.000054s ]
INFO: [ template_filter ] --END-- [ RunTime:0.000070s ]
INFO: Run Behavior\ParseTemplateBehavior [ RunTime:0.001094s ]
INFO: [ view_parse ] --END-- [ RunTime:0.001111s ]
INFO: [ view_filter ] --START--
INFO: Run Behavior\WriteHtmlCacheBehavior [ RunTime:0.000023s ]
INFO: [ view_filter ] --END-- [ RunTime:0.000032s ]
INFO: [ app_end ] --START--
INFO: Run Behavior\ShowPageTraceBehavior [ RunTime:0.000017s ]
INFO: [ app_end ] --END-- [ RunTime:0.000043s ]

