[ 2017-12-27T11:04:52+08:00 ] 223.104.3.187 /pay.php
INFO: [ app_begin ] --START--
INFO: Run Behavior\ReadHtmlCacheBehavior [ RunTime:0.000031s ]
INFO: [ app_begin ] --END-- [ RunTime:0.000074s ]
NOTIC: [8] A session had already been started - ignoring session_start() /home/wwwroot/newduobao/ThinkPHP/Common/functions.php 第 1243 行.
SQL: SHOW COLUMNS FROM `ewshop_win_exchange` [ RunTime:0.0007s ]
SQL: SELECT `goods_id` FROM `ewshop_win_exchange` WHERE `uid` = '3' AND `is_exchange` = 0 AND `exchange_number` <> ''  [ RunTime:0.0003s ]
SQL: SELECT `id`,`uid`,`order_id`,`goods_id`,`exchange_number`,`buy_num` FROM `ewshop_win_exchange` WHERE `uid` = '3' AND `is_exchange` = 0 AND `exchange_number` <> ''  [ RunTime:0.0002s ]
NOTIC: [8] Undefined variable: shiji /home/wwwroot/newduobao/Ewshop/Pay/Controller/IndexController.class.php 第 94 行.
NOTIC: [8] Undefined variable: arrcode /home/wwwroot/newduobao/Ewshop/Pay/Controller/IndexController.class.php 第 94 行.
NOTIC: [8] Undefined variable: ex_tot /home/wwwroot/newduobao/Ewshop/Pay/Controller/IndexController.class.php 第 94 行.
SQL: SHOW COLUMNS FROM `ewshop_account` [ RunTime:0.0004s ]
SQL: SELECT `id`,`card_no`,`bankname`,`username` FROM `ewshop_account` WHERE ( uid = 3 )  [ RunTime:0.0002s ]
SQL: SELECT * FROM `ewshop_account` WHERE `defaultcard` = 1 AND `uid` = '3' LIMIT 1   [ RunTime:0.0002s ]
INFO: [ view_parse ] --START--
INFO: [ template_filter ] --START--
INFO: Run Behavior\ContentReplaceBehavior [ RunTime:0.000070s ]
INFO: [ template_filter ] --END-- [ RunTime:0.000096s ]
NOTIC: [8] Use of undefined constant docharge - assumed 'docharge' /home/wwwroot/newduobao/Runtime/Cache/Pay/95c1bf19b4470fd2052f7770db407959.php 第 15 行.
INFO: Run Behavior\ParseTemplateBehavior [ RunTime:0.001838s ]
INFO: [ view_parse ] --END-- [ RunTime:0.001858s ]
INFO: [ view_filter ] --START--
INFO: Run Behavior\WriteHtmlCacheBehavior [ RunTime:0.000027s ]
INFO: [ view_filter ] --END-- [ RunTime:0.000036s ]
INFO: [ app_end ] --START--
INFO: Run Behavior\ShowPageTraceBehavior [ RunTime:0.000018s ]
INFO: [ app_end ] --END-- [ RunTime:0.000026s ]

[ 2017-12-27T11:05:07+08:00 ] 223.104.3.187 /pay.php?s=/Index/cardlist.html
INFO: [ app_begin ] --START--
INFO: Run Behavior\ReadHtmlCacheBehavior [ RunTime:0.000020s ]
INFO: [ app_begin ] --END-- [ RunTime:0.000049s ]
NOTIC: [8] A session had already been started - ignoring session_start() /home/wwwroot/newduobao/ThinkPHP/Common/functions.php 第 1243 行.
SQL: SHOW COLUMNS FROM `ewshop_account` [ RunTime:0.0006s ]
SQL: SELECT `id`,`card_no`,`bankname` FROM `ewshop_account` WHERE ( status=1 and uid =3 )  [ RunTime:0.0002s ]
INFO: [ view_parse ] --START--
INFO: [ template_filter ] --START--
INFO: Run Behavior\ContentReplaceBehavior [ RunTime:0.000063s ]
INFO: [ template_filter ] --END-- [ RunTime:0.000081s ]
INFO: Run Behavior\ParseTemplateBehavior [ RunTime:0.001536s ]
INFO: [ view_parse ] --END-- [ RunTime:0.001579s ]
INFO: [ view_filter ] --START--
INFO: Run Behavior\WriteHtmlCacheBehavior [ RunTime:0.000027s ]
INFO: [ view_filter ] --END-- [ RunTime:0.000036s ]
INFO: [ app_end ] --START--
INFO: Run Behavior\ShowPageTraceBehavior [ RunTime:0.000018s ]
INFO: [ app_end ] --END-- [ RunTime:0.000027s ]

[ 2017-12-27T11:05:09+08:00 ] 223.104.3.187 /pay.php?s=/Index/bindcard.html
INFO: [ app_begin ] --START--
INFO: Run Behavior\ReadHtmlCacheBehavior [ RunTime:0.000020s ]
INFO: [ app_begin ] --END-- [ RunTime:0.000050s ]
NOTIC: [8] A session had already been started - ignoring session_start() /home/wwwroot/newduobao/ThinkPHP/Common/functions.php 第 1243 行.
INFO: [ view_parse ] --START--
INFO: [ template_filter ] --START--
INFO: Run Behavior\ContentReplaceBehavior [ RunTime:0.000061s ]
INFO: [ template_filter ] --END-- [ RunTime:0.000079s ]
NOTIC: [8] Use of undefined constant bindcard - assumed 'bindcard' /home/wwwroot/newduobao/Runtime/Cache/Pay/d8e6cb1278fc83e8d900ae234366561d.php 第 14 行.
INFO: Run Behavior\ParseTemplateBehavior [ RunTime:0.001333s ]
INFO: [ view_parse ] --END-- [ RunTime:0.001352s ]
INFO: [ view_filter ] --START--
INFO: Run Behavior\WriteHtmlCacheBehavior [ RunTime:0.000019s ]
INFO: [ view_filter ] --END-- [ RunTime:0.000028s ]
INFO: [ app_end ] --START--
INFO: Run Behavior\ShowPageTraceBehavior [ RunTime:0.000013s ]
INFO: [ app_end ] --END-- [ RunTime:0.000021s ]

[ 2017-12-27T11:06:04+08:00 ] 223.104.3.187 /pay.php?s=/index/sendcode.html
INFO: [ app_begin ] --START--
INFO: Run Behavior\ReadHtmlCacheBehavior [ RunTime:0.000018s ]
INFO: [ app_begin ] --END-- [ RunTime:0.000045s ]
NOTIC: [8] A session had already been started - ignoring session_start() /home/wwwroot/newduobao/ThinkPHP/Common/functions.php 第 1243 行.
NOTIC: [8] curl_setopt(): CURLOPT_SSL_VERIFYHOST no longer accepts the value 1, value 2 will be used instead /home/wwwroot/newduobao/ThinkPHP/Library/Vendor/Sms/Sms.php 第 82 行.
SQL: SHOW COLUMNS FROM `ewshop_verification` [ RunTime:0.0006s ]
SQL: SHOW COLUMNS FROM `ewshop_member` [ RunTime:0.0005s ]
SQL: INSERT INTO `ewshop_verification` (`mobile`,`create_time`,`status`) VALUES ('15811585828','1514343964','1') [ RunTime:0.0002s ]
SQL: SHOW COLUMNS FROM `ewshop_sms` [ RunTime:0.0004s ]
SQL: INSERT INTO `ewshop_sms` (`mobile`,`content`,`create_time`,`group`) VALUES ('15811585828','您的短信验证码为：2160，有效期一小时。【翔傲元】','1514343964','1') [ RunTime:0.0001s ]

[ 2017-12-27T11:06:19+08:00 ] 223.104.3.187 /pay.php?s=/Index/bindcard.html
INFO: [ app_begin ] --START--
INFO: Run Behavior\ReadHtmlCacheBehavior [ RunTime:0.000021s ]
INFO: [ app_begin ] --END-- [ RunTime:0.000057s ]
NOTIC: [8] A session had already been started - ignoring session_start() /home/wwwroot/newduobao/ThinkPHP/Common/functions.php 第 1243 行.
SQL: SHOW COLUMNS FROM `ewshop_account` [ RunTime:0.0008s ]
SQL: SELECT * FROM `ewshop_account` WHERE ( card_no = 6222020200102813215 ) LIMIT 1   [ RunTime:0.0003s ]
SQL: INSERT INTO `ewshop_account` (`card_no`,`uid`,`username`,`idcard`,`mobile`,`ctime`,`bankname`,`defaultcard`) VALUES ('6222020200102813215','3','白羽','','15811585828','1514343979','','1') [ RunTime:0.0034s ]
NOTIC: [8] Undefined variable: ret /home/wwwroot/newduobao/Ewshop/Pay/Controller/IndexController.class.php 第 266 行.
NOTIC: [8] Undefined variable: ret /home/wwwroot/newduobao/Ewshop/Pay/Controller/IndexController.class.php 第 267 行.
INFO: [ view_parse ] --START--
INFO: [ template_filter ] --START--
INFO: Run Behavior\ContentReplaceBehavior [ RunTime:0.000064s ]
INFO: [ template_filter ] --END-- [ RunTime:0.000083s ]
NOTIC: [8] Use of undefined constant bindcard - assumed 'bindcard' /home/wwwroot/newduobao/Runtime/Cache/Pay/d8e6cb1278fc83e8d900ae234366561d.php 第 14 行.
INFO: Run Behavior\ParseTemplateBehavior [ RunTime:0.001425s ]
INFO: [ view_parse ] --END-- [ RunTime:0.001449s ]
INFO: [ view_filter ] --START--
INFO: Run Behavior\WriteHtmlCacheBehavior [ RunTime:0.000030s ]
INFO: [ view_filter ] --END-- [ RunTime:0.000039s ]
INFO: [ app_end ] --START--
INFO: Run Behavior\ShowPageTraceBehavior [ RunTime:0.000021s ]
INFO: [ app_end ] --END-- [ RunTime:0.000030s ]

[ 2017-12-27T11:06:30+08:00 ] 223.104.3.187 /pay.php
INFO: [ app_begin ] --START--
INFO: Run Behavior\ReadHtmlCacheBehavior [ RunTime:0.000020s ]
INFO: [ app_begin ] --END-- [ RunTime:0.000068s ]
NOTIC: [8] A session had already been started - ignoring session_start() /home/wwwroot/newduobao/ThinkPHP/Common/functions.php 第 1243 行.
SQL: SHOW COLUMNS FROM `ewshop_win_exchange` [ RunTime:0.0006s ]
SQL: SELECT `goods_id` FROM `ewshop_win_exchange` WHERE `uid` = '3' AND `is_exchange` = 0 AND `exchange_number` <> ''  [ RunTime:0.0003s ]
SQL: SELECT `id`,`uid`,`order_id`,`goods_id`,`exchange_number`,`buy_num` FROM `ewshop_win_exchange` WHERE `uid` = '3' AND `is_exchange` = 0 AND `exchange_number` <> ''  [ RunTime:0.0002s ]
NOTIC: [8] Undefined variable: shiji /home/wwwroot/newduobao/Ewshop/Pay/Controller/IndexController.class.php 第 94 行.
NOTIC: [8] Undefined variable: arrcode /home/wwwroot/newduobao/Ewshop/Pay/Controller/IndexController.class.php 第 94 行.
NOTIC: [8] Undefined variable: ex_tot /home/wwwroot/newduobao/Ewshop/Pay/Controller/IndexController.class.php 第 94 行.
SQL: SHOW COLUMNS FROM `ewshop_account` [ RunTime:0.0004s ]
SQL: SELECT `id`,`card_no`,`bankname`,`username` FROM `ewshop_account` WHERE ( uid = 3 )  [ RunTime:0.0002s ]
SQL: SELECT * FROM `ewshop_account` WHERE `defaultcard` = 1 AND `uid` = '3' LIMIT 1   [ RunTime:0.0002s ]
INFO: [ view_parse ] --START--
INFO: [ template_filter ] --START--
INFO: Run Behavior\ContentReplaceBehavior [ RunTime:0.000068s ]
INFO: [ template_filter ] --END-- [ RunTime:0.000092s ]
NOTIC: [8] Use of undefined constant docharge - assumed 'docharge' /home/wwwroot/newduobao/Runtime/Cache/Pay/95c1bf19b4470fd2052f7770db407959.php 第 15 行.
INFO: Run Behavior\ParseTemplateBehavior [ RunTime:0.001957s ]
INFO: [ view_parse ] --END-- [ RunTime:0.001975s ]
INFO: [ view_filter ] --START--
INFO: Run Behavior\WriteHtmlCacheBehavior [ RunTime:0.000026s ]
INFO: [ view_filter ] --END-- [ RunTime:0.000035s ]
INFO: [ app_end ] --START--
INFO: Run Behavior\ShowPageTraceBehavior [ RunTime:0.000018s ]
INFO: [ app_end ] --END-- [ RunTime:0.000027s ]

[ 2017-12-27T11:06:39+08:00 ] 223.104.3.187 /pay.php?s=/Index/cardlist.html
INFO: [ app_begin ] --START--
INFO: Run Behavior\ReadHtmlCacheBehavior [ RunTime:0.000020s ]
INFO: [ app_begin ] --END-- [ RunTime:0.000049s ]
NOTIC: [8] A session had already been started - ignoring session_start() /home/wwwroot/newduobao/ThinkPHP/Common/functions.php 第 1243 行.
SQL: SHOW COLUMNS FROM `ewshop_account` [ RunTime:0.0010s ]
SQL: SELECT `id`,`card_no`,`bankname` FROM `ewshop_account` WHERE ( status=1 and uid =3 )  [ RunTime:0.0004s ]
INFO: [ view_parse ] --START--
INFO: [ template_filter ] --START--
INFO: Run Behavior\ContentReplaceBehavior [ RunTime:0.000076s ]
INFO: [ template_filter ] --END-- [ RunTime:0.000116s ]
INFO: Run Behavior\ParseTemplateBehavior [ RunTime:0.002103s ]
INFO: [ view_parse ] --END-- [ RunTime:0.002125s ]
INFO: [ view_filter ] --START--
INFO: Run Behavior\WriteHtmlCacheBehavior [ RunTime:0.000038s ]
INFO: [ view_filter ] --END-- [ RunTime:0.000055s ]
INFO: [ app_end ] --START--
INFO: Run Behavior\ShowPageTraceBehavior [ RunTime:0.000025s ]
INFO: [ app_end ] --END-- [ RunTime:0.000038s ]

[ 2017-12-27T11:07:14+08:00 ] 223.104.3.187 /pay.php?s=/Index/cardlist.html
INFO: [ app_begin ] --START--
INFO: Run Behavior\ReadHtmlCacheBehavior [ RunTime:0.000019s ]
INFO: [ app_begin ] --END-- [ RunTime:0.000048s ]
NOTIC: [8] A session had already been started - ignoring session_start() /home/wwwroot/newduobao/ThinkPHP/Common/functions.php 第 1243 行.
SQL: SHOW COLUMNS FROM `ewshop_account` [ RunTime:0.0006s ]
SQL: SELECT `id`,`card_no`,`bankname` FROM `ewshop_account` WHERE ( status=1 and uid =3 )  [ RunTime:0.0003s ]
INFO: [ view_parse ] --START--
INFO: [ template_filter ] --START--
INFO: Run Behavior\ContentReplaceBehavior [ RunTime:0.000062s ]
INFO: [ template_filter ] --END-- [ RunTime:0.000080s ]
INFO: Run Behavior\ParseTemplateBehavior [ RunTime:0.001518s ]
INFO: [ view_parse ] --END-- [ RunTime:0.001537s ]
INFO: [ view_filter ] --START--
INFO: Run Behavior\WriteHtmlCacheBehavior [ RunTime:0.000025s ]
INFO: [ view_filter ] --END-- [ RunTime:0.000034s ]
INFO: [ app_end ] --START--
INFO: Run Behavior\ShowPageTraceBehavior [ RunTime:0.000018s ]
INFO: [ app_end ] --END-- [ RunTime:0.000028s ]

[ 2017-12-27T11:07:16+08:00 ] 223.104.3.187 /pay.php?s=/Index/bindcard.html
INFO: [ app_begin ] --START--
INFO: Run Behavior\ReadHtmlCacheBehavior [ RunTime:0.000024s ]
INFO: [ app_begin ] --END-- [ RunTime:0.000061s ]
NOTIC: [8] A session had already been started - ignoring session_start() /home/wwwroot/newduobao/ThinkPHP/Common/functions.php 第 1243 行.
INFO: [ view_parse ] --START--
INFO: [ template_filter ] --START--
INFO: Run Behavior\ContentReplaceBehavior [ RunTime:0.000061s ]
INFO: [ template_filter ] --END-- [ RunTime:0.000080s ]
NOTIC: [8] Use of undefined constant bindcard - assumed 'bindcard' /home/wwwroot/newduobao/Runtime/Cache/Pay/d8e6cb1278fc83e8d900ae234366561d.php 第 14 行.
INFO: Run Behavior\ParseTemplateBehavior [ RunTime:0.001383s ]
INFO: [ view_parse ] --END-- [ RunTime:0.001407s ]
INFO: [ view_filter ] --START--
INFO: Run Behavior\WriteHtmlCacheBehavior [ RunTime:0.000029s ]
INFO: [ view_filter ] --END-- [ RunTime:0.000046s ]
INFO: [ app_end ] --START--
INFO: Run Behavior\ShowPageTraceBehavior [ RunTime:0.000016s ]
INFO: [ app_end ] --END-- [ RunTime:0.000025s ]

[ 2017-12-27T11:07:28+08:00 ] 223.104.3.187 /pay.php?s=/Index/bindcard.html
INFO: [ app_begin ] --START--
INFO: Run Behavior\ReadHtmlCacheBehavior [ RunTime:0.000021s ]
INFO: [ app_begin ] --END-- [ RunTime:0.000053s ]
NOTIC: [8] A session had already been started - ignoring session_start() /home/wwwroot/newduobao/ThinkPHP/Common/functions.php 第 1243 行.
INFO: [ view_parse ] --START--
INFO: [ template_filter ] --START--
INFO: Run Behavior\ContentReplaceBehavior [ RunTime:0.000060s ]
INFO: [ template_filter ] --END-- [ RunTime:0.000078s ]
NOTIC: [8] Use of undefined constant bindcard - assumed 'bindcard' /home/wwwroot/newduobao/Runtime/Cache/Pay/d8e6cb1278fc83e8d900ae234366561d.php 第 14 行.
INFO: Run Behavior\ParseTemplateBehavior [ RunTime:0.001249s ]
INFO: [ view_parse ] --END-- [ RunTime:0.001265s ]
INFO: [ view_filter ] --START--
INFO: Run Behavior\WriteHtmlCacheBehavior [ RunTime:0.000026s ]
INFO: [ view_filter ] --END-- [ RunTime:0.000035s ]
INFO: [ app_end ] --START--
INFO: Run Behavior\ShowPageTraceBehavior [ RunTime:0.000019s ]
INFO: [ app_end ] --END-- [ RunTime:0.000027s ]

[ 2017-12-27T11:07:38+08:00 ] 223.104.3.187 /pay.php?s=/Index/updatebank.html
INFO: [ app_begin ] --START--
INFO: Run Behavior\ReadHtmlCacheBehavior [ RunTime:0.000018s ]
INFO: [ app_begin ] --END-- [ RunTime:0.000048s ]
NOTIC: [8] A session had already been started - ignoring session_start() /home/wwwroot/newduobao/ThinkPHP/Common/functions.php 第 1243 行.

[ 2017-12-27T11:07:44+08:00 ] 223.104.3.187 /pay.php
INFO: [ app_begin ] --START--
INFO: Run Behavior\ReadHtmlCacheBehavior [ RunTime:0.000019s ]
INFO: [ app_begin ] --END-- [ RunTime:0.000047s ]
NOTIC: [8] A session had already been started - ignoring session_start() /home/wwwroot/newduobao/ThinkPHP/Common/functions.php 第 1243 行.
SQL: SHOW COLUMNS FROM `ewshop_win_exchange` [ RunTime:0.0009s ]
SQL: SELECT `goods_id` FROM `ewshop_win_exchange` WHERE `uid` = '3' AND `is_exchange` = 0 AND `exchange_number` <> ''  [ RunTime:0.0003s ]
SQL: SELECT `id`,`uid`,`order_id`,`goods_id`,`exchange_number`,`buy_num` FROM `ewshop_win_exchange` WHERE `uid` = '3' AND `is_exchange` = 0 AND `exchange_number` <> ''  [ RunTime:0.0002s ]
NOTIC: [8] Undefined variable: shiji /home/wwwroot/newduobao/Ewshop/Pay/Controller/IndexController.class.php 第 94 行.
NOTIC: [8] Undefined variable: arrcode /home/wwwroot/newduobao/Ewshop/Pay/Controller/IndexController.class.php 第 94 行.
NOTIC: [8] Undefined variable: ex_tot /home/wwwroot/newduobao/Ewshop/Pay/Controller/IndexController.class.php 第 94 行.
SQL: SHOW COLUMNS FROM `ewshop_account` [ RunTime:0.0004s ]
SQL: SELECT `id`,`card_no`,`bankname`,`username` FROM `ewshop_account` WHERE ( uid = 3 )  [ RunTime:0.0002s ]
SQL: SELECT * FROM `ewshop_account` WHERE `defaultcard` = 1 AND `uid` = '3' LIMIT 1   [ RunTime:0.0002s ]
INFO: [ view_parse ] --START--
INFO: [ template_filter ] --START--
INFO: Run Behavior\ContentReplaceBehavior [ RunTime:0.000058s ]
INFO: [ template_filter ] --END-- [ RunTime:0.000077s ]
NOTIC: [8] Use of undefined constant docharge - assumed 'docharge' /home/wwwroot/newduobao/Runtime/Cache/Pay/95c1bf19b4470fd2052f7770db407959.php 第 15 行.
INFO: Run Behavior\ParseTemplateBehavior [ RunTime:0.001589s ]
INFO: [ view_parse ] --END-- [ RunTime:0.001609s ]
INFO: [ view_filter ] --START--
INFO: Run Behavior\WriteHtmlCacheBehavior [ RunTime:0.000031s ]
INFO: [ view_filter ] --END-- [ RunTime:0.000042s ]
INFO: [ app_end ] --START--
INFO: Run Behavior\ShowPageTraceBehavior [ RunTime:0.000020s ]
INFO: [ app_end ] --END-- [ RunTime:0.000028s ]

[ 2017-12-27T11:07:53+08:00 ] 223.104.3.187 /pay.php?s=/Index/cardlist.html
INFO: [ app_begin ] --START--
INFO: Run Behavior\ReadHtmlCacheBehavior [ RunTime:0.000020s ]
INFO: [ app_begin ] --END-- [ RunTime:0.000050s ]
NOTIC: [8] A session had already been started - ignoring session_start() /home/wwwroot/newduobao/ThinkPHP/Common/functions.php 第 1243 行.
SQL: SHOW COLUMNS FROM `ewshop_account` [ RunTime:0.0006s ]
SQL: SELECT `id`,`card_no`,`bankname` FROM `ewshop_account` WHERE ( status=1 and uid =3 )  [ RunTime:0.0003s ]
INFO: [ view_parse ] --START--
INFO: [ template_filter ] --START--
INFO: Run Behavior\ContentReplaceBehavior [ RunTime:0.000064s ]
INFO: [ template_filter ] --END-- [ RunTime:0.000084s ]
INFO: Run Behavior\ParseTemplateBehavior [ RunTime:0.001920s ]
INFO: [ view_parse ] --END-- [ RunTime:0.001940s ]
INFO: [ view_filter ] --START--
INFO: Run Behavior\WriteHtmlCacheBehavior [ RunTime:0.000027s ]
INFO: [ view_filter ] --END-- [ RunTime:0.000037s ]
INFO: [ app_end ] --START--
INFO: Run Behavior\ShowPageTraceBehavior [ RunTime:0.000019s ]
INFO: [ app_end ] --END-- [ RunTime:0.000027s ]

[ 2017-12-27T11:07:55+08:00 ] 223.104.3.187 /pay.php?s=/Index/bindcard.html
INFO: [ app_begin ] --START--
INFO: Run Behavior\ReadHtmlCacheBehavior [ RunTime:0.000016s ]
INFO: [ app_begin ] --END-- [ RunTime:0.000041s ]
NOTIC: [8] A session had already been started - ignoring session_start() /home/wwwroot/newduobao/ThinkPHP/Common/functions.php 第 1243 行.
INFO: [ view_parse ] --START--
INFO: [ template_filter ] --START--
INFO: Run Behavior\ContentReplaceBehavior [ RunTime:0.000059s ]
INFO: [ template_filter ] --END-- [ RunTime:0.000077s ]
NOTIC: [8] Use of undefined constant bindcard - assumed 'bindcard' /home/wwwroot/newduobao/Runtime/Cache/Pay/d8e6cb1278fc83e8d900ae234366561d.php 第 14 行.
INFO: Run Behavior\ParseTemplateBehavior [ RunTime:0.001166s ]
INFO: [ view_parse ] --END-- [ RunTime:0.001182s ]
INFO: [ view_filter ] --START--
INFO: Run Behavior\WriteHtmlCacheBehavior [ RunTime:0.000019s ]
INFO: [ view_filter ] --END-- [ RunTime:0.000028s ]
INFO: [ app_end ] --START--
INFO: Run Behavior\ShowPageTraceBehavior [ RunTime:0.000014s ]
INFO: [ app_end ] --END-- [ RunTime:0.000021s ]

[ 2017-12-27T11:08:40+08:00 ] 223.104.3.187 /pay.php?s=/index/sendcode.html
INFO: [ app_begin ] --START--
INFO: Run Behavior\ReadHtmlCacheBehavior [ RunTime:0.000020s ]
INFO: [ app_begin ] --END-- [ RunTime:0.000050s ]
NOTIC: [8] A session had already been started - ignoring session_start() /home/wwwroot/newduobao/ThinkPHP/Common/functions.php 第 1243 行.
NOTIC: [8] curl_setopt(): CURLOPT_SSL_VERIFYHOST no longer accepts the value 1, value 2 will be used instead /home/wwwroot/newduobao/ThinkPHP/Library/Vendor/Sms/Sms.php 第 82 行.
SQL: SHOW COLUMNS FROM `ewshop_verification` [ RunTime:0.0007s ]
SQL: SHOW COLUMNS FROM `ewshop_member` [ RunTime:0.0005s ]
SQL: INSERT INTO `ewshop_verification` (`mobile`,`create_time`,`status`) VALUES ('15811585828','1514344120','1') [ RunTime:0.0002s ]
SQL: SHOW COLUMNS FROM `ewshop_sms` [ RunTime:0.0004s ]
SQL: INSERT INTO `ewshop_sms` (`mobile`,`content`,`create_time`,`group`) VALUES ('15811585828','您的短信验证码为：4209，有效期一小时。【翔傲元】','1514344120','1') [ RunTime:0.0001s ]

[ 2017-12-27T11:08:53+08:00 ] 223.104.3.187 /pay.php?s=/Index/bindcard.html
INFO: [ app_begin ] --START--
INFO: Run Behavior\ReadHtmlCacheBehavior [ RunTime:0.000019s ]
INFO: [ app_begin ] --END-- [ RunTime:0.000049s ]
NOTIC: [8] A session had already been started - ignoring session_start() /home/wwwroot/newduobao/ThinkPHP/Common/functions.php 第 1243 行.
SQL: SHOW COLUMNS FROM `ewshop_account` [ RunTime:0.0006s ]
SQL: SELECT * FROM `ewshop_account` WHERE ( card_no = 6222020200102813215 ) LIMIT 1   [ RunTime:0.0002s ]
INFO: [ view_parse ] --START--
INFO: [ template_filter ] --START--
INFO: Run Behavior\ContentReplaceBehavior [ RunTime:0.000033s ]
INFO: [ template_filter ] --END-- [ RunTime:0.000050s ]
INFO: Run Behavior\ParseTemplateBehavior [ RunTime:0.000981s ]
INFO: [ view_parse ] --END-- [ RunTime:0.001000s ]
INFO: [ view_filter ] --START--
INFO: Run Behavior\WriteHtmlCacheBehavior [ RunTime:0.000028s ]
INFO: [ view_filter ] --END-- [ RunTime:0.000037s ]

[ 2017-12-27T11:09:23+08:00 ] 223.104.3.187 /pay.php
INFO: [ app_begin ] --START--
INFO: Run Behavior\ReadHtmlCacheBehavior [ RunTime:0.000015s ]
INFO: [ app_begin ] --END-- [ RunTime:0.000038s ]
NOTIC: [8] A session had already been started - ignoring session_start() /home/wwwroot/newduobao/ThinkPHP/Common/functions.php 第 1243 行.
SQL: SHOW COLUMNS FROM `ewshop_win_exchange` [ RunTime:0.0006s ]
SQL: SELECT `goods_id` FROM `ewshop_win_exchange` WHERE `uid` = '3' AND `is_exchange` = 0 AND `exchange_number` <> ''  [ RunTime:0.0003s ]
SQL: SELECT `id`,`uid`,`order_id`,`goods_id`,`exchange_number`,`buy_num` FROM `ewshop_win_exchange` WHERE `uid` = '3' AND `is_exchange` = 0 AND `exchange_number` <> ''  [ RunTime:0.0002s ]
NOTIC: [8] Undefined variable: shiji /home/wwwroot/newduobao/Ewshop/Pay/Controller/IndexController.class.php 第 94 行.
NOTIC: [8] Undefined variable: arrcode /home/wwwroot/newduobao/Ewshop/Pay/Controller/IndexController.class.php 第 94 行.
NOTIC: [8] Undefined variable: ex_tot /home/wwwroot/newduobao/Ewshop/Pay/Controller/IndexController.class.php 第 94 行.
SQL: SHOW COLUMNS FROM `ewshop_account` [ RunTime:0.0004s ]
SQL: SELECT `id`,`card_no`,`bankname`,`username` FROM `ewshop_account` WHERE ( uid = 3 )  [ RunTime:0.0002s ]
SQL: SELECT * FROM `ewshop_account` WHERE `defaultcard` = 1 AND `uid` = '3' LIMIT 1   [ RunTime:0.0002s ]
INFO: [ view_parse ] --START--
INFO: [ template_filter ] --START--
INFO: Run Behavior\ContentReplaceBehavior [ RunTime:0.000059s ]
INFO: [ template_filter ] --END-- [ RunTime:0.000076s ]
NOTIC: [8] Use of undefined constant docharge - assumed 'docharge' /home/wwwroot/newduobao/Runtime/Cache/Pay/95c1bf19b4470fd2052f7770db407959.php 第 15 行.
INFO: Run Behavior\ParseTemplateBehavior [ RunTime:0.001458s ]
INFO: [ view_parse ] --END-- [ RunTime:0.001474s ]
INFO: [ view_filter ] --START--
INFO: Run Behavior\WriteHtmlCacheBehavior [ RunTime:0.000019s ]
INFO: [ view_filter ] --END-- [ RunTime:0.000028s ]
INFO: [ app_end ] --START--
INFO: Run Behavior\ShowPageTraceBehavior [ RunTime:0.000014s ]
INFO: [ app_end ] --END-- [ RunTime:0.000022s ]

[ 2017-12-27T11:38:32+08:00 ] 220.249.55.206 /pay.php?s=/index/cardlist
INFO: [ app_begin ] --START--
INFO: Run Behavior\ReadHtmlCacheBehavior [ RunTime:0.000026s ]
INFO: [ app_begin ] --END-- [ RunTime:0.000065s ]
NOTIC: [8] A session had already been started - ignoring session_start() /home/wwwroot/newduobao/ThinkPHP/Common/functions.php 第 1243 行.
SQL: SHOW COLUMNS FROM `ewshop_account` [ RunTime:0.0006s ]
SQL: SELECT `id`,`card_no`,`bankname` FROM `ewshop_account` WHERE ( status=1 and uid =2 )  [ RunTime:0.0003s ]
INFO: [ view_parse ] --START--
INFO: [ template_filter ] --START--
INFO: Run Behavior\ContentReplaceBehavior [ RunTime:0.000064s ]
INFO: [ template_filter ] --END-- [ RunTime:0.000081s ]
INFO: Run Behavior\ParseTemplateBehavior [ RunTime:0.001507s ]
INFO: [ view_parse ] --END-- [ RunTime:0.001525s ]
INFO: [ view_filter ] --START--
INFO: Run Behavior\WriteHtmlCacheBehavior [ RunTime:0.000020s ]
INFO: [ view_filter ] --END-- [ RunTime:0.000029s ]
INFO: [ app_end ] --START--
INFO: Run Behavior\ShowPageTraceBehavior [ RunTime:0.000014s ]
INFO: [ app_end ] --END-- [ RunTime:0.000024s ]

[ 2017-12-27T11:38:36+08:00 ] 220.249.55.206 /pay.php?s=/Index/updatebank.html
INFO: [ app_begin ] --START--
INFO: Run Behavior\ReadHtmlCacheBehavior [ RunTime:0.000019s ]
INFO: [ app_begin ] --END-- [ RunTime:0.000052s ]
NOTIC: [8] A session had already been started - ignoring session_start() /home/wwwroot/newduobao/ThinkPHP/Common/functions.php 第 1243 行.
SQL: SHOW COLUMNS FROM `ewshop_account` [ RunTime:0.0007s ]
SQL: UPDATE `ewshop_account` SET `status`='2' WHERE ( id =1 ) [ RunTime:0.0034s ]

[ 2017-12-27T11:38:40+08:00 ] 220.249.55.206 /pay.php?s=/index/cardlist
INFO: [ app_begin ] --START--
INFO: Run Behavior\ReadHtmlCacheBehavior [ RunTime:0.000038s ]
INFO: [ app_begin ] --END-- [ RunTime:0.000069s ]
NOTIC: [8] A session had already been started - ignoring session_start() /home/wwwroot/newduobao/ThinkPHP/Common/functions.php 第 1243 行.
SQL: SHOW COLUMNS FROM `ewshop_account` [ RunTime:0.0007s ]
SQL: SELECT `id`,`card_no`,`bankname` FROM `ewshop_account` WHERE ( status=1 and uid =2 )  [ RunTime:0.0003s ]
INFO: [ view_parse ] --START--
INFO: [ template_filter ] --START--
INFO: Run Behavior\ContentReplaceBehavior [ RunTime:0.000066s ]
INFO: [ template_filter ] --END-- [ RunTime:0.000084s ]
INFO: Run Behavior\ParseTemplateBehavior [ RunTime:0.001619s ]
INFO: [ view_parse ] --END-- [ RunTime:0.001637s ]
INFO: [ view_filter ] --START--
INFO: Run Behavior\WriteHtmlCacheBehavior [ RunTime:0.000026s ]
INFO: [ view_filter ] --END-- [ RunTime:0.000036s ]
INFO: [ app_end ] --START--
INFO: Run Behavior\ShowPageTraceBehavior [ RunTime:0.000019s ]
INFO: [ app_end ] --END-- [ RunTime:0.000028s ]

[ 2017-12-27T11:38:51+08:00 ] 220.249.55.206 /pay.php?s=/index/cardlist
INFO: [ app_begin ] --START--
INFO: Run Behavior\ReadHtmlCacheBehavior [ RunTime:0.000026s ]
INFO: [ app_begin ] --END-- [ RunTime:0.000057s ]
NOTIC: [8] A session had already been started - ignoring session_start() /home/wwwroot/newduobao/ThinkPHP/Common/functions.php 第 1243 行.
SQL: SHOW COLUMNS FROM `ewshop_account` [ RunTime:0.0006s ]
SQL: SELECT `id`,`card_no`,`bankname` FROM `ewshop_account` WHERE ( status=1 and uid =2 )  [ RunTime:0.0002s ]
INFO: [ view_parse ] --START--
INFO: [ template_filter ] --START--
INFO: Run Behavior\ContentReplaceBehavior [ RunTime:0.000064s ]
INFO: [ template_filter ] --END-- [ RunTime:0.000082s ]
INFO: Run Behavior\ParseTemplateBehavior [ RunTime:0.001565s ]
INFO: [ view_parse ] --END-- [ RunTime:0.001583s ]
INFO: [ view_filter ] --START--
INFO: Run Behavior\WriteHtmlCacheBehavior [ RunTime:0.000026s ]
INFO: [ view_filter ] --END-- [ RunTime:0.000035s ]
INFO: [ app_end ] --START--
INFO: Run Behavior\ShowPageTraceBehavior [ RunTime:0.000022s ]
INFO: [ app_end ] --END-- [ RunTime:0.000035s ]

[ 2017-12-27T11:39:14+08:00 ] 220.249.55.206 /pay.php?s=/index/cardlist
INFO: [ app_begin ] --START--
INFO: Run Behavior\ReadHtmlCacheBehavior [ RunTime:0.000016s ]
INFO: [ app_begin ] --END-- [ RunTime:0.000039s ]
NOTIC: [8] A session had already been started - ignoring session_start() /home/wwwroot/newduobao/ThinkPHP/Common/functions.php 第 1243 行.
SQL: SHOW COLUMNS FROM `ewshop_account` [ RunTime:0.0006s ]
SQL: SELECT `id`,`card_no`,`bankname` FROM `ewshop_account` WHERE ( status=1 and uid =2 )  [ RunTime:0.0003s ]
INFO: [ view_parse ] --START--
INFO: [ template_filter ] --START--
INFO: Run Behavior\ContentReplaceBehavior [ RunTime:0.000062s ]
INFO: [ template_filter ] --END-- [ RunTime:0.000081s ]
INFO: Run Behavior\ParseTemplateBehavior [ RunTime:0.001512s ]
INFO: [ view_parse ] --END-- [ RunTime:0.001530s ]
INFO: [ view_filter ] --START--
INFO: Run Behavior\WriteHtmlCacheBehavior [ RunTime:0.000020s ]
INFO: [ view_filter ] --END-- [ RunTime:0.000029s ]
INFO: [ app_end ] --START--
INFO: Run Behavior\ShowPageTraceBehavior [ RunTime:0.000013s ]
INFO: [ app_end ] --END-- [ RunTime:0.000023s ]

[ 2017-12-27T11:39:22+08:00 ] 220.249.55.206 /pay.php?s=/Index/updatebank.html
INFO: [ app_begin ] --START--
INFO: Run Behavior\ReadHtmlCacheBehavior [ RunTime:0.000024s ]
INFO: [ app_begin ] --END-- [ RunTime:0.000064s ]
NOTIC: [8] A session had already been started - ignoring session_start() /home/wwwroot/newduobao/ThinkPHP/Common/functions.php 第 1243 行.
SQL: SHOW COLUMNS FROM `ewshop_account` [ RunTime:0.0008s ]
SQL: UPDATE `ewshop_account` SET `defaultcard`='0' WHERE ( uid = 2 and id !=1 ) [ RunTime:0.0004s ]
SQL: UPDATE `ewshop_account` SET `defaultcard`='1' WHERE ( id =1 ) [ RunTime:0.0036s ]

[ 2017-12-27T11:39:38+08:00 ] 220.249.55.206 /pay.php?s=/Index/bindcard.html
INFO: [ app_begin ] --START--
INFO: Run Behavior\ReadHtmlCacheBehavior [ RunTime:0.000021s ]
INFO: [ app_begin ] --END-- [ RunTime:0.000052s ]
NOTIC: [8] A session had already been started - ignoring session_start() /home/wwwroot/newduobao/ThinkPHP/Common/functions.php 第 1243 行.
INFO: [ view_parse ] --START--
INFO: [ template_filter ] --START--
INFO: Run Behavior\ContentReplaceBehavior [ RunTime:0.000062s ]
INFO: [ template_filter ] --END-- [ RunTime:0.000080s ]
NOTIC: [8] Use of undefined constant bindcard - assumed 'bindcard' /home/wwwroot/newduobao/Runtime/Cache/Pay/d8e6cb1278fc83e8d900ae234366561d.php 第 14 行.
INFO: Run Behavior\ParseTemplateBehavior [ RunTime:0.001296s ]
INFO: [ view_parse ] --END-- [ RunTime:0.001312s ]
INFO: [ view_filter ] --START--
INFO: Run Behavior\WriteHtmlCacheBehavior [ RunTime:0.000027s ]
INFO: [ view_filter ] --END-- [ RunTime:0.000036s ]
INFO: [ app_end ] --START--
INFO: Run Behavior\ShowPageTraceBehavior [ RunTime:0.000038s ]
INFO: [ app_end ] --END-- [ RunTime:0.000049s ]

[ 2017-12-27T11:40:18+08:00 ] 220.249.55.206 /pay.php?s=/index/sendcode.html
INFO: [ app_begin ] --START--
INFO: Run Behavior\ReadHtmlCacheBehavior [ RunTime:0.000019s ]
INFO: [ app_begin ] --END-- [ RunTime:0.000049s ]
NOTIC: [8] A session had already been started - ignoring session_start() /home/wwwroot/newduobao/ThinkPHP/Common/functions.php 第 1243 行.
NOTIC: [8] curl_setopt(): CURLOPT_SSL_VERIFYHOST no longer accepts the value 1, value 2 will be used instead /home/wwwroot/newduobao/ThinkPHP/Library/Vendor/Sms/Sms.php 第 82 行.
SQL: SHOW COLUMNS FROM `ewshop_verification` [ RunTime:0.0006s ]
SQL: SHOW COLUMNS FROM `ewshop_member` [ RunTime:0.0005s ]
SQL: INSERT INTO `ewshop_verification` (`mobile`,`create_time`,`status`) VALUES ('18612286779','1514346018','1') [ RunTime:0.0002s ]
SQL: SHOW COLUMNS FROM `ewshop_sms` [ RunTime:0.0004s ]
SQL: INSERT INTO `ewshop_sms` (`mobile`,`content`,`create_time`,`group`) VALUES ('18612286779','您的短信验证码为：2680，有效期一小时。【翔傲元】','1514346018','1') [ RunTime:0.0002s ]

[ 2017-12-27T11:40:31+08:00 ] 220.249.55.206 /pay.php?s=/Index/bindcard.html
INFO: [ app_begin ] --START--
INFO: Run Behavior\ReadHtmlCacheBehavior [ RunTime:0.000020s ]
INFO: [ app_begin ] --END-- [ RunTime:0.000051s ]
NOTIC: [8] A session had already been started - ignoring session_start() /home/wwwroot/newduobao/ThinkPHP/Common/functions.php 第 1243 行.
SQL: SHOW COLUMNS FROM `ewshop_account` [ RunTime:0.0006s ]
SQL: SELECT * FROM `ewshop_account` WHERE ( card_no = 6236879298764556 ) LIMIT 1   [ RunTime:0.0002s ]
SQL: INSERT INTO `ewshop_account` (`card_no`,`uid`,`username`,`idcard`,`mobile`,`ctime`,`bankname`,`defaultcard`) VALUES ('6236879298764556','2','李立军','北京','18612286779','1514346031','招商银行','1') [ RunTime:0.0031s ]
NOTIC: [8] Undefined variable: ret /home/wwwroot/newduobao/Ewshop/Pay/Controller/IndexController.class.php 第 266 行.
NOTIC: [8] Undefined variable: ret /home/wwwroot/newduobao/Ewshop/Pay/Controller/IndexController.class.php 第 267 行.
INFO: [ view_parse ] --START--
INFO: [ template_filter ] --START--
INFO: Run Behavior\ContentReplaceBehavior [ RunTime:0.000062s ]
INFO: [ template_filter ] --END-- [ RunTime:0.000080s ]
NOTIC: [8] Use of undefined constant bindcard - assumed 'bindcard' /home/wwwroot/newduobao/Runtime/Cache/Pay/d8e6cb1278fc83e8d900ae234366561d.php 第 14 行.
INFO: Run Behavior\ParseTemplateBehavior [ RunTime:0.001373s ]
INFO: [ view_parse ] --END-- [ RunTime:0.001392s ]
INFO: [ view_filter ] --START--
INFO: Run Behavior\WriteHtmlCacheBehavior [ RunTime:0.000032s ]
INFO: [ view_filter ] --END-- [ RunTime:0.000047s ]
INFO: [ app_end ] --START--
INFO: Run Behavior\ShowPageTraceBehavior [ RunTime:0.000026s ]
INFO: [ app_end ] --END-- [ RunTime:0.000040s ]

[ 2017-12-27T11:40:38+08:00 ] 120.204.17.68 /pay.php?s=/Index/bindcard.html
INFO: [ app_begin ] --START--
INFO: Run Behavior\ReadHtmlCacheBehavior [ RunTime:0.000022s ]
INFO: [ app_begin ] --END-- [ RunTime:0.000055s ]
NOTIC: [8] A session had already been started - ignoring session_start() /home/wwwroot/newduobao/ThinkPHP/Common/functions.php 第 1243 行.
NOTIC: [8] Undefined index: onethink_home /home/wwwroot/newduobao/Ewshop/Pay/Controller/IndexController.class.php 第 36 行.
NOTIC: [8] Undefined index: onethink_admin /home/wwwroot/newduobao/Ewshop/Pay/Controller/IndexController.class.php 第 36 行.

[ 2017-12-27T11:40:38+08:00 ] 120.204.17.68 /pay.php?s=/User/register.html
INFO: [ app_begin ] --START--
INFO: Run Behavior\ReadHtmlCacheBehavior [ RunTime:0.000036s ]
INFO: [ app_begin ] --END-- [ RunTime:0.000144s ]
NOTIC: [8] A session had already been started - ignoring session_start() /home/wwwroot/newduobao/ThinkPHP/Common/functions.php 第 1243 行.
NOTIC: [8] Undefined index: user_brand /home/wwwroot/newduobao/Ewshop/Pay/Controller/ControlController.class.php 第 25 行.
SQL: SHOW COLUMNS FROM `ewshop_menu` [ RunTime:0.0006s ]
SQL: SELECT `id`,`title`,`url` FROM `ewshop_menu` WHERE `pid` = 0 AND `hide` = 0 AND `is_dev` = 0 ORDER BY sort asc  [ RunTime:0.0003s ]
SQL: SELECT `pid` FROM `ewshop_menu` WHERE ( pid !=0 AND url like '%User/register%' ) LIMIT 1   [ RunTime:0.0006s ]
INFO: [ view_parse ] --START--
INFO: [ template_filter ] --START--
INFO: Run Behavior\ContentReplaceBehavior [ RunTime:0.000064s ]
INFO: [ template_filter ] --END-- [ RunTime:0.000082s ]
INFO: Run Behavior\ParseTemplateBehavior [ RunTime:0.001160s ]
INFO: [ view_parse ] --END-- [ RunTime:0.001179s ]
INFO: [ view_filter ] --START--
INFO: Run Behavior\WriteHtmlCacheBehavior [ RunTime:0.000030s ]
INFO: [ view_filter ] --END-- [ RunTime:0.000040s ]
INFO: [ app_end ] --START--
INFO: Run Behavior\ShowPageTraceBehavior [ RunTime:0.000018s ]
INFO: [ app_end ] --END-- [ RunTime:0.000028s ]

[ 2017-12-27T11:40:43+08:00 ] 220.249.55.206 /pay.php?s=/index/cardlist
INFO: [ app_begin ] --START--
INFO: Run Behavior\ReadHtmlCacheBehavior [ RunTime:0.000016s ]
INFO: [ app_begin ] --END-- [ RunTime:0.000038s ]
NOTIC: [8] A session had already been started - ignoring session_start() /home/wwwroot/newduobao/ThinkPHP/Common/functions.php 第 1243 行.
SQL: SHOW COLUMNS FROM `ewshop_account` [ RunTime:0.0006s ]
SQL: SELECT `id`,`card_no`,`bankname` FROM `ewshop_account` WHERE ( status=1 and uid =2 )  [ RunTime:0.0003s ]
INFO: [ view_parse ] --START--
INFO: [ template_filter ] --START--
INFO: Run Behavior\ContentReplaceBehavior [ RunTime:0.000063s ]
INFO: [ template_filter ] --END-- [ RunTime:0.000082s ]
INFO: Run Behavior\ParseTemplateBehavior [ RunTime:0.001544s ]
INFO: [ view_parse ] --END-- [ RunTime:0.001563s ]
INFO: [ view_filter ] --START--
INFO: Run Behavior\WriteHtmlCacheBehavior [ RunTime:0.000022s ]
INFO: [ view_filter ] --END-- [ RunTime:0.000031s ]
INFO: [ app_end ] --START--
INFO: Run Behavior\ShowPageTraceBehavior [ RunTime:0.000014s ]
INFO: [ app_end ] --END-- [ RunTime:0.000024s ]

[ 2017-12-27T11:46:39+08:00 ] 220.249.55.206 /pay.php?s=/index/cardlist
INFO: [ app_begin ] --START--
INFO: Run Behavior\ReadHtmlCacheBehavior [ RunTime:0.000017s ]
INFO: [ app_begin ] --END-- [ RunTime:0.000072s ]
NOTIC: [8] A session had already been started - ignoring session_start() /home/wwwroot/newduobao/ThinkPHP/Common/functions.php 第 1243 行.
SQL: SHOW COLUMNS FROM `ewshop_account` [ RunTime:0.0029s ]
SQL: SELECT `id`,`card_no`,`bankname` FROM `ewshop_account` WHERE ( status=1 and uid =2 )  [ RunTime:0.0003s ]
INFO: [ view_parse ] --START--
INFO: [ template_filter ] --START--
INFO: Run Behavior\ContentReplaceBehavior [ RunTime:0.000071s ]
INFO: [ template_filter ] --END-- [ RunTime:0.000094s ]
INFO: Run Behavior\ParseTemplateBehavior [ RunTime:0.001730s ]
INFO: [ view_parse ] --END-- [ RunTime:0.001751s ]
INFO: [ view_filter ] --START--
INFO: Run Behavior\WriteHtmlCacheBehavior [ RunTime:0.000022s ]
INFO: [ view_filter ] --END-- [ RunTime:0.000031s ]
INFO: [ app_end ] --START--
INFO: Run Behavior\ShowPageTraceBehavior [ RunTime:0.000016s ]
INFO: [ app_end ] --END-- [ RunTime:0.000026s ]

[ 2017-12-27T11:46:43+08:00 ] 220.249.55.206 /pay.php?s=/index/cardlist
INFO: [ app_begin ] --START--
INFO: Run Behavior\ReadHtmlCacheBehavior [ RunTime:0.000021s ]
INFO: [ app_begin ] --END-- [ RunTime:0.000051s ]
NOTIC: [8] A session had already been started - ignoring session_start() /home/wwwroot/newduobao/ThinkPHP/Common/functions.php 第 1243 行.
SQL: SHOW COLUMNS FROM `ewshop_account` [ RunTime:0.0007s ]
SQL: SELECT `id`,`card_no`,`bankname` FROM `ewshop_account` WHERE ( status=1 and uid =2 )  [ RunTime:0.0003s ]
INFO: [ view_parse ] --START--
INFO: [ template_filter ] --START--
INFO: Run Behavior\ContentReplaceBehavior [ RunTime:0.000064s ]
INFO: [ template_filter ] --END-- [ RunTime:0.000084s ]
INFO: Run Behavior\ParseTemplateBehavior [ RunTime:0.001740s ]
INFO: [ view_parse ] --END-- [ RunTime:0.001759s ]
INFO: [ view_filter ] --START--
INFO: Run Behavior\WriteHtmlCacheBehavior [ RunTime:0.000026s ]
INFO: [ view_filter ] --END-- [ RunTime:0.000035s ]
INFO: [ app_end ] --START--
INFO: Run Behavior\ShowPageTraceBehavior [ RunTime:0.000019s ]
INFO: [ app_end ] --END-- [ RunTime:0.000028s ]

[ 2017-12-27T11:46:45+08:00 ] 220.249.55.206 /pay.php?s=/index/cardlist
INFO: [ app_begin ] --START--
INFO: Run Behavior\ReadHtmlCacheBehavior [ RunTime:0.000017s ]
INFO: [ app_begin ] --END-- [ RunTime:0.000043s ]
NOTIC: [8] A session had already been started - ignoring session_start() /home/wwwroot/newduobao/ThinkPHP/Common/functions.php 第 1243 行.
SQL: SHOW COLUMNS FROM `ewshop_account` [ RunTime:0.0011s ]
SQL: SELECT `id`,`card_no`,`bankname` FROM `ewshop_account` WHERE ( status=1 and uid =2 )  [ RunTime:0.0003s ]
INFO: [ view_parse ] --START--
INFO: [ template_filter ] --START--
INFO: Run Behavior\ContentReplaceBehavior [ RunTime:0.000063s ]
INFO: [ template_filter ] --END-- [ RunTime:0.000082s ]
INFO: Run Behavior\ParseTemplateBehavior [ RunTime:0.001608s ]
INFO: [ view_parse ] --END-- [ RunTime:0.001631s ]
INFO: [ view_filter ] --START--
INFO: Run Behavior\WriteHtmlCacheBehavior [ RunTime:0.000020s ]
INFO: [ view_filter ] --END-- [ RunTime:0.000029s ]
INFO: [ app_end ] --START--
INFO: Run Behavior\ShowPageTraceBehavior [ RunTime:0.000015s ]
INFO: [ app_end ] --END-- [ RunTime:0.000023s ]

[ 2017-12-27T11:47:55+08:00 ] 220.249.55.206 /pay.php?s=/index/cardlist
INFO: [ app_begin ] --START--
INFO: Run Behavior\ReadHtmlCacheBehavior [ RunTime:0.000020s ]
INFO: [ app_begin ] --END-- [ RunTime:0.000051s ]
NOTIC: [8] A session had already been started - ignoring session_start() /home/wwwroot/newduobao/ThinkPHP/Common/functions.php 第 1243 行.
SQL: SHOW COLUMNS FROM `ewshop_account` [ RunTime:0.0006s ]
SQL: SELECT `id`,`card_no`,`bankname` FROM `ewshop_account` WHERE ( status=1 and uid =2 )  [ RunTime:0.0003s ]
INFO: [ view_parse ] --START--
INFO: [ template_filter ] --START--
INFO: Run Behavior\ContentReplaceBehavior [ RunTime:0.000064s ]
INFO: [ template_filter ] --END-- [ RunTime:0.000083s ]
INFO: Run Behavior\ParseTemplateBehavior [ RunTime:0.001608s ]
INFO: [ view_parse ] --END-- [ RunTime:0.001628s ]
INFO: [ view_filter ] --START--
INFO: Run Behavior\WriteHtmlCacheBehavior [ RunTime:0.000026s ]
INFO: [ view_filter ] --END-- [ RunTime:0.000036s ]
INFO: [ app_end ] --START--
INFO: Run Behavior\ShowPageTraceBehavior [ RunTime:0.000021s ]
INFO: [ app_end ] --END-- [ RunTime:0.000033s ]

[ 2017-12-27T11:47:57+08:00 ] 220.249.55.206 /pay.php?s=/index/cardlist
INFO: [ app_begin ] --START--
INFO: Run Behavior\ReadHtmlCacheBehavior [ RunTime:0.000021s ]
INFO: [ app_begin ] --END-- [ RunTime:0.000051s ]
NOTIC: [8] A session had already been started - ignoring session_start() /home/wwwroot/newduobao/ThinkPHP/Common/functions.php 第 1243 行.
SQL: SHOW COLUMNS FROM `ewshop_account` [ RunTime:0.0007s ]
SQL: SELECT `id`,`card_no`,`bankname` FROM `ewshop_account` WHERE ( status=1 and uid =2 )  [ RunTime:0.0003s ]
INFO: [ view_parse ] --START--
INFO: [ template_filter ] --START--
INFO: Run Behavior\ContentReplaceBehavior [ RunTime:0.000062s ]
INFO: [ template_filter ] --END-- [ RunTime:0.000082s ]
INFO: Run Behavior\ParseTemplateBehavior [ RunTime:0.001648s ]
INFO: [ view_parse ] --END-- [ RunTime:0.001672s ]
INFO: [ view_filter ] --START--
INFO: Run Behavior\WriteHtmlCacheBehavior [ RunTime:0.000022s ]
INFO: [ view_filter ] --END-- [ RunTime:0.000031s ]
INFO: [ app_end ] --START--
INFO: Run Behavior\ShowPageTraceBehavior [ RunTime:0.000013s ]
INFO: [ app_end ] --END-- [ RunTime:0.000022s ]

[ 2017-12-27T12:21:21+08:00 ] 123.151.77.123 /pay.php
INFO: [ app_begin ] --START--
INFO: Run Behavior\ReadHtmlCacheBehavior [ RunTime:0.000022s ]
INFO: [ app_begin ] --END-- [ RunTime:0.000054s ]
NOTIC: [8] A session had already been started - ignoring session_start() /home/wwwroot/newduobao/ThinkPHP/Common/functions.php 第 1243 行.
SQL: SHOW COLUMNS FROM `ewshop_win_exchange` [ RunTime:0.0021s ]
SQL: SELECT `goods_id` FROM `ewshop_win_exchange` WHERE `uid` = '6' AND `is_exchange` = 0 AND `exchange_number` <> ''  [ RunTime:0.0003s ]
SQL: SELECT `id`,`uid`,`order_id`,`goods_id`,`exchange_number`,`buy_num` FROM `ewshop_win_exchange` WHERE `uid` = '6' AND `is_exchange` = 0 AND `exchange_number` <> ''  [ RunTime:0.0002s ]
NOTIC: [8] Undefined variable: shiji /home/wwwroot/newduobao/Ewshop/Pay/Controller/IndexController.class.php 第 94 行.
NOTIC: [8] Undefined variable: arrcode /home/wwwroot/newduobao/Ewshop/Pay/Controller/IndexController.class.php 第 94 行.
NOTIC: [8] Undefined variable: ex_tot /home/wwwroot/newduobao/Ewshop/Pay/Controller/IndexController.class.php 第 94 行.
SQL: SHOW COLUMNS FROM `ewshop_account` [ RunTime:0.0004s ]
SQL: SELECT `id`,`card_no`,`bankname`,`username` FROM `ewshop_account` WHERE ( uid = 6 )  [ RunTime:0.0002s ]
SQL: SELECT * FROM `ewshop_account` WHERE `defaultcard` = 1 AND `uid` = '6' LIMIT 1   [ RunTime:0.0002s ]
INFO: [ view_parse ] --START--
INFO: [ template_filter ] --START--
INFO: Run Behavior\ContentReplaceBehavior [ RunTime:0.000074s ]
INFO: [ template_filter ] --END-- [ RunTime:0.000105s ]
NOTIC: [8] Use of undefined constant docharge - assumed 'docharge' /home/wwwroot/newduobao/Runtime/Cache/Pay/95c1bf19b4470fd2052f7770db407959.php 第 15 行.
INFO: Run Behavior\ParseTemplateBehavior [ RunTime:0.001847s ]
INFO: [ view_parse ] --END-- [ RunTime:0.001868s ]
INFO: [ view_filter ] --START--
INFO: Run Behavior\WriteHtmlCacheBehavior [ RunTime:0.000029s ]
INFO: [ view_filter ] --END-- [ RunTime:0.000039s ]
INFO: [ app_end ] --START--
INFO: Run Behavior\ShowPageTraceBehavior [ RunTime:0.000019s ]
INFO: [ app_end ] --END-- [ RunTime:0.000029s ]

